#
# A fatal error has been detected by the Java Runtime Environment:
#
#  EXCEPTION_ACCESS_VIOLATION (0xc0000005) at pc=0x00007ffbeed68e19, pid=5960, tid=13264
#
# JRE version: OpenJDK Runtime Environment Temurin-17.0.3+7 (17.0.3+7) (build 17.0.3+7)
# Java VM: OpenJDK 64-Bit Server VM Temurin-17.0.3+7 (17.0.3+7, mixed mode, sharing, tiered, compressed oops, compressed class ptrs, g1 gc, windows-amd64)
# Problematic frame:
# C  [nvoglv64.dll+0xcb8e19]
#
# No core dump will be written. Minidumps are not enabled by default on client versions of Windows
#
# If you would like to submit a bug report, please visit:
#   https://github.com/adoptium/adoptium-support/issues
# The crash happened outside the Java Virtual Machine in native code.
# See problematic frame for where to report the bug.
#

---------------  S U M M A R Y ------------

Command Line: -javaagent:C:\Program Files\JetBrains\IntelliJ IDEA 2023.3.1\lib\idea_rt.jar=54791:C:\Program Files\JetBrains\IntelliJ IDEA 2023.3.1\bin -Dfile.encoding=UTF-8 Client.Main --stacktrace --info

Host: 12th Gen Intel(R) Core(TM) i7-12700K, 20 cores, 15G,  Windows 11 , 64 bit Build 22621 (10.0.22621.3235)
Time: Sat Apr  6 17:00:10 2024  Windows 11 , 64 bit Build 22621 (10.0.22621.3235) elapsed time: 46.673234 seconds (0d 0h 0m 46s)

---------------  T H R E A D  ---------------

Current thread (0x0000011f121e1650):  JavaThread "Thread-1" daemon [_thread_in_native, id=13264, stack(0x0000001a04d00000,0x0000001a04e00000)]

Stack: [0x0000001a04d00000,0x0000001a04e00000],  sp=0x0000001a04dfedd0,  free space=1019k
Native frames: (J=compiled Java code, j=interpreted, Vv=VM code, C=native code)
C  [nvoglv64.dll+0xcb8e19]

Java frames: (J=compiled Java code, j=interpreted, Vv=VM code)
J 2261  org.lwjgl.opengl.GL11C.nglDrawElements(IIIJ)V (0 bytes) @ 0x0000011f70ccc6f6 [0x0000011f70ccc6a0+0x0000000000000056]
J 2260 c1 org.lwjgl.opengl.GL11C.glDrawElements(IIIJ)V (8 bytes) @ 0x0000011f69c1286c [0x0000011f69c12820+0x000000000000004c]
J 2259 c1 org.lwjgl.opengl.GL11.glDrawElements(IIIJ)V (8 bytes) @ 0x0000011f69c10dec [0x0000011f69c10da0+0x000000000000004c]
J 2306 c1 Renderer.GameSceneRenderer.render(Ljava/util/ArrayList;)V (235 bytes) @ 0x0000011f69c2457c [0x0000011f69c23a80+0x0000000000000afc]
j  Renderer.GameSceneRenderer.loop()V+69
j  Renderer.GameSceneRenderer.run()V+17
v  ~StubRoutines::call_stub

siginfo: EXCEPTION_ACCESS_VIOLATION (0xc0000005), reading address 0x0000000000000014


Register to memory mapping:

RIP=0x00007ffbeed68e19 nvoglv64.dll
RAX=0x0000000668e8dcae is an unknown value
RBX=0x0000000000000001 is an unknown value
RCX=0x0 is NULL
RDX=0x000000402193ade3 is an unknown value
RSP=0x0000001a04dfedd0 is pointing into the stack for thread: 0x0000011f121e1650
RBP=0x0000000000000006 is an unknown value
RSI=0x0000000000000006 is an unknown value
RDI=0x0000000000001405 is an unknown value
R8 =0x0000000000000006 is an unknown value
R9 =0x0 is NULL
R10=0x0000000000000001 is an unknown value
R11=0xfffffffff784f0ed is an unknown value
R12=0x0000000000000004 is an unknown value
R13=0x0000011f11567080 points into unknown readable memory: 0x0000000000000000 | 00 00 00 00 00 00 00 00
R14=0x0 is NULL
R15=0x0000011f11567e48 points into unknown readable memory: 0x0000000000000004 | 04 00 00 00 00 00 00 00


Registers:
RAX=0x0000000668e8dcae, RBX=0x0000000000000001, RCX=0x0000000000000000, RDX=0x000000402193ade3
RSP=0x0000001a04dfedd0, RBP=0x0000000000000006, RSI=0x0000000000000006, RDI=0x0000000000001405
R8 =0x0000000000000006, R9 =0x0000000000000000, R10=0x0000000000000001, R11=0xfffffffff784f0ed
R12=0x0000000000000004, R13=0x0000011f11567080, R14=0x0000000000000000, R15=0x0000011f11567e48
RIP=0x00007ffbeed68e19, EFLAGS=0x0000000000010246

Top of Stack: (sp=0x0000001a04dfedd0)
0x0000001a04dfedd0:   0000000000000001 00007ffca5641b06
0x0000001a04dfede0:   0000000000000000 0000000000000030
0x0000001a04dfedf0:   00000007128e5f40 0000000000000000
0x0000001a04dfee00:   0000000000000000 00007ffbf6f988f0
0x0000001a04dfee10:   0000000000000030 0000011f08f20d78
0x0000001a04dfee20:   0000011f11567e48 0000000712b54340
0x0000001a04dfee30:   0000011f08f20c78 0000000000000000
0x0000001a04dfee40:   0000000000000000 0000000000000000
0x0000001a04dfee50:   0000001a04dfef80 0000000000001405
0x0000001a04dfee60:   0000000000000004 0000011f11567080
0x0000001a04dfee70:   0000000000000006 0000001a04dfef90
0x0000001a04dfee80:   0000000000000000 00007ffbee9c7806
0x0000001a04dfee90:   0000001a04dfef90 0000000000000004
0x0000001a04dfeea0:   0000000000000000 00007ffb00000000
0x0000001a04dfeeb0:   0000000000000018 0000011f00001405
0x0000001a04dfeec0:   0000000000000000 0000000000000000 

Instructions: (pc=0x00007ffbeed68e19)
0x00007ffbeed68d19:   57 48 83 ec 78 4c 8b b9 f8 02 00 00 4c 8b e9 48
0x00007ffbeed68d29:   63 ac 24 e0 00 00 00 44 8b c2 8b bc 24 e8 00 00
0x00007ffbeed68d39:   00 8b d5 4c 8b b4 24 f0 00 00 00 8b cf 45 8b 57
0x00007ffbeed68d49:   14 41 8b 47 18 41 f7 d2 45 23 57 0c 41 0b c2 d1
0x00007ffbeed68d59:   e9 83 e1 03 4c 89 7c 24 50 d3 e2 f7 d0 41 23 47
0x00007ffbeed68d69:   10 41 80 7f 1e 00 89 94 24 e0 00 00 00 0f 85 64
0x00007ffbeed68d79:   08 00 00 41 80 bd 4c ec 55 00 00 0f 85 56 08 00
0x00007ffbeed68d89:   00 85 ed 0f 8e 4e 08 00 00 41 83 f8 0e 0f 87 44
0x00007ffbeed68d99:   08 00 00 41 3b 95 68 ee 55 00 0f 8f 37 08 00 00
0x00007ffbeed68da9:   41 83 7f 08 00 0f 85 2c 08 00 00 41 80 7f 1d 00
0x00007ffbeed68db9:   0f 85 21 08 00 00 41 80 7f 1c 00 0f 85 16 08 00
0x00007ffbeed68dc9:   00 41 80 bd 55 38 55 00 00 0f 85 08 08 00 00 41
0x00007ffbeed68dd9:   80 bd 5c 38 55 00 00 0f 85 fa 07 00 00 a9 00 00
0x00007ffbeed68de9:   03 00 0f 85 ef 07 00 00 44 0b d0 45 85 57 20 0f
0x00007ffbeed68df9:   85 e2 07 00 00 bb 01 00 00 00 49 8d 8d c0 ef 55
0x00007ffbeed68e09:   00 8b d3 e8 1f 46 e7 ff 81 ff 05 14 00 00 75 18
0x00007ffbeed68e19:   41 8b 44 ae fc 4c 8d 65 ff 41 8b 0e 8b f8 3b c8
0x00007ffbeed68e29:   0f 47 f9 0f 42 c1 eb 5b 81 ff 03 14 00 00 75 24
0x00007ffbeed68e39:   41 0f b7 4c 6e fe 4c 8d 65 ff 41 0f b7 16 0f b7
0x00007ffbeed68e49:   c1 66 3b d1 66 0f 47 c2 66 0f 42 ca 0f b7 f8 0f
0x00007ffbeed68e59:   b7 c1 eb 2f 81 ff 01 14 00 00 0f 85 77 07 00 00
0x00007ffbeed68e69:   42 0f b6 54 35 ff 4c 8d 65 ff 45 0f b6 06 8b ca
0x00007ffbeed68e79:   44 3a c2 41 0f 47 c8 0f b6 f9 8b ca 41 0f 42 c8
0x00007ffbeed68e89:   0f b6 c1 49 8b cf 8d 75 ff 2b f8 e8 47 0b 00 00
0x00007ffbeed68e99:   45 8b 57 78 41 8b c2 0f af c7 44 89 94 24 c0 00
0x00007ffbeed68ea9:   00 00 41 3b 85 6c ee 55 00 0f 8f 21 07 00 00 8b
0x00007ffbeed68eb9:   84 24 e8 00 00 00 0f 29 74 24 60 3d 05 14 00 00
0x00007ffbeed68ec9:   0f 85 f6 00 00 00 45 8b 3e 41 8b ff 49 8d 56 04
0x00007ffbeed68ed9:   3b eb 0f 8e 70 03 00 00 83 fe 08 0f 82 b1 00 00
0x00007ffbeed68ee9:   00 83 3d ff 36 07 02 02 0f 8c a4 00 00 00 81 e6
0x00007ffbeed68ef9:   07 00 00 80 7d 07 ff ce 83 ce f8 ff c6 66 41 0f
0x00007ffbeed68f09:   6e cf 8b c5 66 0f 70 c9 00 2b c6 66 0f 6f d9 66 


Stack slot to memory mapping:
stack at sp + 0 slots: 0x0000000000000001 is an unknown value
stack at sp + 1 slots: 0x00007ffca5641b06 ucrtbase.dll
stack at sp + 2 slots: 0x0 is NULL
stack at sp + 3 slots: 0x0000000000000030 is an unknown value
stack at sp + 4 slots: 0x00000007128e5f40 is an oop: org.lwjgl.PointerBuffer 
{0x00000007128e5f40} - klass: 'org/lwjgl/PointerBuffer'
 - ---- fields (total size 5 words):
 - protected 'address' 'J' @16  1232959881376 (1222c0a0 11f)
 - protected 'mark' 'I' @12  -1 (ffffffff)
 - protected 'position' 'I' @24  0
 - protected 'limit' 'I' @28  2228 (8b4)
 - protected 'capacity' 'I' @32  2228 (8b4)
 - protected 'container' 'Ljava/nio/ByteBuffer;' @36  a 'java/nio/DirectByteBuffer'{0x00000007128e5eb8} (e251cbd7)
stack at sp + 5 slots: 0x0 is NULL
stack at sp + 6 slots: 0x0 is NULL
stack at sp + 7 slots: 0x00007ffbf6f988f0 jvm.dll


---------------  P R O C E S S  ---------------

Threads class SMR info:
_java_thread_list=0x0000011f12252720, length=33, elements={
0x0000011f615b18b0, 0x0000011f7f544d50, 0x0000011f7f545ad0, 0x0000011f7f55c5a0,
0x0000011f7f55d060, 0x0000011f7f55db20, 0x0000011f7f5604f0, 0x0000011f7f5625a0,
0x0000011f7f566f70, 0x0000011f7f56cd80, 0x0000011f7e85bd20, 0x0000011f7f8ef500,
0x0000011f7f8699e0, 0x0000011f06f4a040, 0x0000011f06ca8020, 0x0000011f06ca84f0,
0x0000011f07024d00, 0x0000011f07078ae0, 0x0000011f07036970, 0x0000011f070364a0,
0x0000011f07035160, 0x0000011f07037cb0, 0x0000011f070347c0, 0x0000011f070342f0,
0x0000011f07035630, 0x0000011f07037310, 0x0000011f07034c90, 0x0000011f070377e0,
0x0000011f07035fd0, 0x0000011f121e2990, 0x0000011f121df970, 0x0000011f121e4b40,
0x0000011f121e1650
}

Java Threads: ( => current thread )
  0x0000011f615b18b0 JavaThread "main" [_thread_in_native, id=22720, stack(0x0000001a03c00000,0x0000001a03d00000)]
  0x0000011f7f544d50 JavaThread "Reference Handler" daemon [_thread_blocked, id=10012, stack(0x0000001a04300000,0x0000001a04400000)]
  0x0000011f7f545ad0 JavaThread "Finalizer" daemon [_thread_blocked, id=1884, stack(0x0000001a04400000,0x0000001a04500000)]
  0x0000011f7f55c5a0 JavaThread "Signal Dispatcher" daemon [_thread_blocked, id=14224, stack(0x0000001a04500000,0x0000001a04600000)]
  0x0000011f7f55d060 JavaThread "Attach Listener" daemon [_thread_blocked, id=21912, stack(0x0000001a04600000,0x0000001a04700000)]
  0x0000011f7f55db20 JavaThread "Service Thread" daemon [_thread_blocked, id=22616, stack(0x0000001a04700000,0x0000001a04800000)]
  0x0000011f7f5604f0 JavaThread "Monitor Deflation Thread" daemon [_thread_blocked, id=22404, stack(0x0000001a04800000,0x0000001a04900000)]
  0x0000011f7f5625a0 JavaThread "C2 CompilerThread0" daemon [_thread_blocked, id=11392, stack(0x0000001a04900000,0x0000001a04a00000)]
  0x0000011f7f566f70 JavaThread "C1 CompilerThread0" daemon [_thread_blocked, id=12064, stack(0x0000001a04a00000,0x0000001a04b00000)]
  0x0000011f7f56cd80 JavaThread "Sweeper thread" daemon [_thread_blocked, id=18892, stack(0x0000001a04b00000,0x0000001a04c00000)]
  0x0000011f7e85bd20 JavaThread "Common-Cleaner" daemon [_thread_blocked, id=8356, stack(0x0000001a04c00000,0x0000001a04d00000)]
  0x0000011f7f8ef500 JavaThread "Monitor Ctrl-Break" daemon [_thread_in_native, id=14180, stack(0x0000001a05100000,0x0000001a05200000)]
  0x0000011f7f8699e0 JavaThread "Notification Thread" daemon [_thread_blocked, id=8560, stack(0x0000001a05200000,0x0000001a05300000)]
  0x0000011f06f4a040 JavaThread "Grizzly(1) SelectorRunner" daemon [_thread_in_native, id=13676, stack(0x0000001a05400000,0x0000001a05500000)]
  0x0000011f06ca8020 JavaThread "Grizzly(1)" daemon [_thread_blocked, id=5404, stack(0x0000001a05500000,0x0000001a05600000)]
  0x0000011f06ca84f0 JavaThread "Grizzly(2)" daemon [_thread_blocked, id=1716, stack(0x0000001a05600000,0x0000001a05700000)]
  0x0000011f07024d00 JavaThread "tyrus-1-thread-1" daemon [_thread_blocked, id=20412, stack(0x0000001a05900000,0x0000001a05a00000)]
  0x0000011f07078ae0 JavaThread "Java2D Disposer" daemon [_thread_blocked, id=19236, stack(0x0000001a05a00000,0x0000001a05b00000)]
  0x0000011f07036970 JavaThread "AWT-Shutdown" [_thread_blocked, id=14348, stack(0x0000001a05b00000,0x0000001a05c00000)]
  0x0000011f070364a0 JavaThread "AWT-Windows" daemon [_thread_in_native, id=15312, stack(0x0000001a06500000,0x0000001a06600000)]
  0x0000011f07035160 JavaThread "AWT-EventQueue-0" [_thread_blocked, id=14532, stack(0x0000001a05000000,0x0000001a05100000)]
  0x0000011f07037cb0 JavaThread "D3D Screen Updater" daemon [_thread_blocked, id=9064, stack(0x0000001a06a00000,0x0000001a06b00000)]
  0x0000011f070347c0 JavaThread "tyrus-1-thread-2" daemon [_thread_blocked, id=1156, stack(0x0000001a06c10000,0x0000001a06d10000)]
  0x0000011f070342f0 JavaThread "tyrus-1-thread-3" daemon [_thread_blocked, id=21704, stack(0x0000001a06d10000,0x0000001a06e10000)]
  0x0000011f07035630 JavaThread "TimerQueue" daemon [_thread_blocked, id=21792, stack(0x0000001a06b10000,0x0000001a06c10000)]
  0x0000011f07037310 JavaThread "tyrus-1-thread-4" daemon [_thread_blocked, id=2760, stack(0x0000001a04f00000,0x0000001a05000000)]
  0x0000011f07034c90 JavaThread "tyrus-1-thread-5" daemon [_thread_blocked, id=23076, stack(0x0000001a06eb0000,0x0000001a06fb0000)]
  0x0000011f070377e0 JavaThread "tyrus-1-thread-6" daemon [_thread_blocked, id=5192, stack(0x0000001a06fb0000,0x0000001a070b0000)]
  0x0000011f07035fd0 JavaThread "tyrus-1-thread-7" daemon [_thread_blocked, id=2088, stack(0x0000001a075b0000,0x0000001a076b0000)]
  0x0000011f121e2990 JavaThread "tyrus-1-thread-8" daemon [_thread_blocked, id=21224, stack(0x0000001a076b0000,0x0000001a077b0000)]
  0x0000011f121df970 JavaThread "tyrus-1-thread-9" daemon [_thread_blocked, id=20264, stack(0x0000001a077b0000,0x0000001a078b0000)]
  0x0000011f121e4b40 JavaThread "tyrus-1-thread-10" daemon [_thread_blocked, id=18144, stack(0x0000001a078b0000,0x0000001a079b0000)]
=>0x0000011f121e1650 JavaThread "Thread-1" daemon [_thread_in_native, id=13264, stack(0x0000001a04d00000,0x0000001a04e00000)]

Other Threads:
  0x0000011f7f541250 VMThread "VM Thread" [stack: 0x0000001a04200000,0x0000001a04300000] [id=23072]
  0x0000011f7f901d20 WatcherThread [stack: 0x0000001a05300000,0x0000001a05400000] [id=5296]
  0x0000011f6161f7c0 GCTaskThread "GC Thread#0" [stack: 0x0000001a03d00000,0x0000001a03e00000] [id=21864]
  0x0000011f07050f00 GCTaskThread "GC Thread#1" [stack: 0x0000001a05c00000,0x0000001a05d00000] [id=18720]
  0x0000011f070511b0 GCTaskThread "GC Thread#2" [stack: 0x0000001a05d00000,0x0000001a05e00000] [id=7944]
  0x0000011f07051460 GCTaskThread "GC Thread#3" [stack: 0x0000001a05e00000,0x0000001a05f00000] [id=7044]
  0x0000011f070382b0 GCTaskThread "GC Thread#4" [stack: 0x0000001a05f00000,0x0000001a06000000] [id=23332]
  0x0000011f07038560 GCTaskThread "GC Thread#5" [stack: 0x0000001a06000000,0x0000001a06100000] [id=5796]
  0x0000011f07660950 GCTaskThread "GC Thread#6" [stack: 0x0000001a06100000,0x0000001a06200000] [id=7312]
  0x0000011f0765fbe0 GCTaskThread "GC Thread#7" [stack: 0x0000001a06200000,0x0000001a06300000] [id=13496]
  0x0000011f076603f0 GCTaskThread "GC Thread#8" [stack: 0x0000001a06300000,0x0000001a06400000] [id=18632]
  0x0000011f0765f120 GCTaskThread "GC Thread#9" [stack: 0x0000001a06400000,0x0000001a06500000] [id=8564]
  0x0000011f61631400 ConcurrentGCThread "G1 Main Marker" [stack: 0x0000001a03e00000,0x0000001a03f00000] [id=3328]
  0x0000011f61632e20 ConcurrentGCThread "G1 Conc#0" [stack: 0x0000001a03f00000,0x0000001a04000000] [id=9188]
  0x0000011f6166e270 ConcurrentGCThread "G1 Refine#0" [stack: 0x0000001a04000000,0x0000001a04100000] [id=20064]
  0x0000011f6166eba0 ConcurrentGCThread "G1 Service" [stack: 0x0000001a04100000,0x0000001a04200000] [id=21756]

Threads with active compile tasks:

VM state: not at safepoint (normal execution)

VM Mutex/Monitor currently owned by a thread: None

Heap address: 0x0000000703800000, size: 4040 MB, Compressed Oops mode: Zero based, Oop shift amount: 3

CDS archive(s) mapped at: [0x0000000800000000-0x0000000800bc0000-0x0000000800bc0000), size 12320768, SharedBaseAddress: 0x0000000800000000, ArchiveRelocationMode: 0.
Compressed class space mapped at: 0x0000000800c00000-0x0000000840c00000, reserved size: 1073741824
Narrow klass base: 0x0000000800000000, Narrow klass shift: 0, Narrow klass range: 0x100000000

GC Precious Log:
 CPUs: 20 total, 20 available
 Memory: 16157M
 Large Page Support: Disabled
 NUMA Support: Disabled
 Compressed Oops: Enabled (Zero based)
 Heap Region Size: 2M
 Heap Min Capacity: 8M
 Heap Initial Capacity: 254M
 Heap Max Capacity: 4040M
 Pre-touch: Disabled
 Parallel Workers: 15
 Concurrent Workers: 4
 Concurrent Refinement Workers: 15
 Periodic GC: Disabled

Heap:
 garbage-first heap   total 260096K, used 28932K [0x0000000703800000, 0x0000000800000000)
  region size 2048K, 15 young (30720K), 2 survivors (4096K)
 Metaspace       used 18749K, committed 18944K, reserved 1073152K
  class space    used 1998K, committed 2112K, reserved 1048576K

Heap Regions: E=young(eden), S=young(survivor), O=old, HS=humongous(starts), HC=humongous(continues), CS=collection set, F=free, OA=open archive, CA=closed archive, TAMS=top-at-mark-start (previous, next)
|   0|0x0000000703800000, 0x0000000703841000, 0x0000000703a00000| 12%| O|  |TAMS 0x0000000703800000, 0x0000000703800000| Untracked 
|   1|0x0000000703a00000, 0x0000000703a00000, 0x0000000703c00000|  0%| F|  |TAMS 0x0000000703a00000, 0x0000000703a00000| Untracked 
|   2|0x0000000703c00000, 0x0000000703c00000, 0x0000000703e00000|  0%| F|  |TAMS 0x0000000703c00000, 0x0000000703c00000| Untracked 
|   3|0x0000000703e00000, 0x0000000703e00000, 0x0000000704000000|  0%| F|  |TAMS 0x0000000703e00000, 0x0000000703e00000| Untracked 
|   4|0x0000000704000000, 0x0000000704000000, 0x0000000704200000|  0%| F|  |TAMS 0x0000000704000000, 0x0000000704000000| Untracked 
|   5|0x0000000704200000, 0x0000000704200000, 0x0000000704400000|  0%| F|  |TAMS 0x0000000704200000, 0x0000000704200000| Untracked 
|   6|0x0000000704400000, 0x0000000704400000, 0x0000000704600000|  0%| F|  |TAMS 0x0000000704400000, 0x0000000704400000| Untracked 
|   7|0x0000000704600000, 0x0000000704600000, 0x0000000704800000|  0%| F|  |TAMS 0x0000000704600000, 0x0000000704600000| Untracked 
|   8|0x0000000704800000, 0x0000000704800000, 0x0000000704a00000|  0%| F|  |TAMS 0x0000000704800000, 0x0000000704800000| Untracked 
|   9|0x0000000704a00000, 0x0000000704a00000, 0x0000000704c00000|  0%| F|  |TAMS 0x0000000704a00000, 0x0000000704a00000| Untracked 
|  10|0x0000000704c00000, 0x0000000704c00000, 0x0000000704e00000|  0%| F|  |TAMS 0x0000000704c00000, 0x0000000704c00000| Untracked 
|  11|0x0000000704e00000, 0x0000000704e00000, 0x0000000705000000|  0%| F|  |TAMS 0x0000000704e00000, 0x0000000704e00000| Untracked 
|  12|0x0000000705000000, 0x0000000705000000, 0x0000000705200000|  0%| F|  |TAMS 0x0000000705000000, 0x0000000705000000| Untracked 
|  13|0x0000000705200000, 0x0000000705200000, 0x0000000705400000|  0%| F|  |TAMS 0x0000000705200000, 0x0000000705200000| Untracked 
|  14|0x0000000705400000, 0x0000000705400000, 0x0000000705600000|  0%| F|  |TAMS 0x0000000705400000, 0x0000000705400000| Untracked 
|  15|0x0000000705600000, 0x0000000705600000, 0x0000000705800000|  0%| F|  |TAMS 0x0000000705600000, 0x0000000705600000| Untracked 
|  16|0x0000000705800000, 0x0000000705800000, 0x0000000705a00000|  0%| F|  |TAMS 0x0000000705800000, 0x0000000705800000| Untracked 
|  17|0x0000000705a00000, 0x0000000705a00000, 0x0000000705c00000|  0%| F|  |TAMS 0x0000000705a00000, 0x0000000705a00000| Untracked 
|  18|0x0000000705c00000, 0x0000000705c00000, 0x0000000705e00000|  0%| F|  |TAMS 0x0000000705c00000, 0x0000000705c00000| Untracked 
|  19|0x0000000705e00000, 0x0000000705e00000, 0x0000000706000000|  0%| F|  |TAMS 0x0000000705e00000, 0x0000000705e00000| Untracked 
|  20|0x0000000706000000, 0x0000000706000000, 0x0000000706200000|  0%| F|  |TAMS 0x0000000706000000, 0x0000000706000000| Untracked 
|  21|0x0000000706200000, 0x0000000706200000, 0x0000000706400000|  0%| F|  |TAMS 0x0000000706200000, 0x0000000706200000| Untracked 
|  22|0x0000000706400000, 0x0000000706400000, 0x0000000706600000|  0%| F|  |TAMS 0x0000000706400000, 0x0000000706400000| Untracked 
|  23|0x0000000706600000, 0x0000000706600000, 0x0000000706800000|  0%| F|  |TAMS 0x0000000706600000, 0x0000000706600000| Untracked 
|  24|0x0000000706800000, 0x0000000706800000, 0x0000000706a00000|  0%| F|  |TAMS 0x0000000706800000, 0x0000000706800000| Untracked 
|  25|0x0000000706a00000, 0x0000000706a00000, 0x0000000706c00000|  0%| F|  |TAMS 0x0000000706a00000, 0x0000000706a00000| Untracked 
|  26|0x0000000706c00000, 0x0000000706c00000, 0x0000000706e00000|  0%| F|  |TAMS 0x0000000706c00000, 0x0000000706c00000| Untracked 
|  27|0x0000000706e00000, 0x0000000706e00000, 0x0000000707000000|  0%| F|  |TAMS 0x0000000706e00000, 0x0000000706e00000| Untracked 
|  28|0x0000000707000000, 0x0000000707000000, 0x0000000707200000|  0%| F|  |TAMS 0x0000000707000000, 0x0000000707000000| Untracked 
|  29|0x0000000707200000, 0x0000000707200000, 0x0000000707400000|  0%| F|  |TAMS 0x0000000707200000, 0x0000000707200000| Untracked 
|  30|0x0000000707400000, 0x0000000707400000, 0x0000000707600000|  0%| F|  |TAMS 0x0000000707400000, 0x0000000707400000| Untracked 
|  31|0x0000000707600000, 0x0000000707600000, 0x0000000707800000|  0%| F|  |TAMS 0x0000000707600000, 0x0000000707600000| Untracked 
|  32|0x0000000707800000, 0x0000000707800000, 0x0000000707a00000|  0%| F|  |TAMS 0x0000000707800000, 0x0000000707800000| Untracked 
|  33|0x0000000707a00000, 0x0000000707a00000, 0x0000000707c00000|  0%| F|  |TAMS 0x0000000707a00000, 0x0000000707a00000| Untracked 
|  34|0x0000000707c00000, 0x0000000707c00000, 0x0000000707e00000|  0%| F|  |TAMS 0x0000000707c00000, 0x0000000707c00000| Untracked 
|  35|0x0000000707e00000, 0x0000000707e00000, 0x0000000708000000|  0%| F|  |TAMS 0x0000000707e00000, 0x0000000707e00000| Untracked 
|  36|0x0000000708000000, 0x0000000708000000, 0x0000000708200000|  0%| F|  |TAMS 0x0000000708000000, 0x0000000708000000| Untracked 
|  37|0x0000000708200000, 0x0000000708200000, 0x0000000708400000|  0%| F|  |TAMS 0x0000000708200000, 0x0000000708200000| Untracked 
|  38|0x0000000708400000, 0x0000000708400000, 0x0000000708600000|  0%| F|  |TAMS 0x0000000708400000, 0x0000000708400000| Untracked 
|  39|0x0000000708600000, 0x0000000708600000, 0x0000000708800000|  0%| F|  |TAMS 0x0000000708600000, 0x0000000708600000| Untracked 
|  40|0x0000000708800000, 0x0000000708800000, 0x0000000708a00000|  0%| F|  |TAMS 0x0000000708800000, 0x0000000708800000| Untracked 
|  41|0x0000000708a00000, 0x0000000708a00000, 0x0000000708c00000|  0%| F|  |TAMS 0x0000000708a00000, 0x0000000708a00000| Untracked 
|  42|0x0000000708c00000, 0x0000000708c00000, 0x0000000708e00000|  0%| F|  |TAMS 0x0000000708c00000, 0x0000000708c00000| Untracked 
|  43|0x0000000708e00000, 0x0000000708e00000, 0x0000000709000000|  0%| F|  |TAMS 0x0000000708e00000, 0x0000000708e00000| Untracked 
|  44|0x0000000709000000, 0x0000000709000000, 0x0000000709200000|  0%| F|  |TAMS 0x0000000709000000, 0x0000000709000000| Untracked 
|  45|0x0000000709200000, 0x0000000709200000, 0x0000000709400000|  0%| F|  |TAMS 0x0000000709200000, 0x0000000709200000| Untracked 
|  46|0x0000000709400000, 0x0000000709400000, 0x0000000709600000|  0%| F|  |TAMS 0x0000000709400000, 0x0000000709400000| Untracked 
|  47|0x0000000709600000, 0x0000000709600000, 0x0000000709800000|  0%| F|  |TAMS 0x0000000709600000, 0x0000000709600000| Untracked 
|  48|0x0000000709800000, 0x0000000709800000, 0x0000000709a00000|  0%| F|  |TAMS 0x0000000709800000, 0x0000000709800000| Untracked 
|  49|0x0000000709a00000, 0x0000000709a00000, 0x0000000709c00000|  0%| F|  |TAMS 0x0000000709a00000, 0x0000000709a00000| Untracked 
|  50|0x0000000709c00000, 0x0000000709c00000, 0x0000000709e00000|  0%| F|  |TAMS 0x0000000709c00000, 0x0000000709c00000| Untracked 
|  51|0x0000000709e00000, 0x0000000709e00000, 0x000000070a000000|  0%| F|  |TAMS 0x0000000709e00000, 0x0000000709e00000| Untracked 
|  52|0x000000070a000000, 0x000000070a000000, 0x000000070a200000|  0%| F|  |TAMS 0x000000070a000000, 0x000000070a000000| Untracked 
|  53|0x000000070a200000, 0x000000070a200000, 0x000000070a400000|  0%| F|  |TAMS 0x000000070a200000, 0x000000070a200000| Untracked 
|  54|0x000000070a400000, 0x000000070a400000, 0x000000070a600000|  0%| F|  |TAMS 0x000000070a400000, 0x000000070a400000| Untracked 
|  55|0x000000070a600000, 0x000000070a600000, 0x000000070a800000|  0%| F|  |TAMS 0x000000070a600000, 0x000000070a600000| Untracked 
|  56|0x000000070a800000, 0x000000070a800000, 0x000000070aa00000|  0%| F|  |TAMS 0x000000070a800000, 0x000000070a800000| Untracked 
|  57|0x000000070aa00000, 0x000000070aa00000, 0x000000070ac00000|  0%| F|  |TAMS 0x000000070aa00000, 0x000000070aa00000| Untracked 
|  58|0x000000070ac00000, 0x000000070ac00000, 0x000000070ae00000|  0%| F|  |TAMS 0x000000070ac00000, 0x000000070ac00000| Untracked 
|  59|0x000000070ae00000, 0x000000070ae00000, 0x000000070b000000|  0%| F|  |TAMS 0x000000070ae00000, 0x000000070ae00000| Untracked 
|  60|0x000000070b000000, 0x000000070b000000, 0x000000070b200000|  0%| F|  |TAMS 0x000000070b000000, 0x000000070b000000| Untracked 
|  61|0x000000070b200000, 0x000000070b200000, 0x000000070b400000|  0%| F|  |TAMS 0x000000070b200000, 0x000000070b200000| Untracked 
|  62|0x000000070b400000, 0x000000070b400000, 0x000000070b600000|  0%| F|  |TAMS 0x000000070b400000, 0x000000070b400000| Untracked 
|  63|0x000000070b600000, 0x000000070b600000, 0x000000070b800000|  0%| F|  |TAMS 0x000000070b600000, 0x000000070b600000| Untracked 
|  64|0x000000070b800000, 0x000000070b800000, 0x000000070ba00000|  0%| F|  |TAMS 0x000000070b800000, 0x000000070b800000| Untracked 
|  65|0x000000070ba00000, 0x000000070ba00000, 0x000000070bc00000|  0%| F|  |TAMS 0x000000070ba00000, 0x000000070ba00000| Untracked 
|  66|0x000000070bc00000, 0x000000070bc00000, 0x000000070be00000|  0%| F|  |TAMS 0x000000070bc00000, 0x000000070bc00000| Untracked 
|  67|0x000000070be00000, 0x000000070be00000, 0x000000070c000000|  0%| F|  |TAMS 0x000000070be00000, 0x000000070be00000| Untracked 
|  68|0x000000070c000000, 0x000000070c000000, 0x000000070c200000|  0%| F|  |TAMS 0x000000070c000000, 0x000000070c000000| Untracked 
|  69|0x000000070c200000, 0x000000070c200000, 0x000000070c400000|  0%| F|  |TAMS 0x000000070c200000, 0x000000070c200000| Untracked 
|  70|0x000000070c400000, 0x000000070c400000, 0x000000070c600000|  0%| F|  |TAMS 0x000000070c400000, 0x000000070c400000| Untracked 
|  71|0x000000070c600000, 0x000000070c600000, 0x000000070c800000|  0%| F|  |TAMS 0x000000070c600000, 0x000000070c600000| Untracked 
|  72|0x000000070c800000, 0x000000070c800000, 0x000000070ca00000|  0%| F|  |TAMS 0x000000070c800000, 0x000000070c800000| Untracked 
|  73|0x000000070ca00000, 0x000000070ca00000, 0x000000070cc00000|  0%| F|  |TAMS 0x000000070ca00000, 0x000000070ca00000| Untracked 
|  74|0x000000070cc00000, 0x000000070cc00000, 0x000000070ce00000|  0%| F|  |TAMS 0x000000070cc00000, 0x000000070cc00000| Untracked 
|  75|0x000000070ce00000, 0x000000070ce00000, 0x000000070d000000|  0%| F|  |TAMS 0x000000070ce00000, 0x000000070ce00000| Untracked 
|  76|0x000000070d000000, 0x000000070d000000, 0x000000070d200000|  0%| F|  |TAMS 0x000000070d000000, 0x000000070d000000| Untracked 
|  77|0x000000070d200000, 0x000000070d200000, 0x000000070d400000|  0%| F|  |TAMS 0x000000070d200000, 0x000000070d200000| Untracked 
|  78|0x000000070d400000, 0x000000070d400000, 0x000000070d600000|  0%| F|  |TAMS 0x000000070d400000, 0x000000070d400000| Untracked 
|  79|0x000000070d600000, 0x000000070d600000, 0x000000070d800000|  0%| F|  |TAMS 0x000000070d600000, 0x000000070d600000| Untracked 
|  80|0x000000070d800000, 0x000000070d800000, 0x000000070da00000|  0%| F|  |TAMS 0x000000070d800000, 0x000000070d800000| Untracked 
|  81|0x000000070da00000, 0x000000070da00000, 0x000000070dc00000|  0%| F|  |TAMS 0x000000070da00000, 0x000000070da00000| Untracked 
|  82|0x000000070dc00000, 0x000000070dc00000, 0x000000070de00000|  0%| F|  |TAMS 0x000000070dc00000, 0x000000070dc00000| Untracked 
|  83|0x000000070de00000, 0x000000070de00000, 0x000000070e000000|  0%| F|  |TAMS 0x000000070de00000, 0x000000070de00000| Untracked 
|  84|0x000000070e000000, 0x000000070e000000, 0x000000070e200000|  0%| F|  |TAMS 0x000000070e000000, 0x000000070e000000| Untracked 
|  85|0x000000070e200000, 0x000000070e200000, 0x000000070e400000|  0%| F|  |TAMS 0x000000070e200000, 0x000000070e200000| Untracked 
|  86|0x000000070e400000, 0x000000070e400000, 0x000000070e600000|  0%| F|  |TAMS 0x000000070e400000, 0x000000070e400000| Untracked 
|  87|0x000000070e600000, 0x000000070e600000, 0x000000070e800000|  0%| F|  |TAMS 0x000000070e600000, 0x000000070e600000| Untracked 
|  88|0x000000070e800000, 0x000000070e800000, 0x000000070ea00000|  0%| F|  |TAMS 0x000000070e800000, 0x000000070e800000| Untracked 
|  89|0x000000070ea00000, 0x000000070ea00000, 0x000000070ec00000|  0%| F|  |TAMS 0x000000070ea00000, 0x000000070ea00000| Untracked 
|  90|0x000000070ec00000, 0x000000070ec00000, 0x000000070ee00000|  0%| F|  |TAMS 0x000000070ec00000, 0x000000070ec00000| Untracked 
|  91|0x000000070ee00000, 0x000000070ee00000, 0x000000070f000000|  0%| F|  |TAMS 0x000000070ee00000, 0x000000070ee00000| Untracked 
|  92|0x000000070f000000, 0x000000070f000000, 0x000000070f200000|  0%| F|  |TAMS 0x000000070f000000, 0x000000070f000000| Untracked 
|  93|0x000000070f200000, 0x000000070f200000, 0x000000070f400000|  0%| F|  |TAMS 0x000000070f200000, 0x000000070f200000| Untracked 
|  94|0x000000070f400000, 0x000000070f400000, 0x000000070f600000|  0%| F|  |TAMS 0x000000070f400000, 0x000000070f400000| Untracked 
|  95|0x000000070f600000, 0x000000070f600000, 0x000000070f800000|  0%| F|  |TAMS 0x000000070f600000, 0x000000070f600000| Untracked 
|  96|0x000000070f800000, 0x000000070f800000, 0x000000070fa00000|  0%| F|  |TAMS 0x000000070f800000, 0x000000070f800000| Untracked 
|  97|0x000000070fa00000, 0x000000070fa00000, 0x000000070fc00000|  0%| F|  |TAMS 0x000000070fa00000, 0x000000070fa00000| Untracked 
|  98|0x000000070fc00000, 0x000000070fc00000, 0x000000070fe00000|  0%| F|  |TAMS 0x000000070fc00000, 0x000000070fc00000| Untracked 
|  99|0x000000070fe00000, 0x000000070fe00000, 0x0000000710000000|  0%| F|  |TAMS 0x000000070fe00000, 0x000000070fe00000| Untracked 
| 100|0x0000000710000000, 0x0000000710000000, 0x0000000710200000|  0%| F|  |TAMS 0x0000000710000000, 0x0000000710000000| Untracked 
| 101|0x0000000710200000, 0x0000000710200000, 0x0000000710400000|  0%| F|  |TAMS 0x0000000710200000, 0x0000000710200000| Untracked 
| 102|0x0000000710400000, 0x0000000710400000, 0x0000000710600000|  0%| F|  |TAMS 0x0000000710400000, 0x0000000710400000| Untracked 
| 103|0x0000000710600000, 0x0000000710600000, 0x0000000710800000|  0%| F|  |TAMS 0x0000000710600000, 0x0000000710600000| Untracked 
| 104|0x0000000710800000, 0x0000000710800000, 0x0000000710a00000|  0%| F|  |TAMS 0x0000000710800000, 0x0000000710800000| Untracked 
| 105|0x0000000710a00000, 0x0000000710a00000, 0x0000000710c00000|  0%| F|  |TAMS 0x0000000710a00000, 0x0000000710a00000| Untracked 
| 106|0x0000000710c00000, 0x0000000710c00000, 0x0000000710e00000|  0%| F|  |TAMS 0x0000000710c00000, 0x0000000710c00000| Untracked 
| 107|0x0000000710e00000, 0x0000000710e00000, 0x0000000711000000|  0%| F|  |TAMS 0x0000000710e00000, 0x0000000710e00000| Untracked 
| 108|0x0000000711000000, 0x0000000711000000, 0x0000000711200000|  0%| F|  |TAMS 0x0000000711000000, 0x0000000711000000| Untracked 
| 109|0x0000000711200000, 0x0000000711200000, 0x0000000711400000|  0%| F|  |TAMS 0x0000000711200000, 0x0000000711200000| Untracked 
| 110|0x0000000711400000, 0x0000000711400000, 0x0000000711600000|  0%| F|  |TAMS 0x0000000711400000, 0x0000000711400000| Untracked 
| 111|0x0000000711600000, 0x0000000711600000, 0x0000000711800000|  0%| F|  |TAMS 0x0000000711600000, 0x0000000711600000| Untracked 
| 112|0x0000000711800000, 0x0000000711818688, 0x0000000711a00000|  4%| E|  |TAMS 0x0000000711800000, 0x0000000711800000| Complete 
| 113|0x0000000711a00000, 0x0000000711c00000, 0x0000000711c00000|100%| E|CS|TAMS 0x0000000711a00000, 0x0000000711a00000| Complete 
| 114|0x0000000711c00000, 0x0000000711e00000, 0x0000000711e00000|100%| S|CS|TAMS 0x0000000711c00000, 0x0000000711c00000| Complete 
| 115|0x0000000711e00000, 0x0000000712000000, 0x0000000712000000|100%| S|CS|TAMS 0x0000000711e00000, 0x0000000711e00000| Complete 
| 116|0x0000000712000000, 0x0000000712200000, 0x0000000712200000|100%| E|CS|TAMS 0x0000000712000000, 0x0000000712000000| Complete 
| 117|0x0000000712200000, 0x0000000712400000, 0x0000000712400000|100%| E|CS|TAMS 0x0000000712200000, 0x0000000712200000| Complete 
| 118|0x0000000712400000, 0x0000000712600000, 0x0000000712600000|100%| E|CS|TAMS 0x0000000712400000, 0x0000000712400000| Complete 
| 119|0x0000000712600000, 0x0000000712800000, 0x0000000712800000|100%| E|CS|TAMS 0x0000000712600000, 0x0000000712600000| Complete 
| 120|0x0000000712800000, 0x0000000712a00000, 0x0000000712a00000|100%| E|CS|TAMS 0x0000000712800000, 0x0000000712800000| Complete 
| 121|0x0000000712a00000, 0x0000000712c00000, 0x0000000712c00000|100%| E|CS|TAMS 0x0000000712a00000, 0x0000000712a00000| Complete 
| 122|0x0000000712c00000, 0x0000000712e00000, 0x0000000712e00000|100%| E|CS|TAMS 0x0000000712c00000, 0x0000000712c00000| Complete 
| 123|0x0000000712e00000, 0x0000000713000000, 0x0000000713000000|100%| E|CS|TAMS 0x0000000712e00000, 0x0000000712e00000| Complete 
| 124|0x0000000713000000, 0x0000000713200000, 0x0000000713200000|100%| E|CS|TAMS 0x0000000713000000, 0x0000000713000000| Complete 
| 125|0x0000000713200000, 0x0000000713400000, 0x0000000713400000|100%| E|CS|TAMS 0x0000000713200000, 0x0000000713200000| Complete 
| 126|0x0000000713400000, 0x0000000713600000, 0x0000000713600000|100%| E|CS|TAMS 0x0000000713400000, 0x0000000713400000| Complete 

Card table byte_map: [0x0000011f79320000,0x0000011f79b10000] _byte_map_base: 0x0000011f75b04000

Marking Bits (Prev, Next): (CMBitMap*) 0x0000011f61620de0, (CMBitMap*) 0x0000011f61620e20
 Prev Bits: [0x0000011f7a300000, 0x0000011f7e220000)
 Next Bits: [0x0000011f00000000, 0x0000011f03f20000)

Polling page: 0x0000011f5f4b0000

Metaspace:

Usage:
  Non-class:     16.36 MB used.
      Class:      1.95 MB used.
       Both:     18.31 MB used.

Virtual space:
  Non-class space:       24.00 MB reserved,      16.44 MB ( 68%) committed,  3 nodes.
      Class space:        1.00 GB reserved,       2.06 MB ( <1%) committed,  1 nodes.
             Both:        1.02 GB reserved,      18.50 MB (  2%) committed. 

Chunk freelists:
   Non-Class:  3.19 MB
       Class:  1.97 MB
        Both:  5.16 MB

MaxMetaspaceSize: unlimited
CompressedClassSpaceSize: 1.00 GB
Initial GC threshold: 21.00 MB
Current GC threshold: 21.00 MB
CDS: on
MetaspaceReclaimPolicy: balanced
 - commit_granule_bytes: 65536.
 - commit_granule_words: 8192.
 - virtual_space_node_default_size: 1048576.
 - enlarge_chunks_in_place: 1.
 - new_chunks_are_fully_committed: 0.
 - uncommit_free_chunks: 1.
 - use_allocation_guard: 0.
 - handle_deallocations: 1.


Internal statistics:

num_allocs_failed_limit: 0.
num_arena_births: 206.
num_arena_deaths: 0.
num_vsnodes_births: 4.
num_vsnodes_deaths: 0.
num_space_committed: 294.
num_space_uncommitted: 0.
num_chunks_returned_to_freelist: 0.
num_chunks_taken_from_freelist: 541.
num_chunk_merges: 0.
num_chunk_splits: 344.
num_chunks_enlarged: 225.
num_purges: 0.
num_inconsistent_stats: 0.

CodeHeap 'non-profiled nmethods': size=119168Kb used=975Kb max_used=975Kb free=118192Kb
 bounds [0x0000011f70c20000, 0x0000011f70e90000, 0x0000011f78080000]
CodeHeap 'profiled nmethods': size=119104Kb used=5260Kb max_used=5260Kb free=113843Kb
 bounds [0x0000011f697d0000, 0x0000011f69d00000, 0x0000011f70c20000]
CodeHeap 'non-nmethods': size=7488Kb used=1773Kb max_used=3029Kb free=5714Kb
 bounds [0x0000011f69080000, 0x0000011f69380000, 0x0000011f697d0000]
 total_blobs=4018 nmethods=2763 adapters=1167
 compilation: enabled
              stopped_count=0, restarted_count=0
 full_count=0

Compilation events (20 events):
Event: 46.585 Thread 0x0000011f7f566f70 nmethod 2753 0x0000011f69ceea10 code [0x0000011f69ceebc0, 0x0000011f69ceed98]
Event: 46.589 Thread 0x0000011f7f566f70 2754       3       sun.java2d.pipe.Region::isRectangular (13 bytes)
Event: 46.589 Thread 0x0000011f7f566f70 nmethod 2754 0x0000011f69ceee10 code [0x0000011f69ceefa0, 0x0000011f69cef118]
Event: 46.589 Thread 0x0000011f7f566f70 2755       3       sun.java2d.pipe.BufferedContext::setClip (299 bytes)
Event: 46.590 Thread 0x0000011f7f566f70 nmethod 2755 0x0000011f69cef190 code [0x0000011f69cef560, 0x0000011f69cf08c8]
Event: 46.590 Thread 0x0000011f7f566f70 2756       3       java.lang.reflect.Field::getInt (29 bytes)
Event: 46.590 Thread 0x0000011f7f5625a0 2760       4       java.lang.ref.WeakReference::<init> (6 bytes)
Event: 46.590 Thread 0x0000011f7f566f70 nmethod 2756 0x0000011f69cf1310 code [0x0000011f69cf14e0, 0x0000011f69cf18b8]
Event: 46.590 Thread 0x0000011f7f566f70 2758       3       java.lang.reflect.AccessibleObject::slowVerifyAccess (67 bytes)
Event: 46.590 Thread 0x0000011f7f566f70 nmethod 2758 0x0000011f69cf1a10 code [0x0000011f69cf1c20, 0x0000011f69cf23a8]
Event: 46.590 Thread 0x0000011f7f566f70 2757       3       jdk.internal.reflect.UnsafeQualifiedStaticIntegerFieldAccessorImpl::getInt (15 bytes)
Event: 46.590 Thread 0x0000011f7f566f70 nmethod 2757 0x0000011f69cf2590 code [0x0000011f69cf2720, 0x0000011f69cf2838]
Event: 46.590 Thread 0x0000011f7f566f70 2759       3       java.lang.reflect.Field::checkAccess (32 bytes)
Event: 46.590 Thread 0x0000011f7f566f70 nmethod 2759 0x0000011f69cf2910 code [0x0000011f69cf2ac0, 0x0000011f69cf2d68]
Event: 46.591 Thread 0x0000011f7f5625a0 nmethod 2760 0x0000011f70d12b10 code [0x0000011f70d12c80, 0x0000011f70d12eb8]
Event: 46.656 Thread 0x0000011f7f5625a0 2761       4       java.lang.ThreadLocal::get (38 bytes)
Event: 46.658 Thread 0x0000011f7f5625a0 nmethod 2761 0x0000011f70d12f10 code [0x0000011f70d130a0, 0x0000011f70d132b8]
Event: 46.658 Thread 0x0000011f7f5625a0 2762       4       java.lang.ThreadLocal$ThreadLocalMap::getEntry (42 bytes)
Event: 46.658 Thread 0x0000011f7f566f70 2764       3       org.lwjgl.system.CustomBuffer::remaining (10 bytes)
Event: 46.658 Thread 0x0000011f7f566f70 nmethod 2764 0x0000011f69cf2e90 code [0x0000011f69cf3020, 0x0000011f69cf3138]

GC Heap History (2 events):
Event: 0.378 GC heap before
{Heap before GC invocations=0 (full 0):
 garbage-first heap   total 260096K, used 22528K [0x0000000703800000, 0x0000000800000000)
  region size 2048K, 11 young (22528K), 0 survivors (0K)
 Metaspace       used 9287K, committed 9472K, reserved 1064960K
  class space    used 1094K, committed 1216K, reserved 1048576K
}
Event: 0.386 GC heap after
{Heap after GC invocations=1 (full 0):
 garbage-first heap   total 260096K, used 4356K [0x0000000703800000, 0x0000000800000000)
  region size 2048K, 2 young (4096K), 2 survivors (4096K)
 Metaspace       used 9287K, committed 9472K, reserved 1064960K
  class space    used 1094K, committed 1216K, reserved 1048576K
}

Deoptimization events (20 events):
Event: 3.030 Thread 0x0000011f07035160 DEOPT PACKING pc=0x0000011f70c2d4ac sp=0x0000001a050fe2d0
Event: 3.030 Thread 0x0000011f07035160 DEOPT UNPACKING pc=0x0000011f690d23a3 sp=0x0000001a050fe278 mode 2
Event: 4.793 Thread 0x0000011f07035b00 Uncommon trap: trap_request=0xffffff45 fr.pc=0x0000011f70c794fc relative=0x000000000000005c
Event: 4.793 Thread 0x0000011f07035b00 Uncommon trap: reason=unstable_if action=reinterpret pc=0x0000011f70c794fc method=sun.net.www.ParseUtil.firstEncodeIndex(Ljava/lang/String;)I @ 51 c2
Event: 4.793 Thread 0x0000011f07035b00 DEOPT PACKING pc=0x0000011f70c794fc sp=0x0000001a071ae4f0
Event: 4.793 Thread 0x0000011f07035b00 DEOPT UNPACKING pc=0x0000011f690d23a3 sp=0x0000001a071ae478 mode 2
Event: 4.816 Thread 0x0000011f07035b00 Uncommon trap: trap_request=0xffffff54 fr.pc=0x0000011f70cc21dc relative=0x000000000000005c
Event: 4.816 Thread 0x0000011f07035b00 Uncommon trap: reason=speculate_null_assert action=make_not_entrant pc=0x0000011f70cc21dc method=sun.misc.Unsafe.getLong(Ljava/lang/Object;J)J @ 5 c2
Event: 4.816 Thread 0x0000011f07035b00 DEOPT PACKING pc=0x0000011f70cc21dc sp=0x0000001a071af0f0
Event: 4.816 Thread 0x0000011f07035b00 DEOPT UNPACKING pc=0x0000011f690d23a3 sp=0x0000001a071af078 mode 2
Event: 5.200 Thread 0x0000011f07035160 Uncommon trap: trap_request=0xffffff45 fr.pc=0x0000011f70cbb2a0 relative=0x00000000000000a0
Event: 5.200 Thread 0x0000011f07035160 Uncommon trap: reason=unstable_if action=reinterpret pc=0x0000011f70cbb2a0 method=java.awt.Component.inside(II)Z @ 9 c2
Event: 5.200 Thread 0x0000011f07035160 DEOPT PACKING pc=0x0000011f70cbb2a0 sp=0x0000001a050fee50
Event: 5.200 Thread 0x0000011f07035160 DEOPT UNPACKING pc=0x0000011f690d23a3 sp=0x0000001a050fece8 mode 2
Event: 13.032 Thread 0x0000011f06ca84f0 DEOPT PACKING pc=0x0000011f69c750d7 sp=0x0000001a056fe3e0
Event: 13.032 Thread 0x0000011f06ca84f0 DEOPT UNPACKING pc=0x0000011f690d2b43 sp=0x0000001a056fd960 mode 0
Event: 15.690 Thread 0x0000011f07035160 Uncommon trap: trap_request=0xffffff45 fr.pc=0x0000011f70cfcbe4 relative=0x0000000000003d44
Event: 15.690 Thread 0x0000011f07035160 Uncommon trap: reason=unstable_if action=reinterpret pc=0x0000011f70cfcbe4 method=java.awt.EventQueue.noEvents()Z @ 16 c2
Event: 15.690 Thread 0x0000011f07035160 DEOPT PACKING pc=0x0000011f70cfcbe4 sp=0x0000001a050ff350
Event: 15.690 Thread 0x0000011f07035160 DEOPT UNPACKING pc=0x0000011f690d23a3 sp=0x0000001a050ff1a0 mode 2

Classes unloaded (0 events):
No events

Classes redefined (0 events):
No events

Internal exceptions (20 events):
Event: 0.530 Thread 0x0000011f615b18b0 Exception <a 'java/lang/ClassNotFoundException'{0x00000007135e5488}: com/sun/swing/internal/plaf/metal/resources/spi/metalProvider> (0x00000007135e5488) 
thrown [e:\jenkins\tmp\workspace\build\src\src\hotspot\share\classfile\systemDictionary.cpp, line 256]
Event: 0.530 Thread 0x0000011f615b18b0 Exception <a 'java/lang/ClassNotFoundException'{0x00000007135e92b0}: com/sun/swing/internal/plaf/basic/resources/spi/basicProvider> (0x00000007135e92b0) 
thrown [e:\jenkins\tmp\workspace\build\src\src\hotspot\share\classfile\systemDictionary.cpp, line 256]
Event: 0.553 Thread 0x0000011f070364a0 Exception <a 'java/lang/NoSuchMethodError'{0x000000071348b568}: 'void java.lang.invoke.DirectMethodHandle$Holder.invokeVirtual(java.lang.Object, java.lang.Object)'> (0x000000071348b568) 
thrown [e:\jenkins\tmp\workspace\build\src\src\hotspot\share\interpreter\linkResolver.cpp, line 766]
Event: 0.561 Thread 0x0000011f615b18b0 Exception <a 'java/lang/NoSuchMethodError'{0x0000000713249838}: 'void java.lang.invoke.DirectMethodHandle$Holder.invokeStaticInit(java.lang.Object)'> (0x0000000713249838) 
thrown [e:\jenkins\tmp\workspace\build\src\src\hotspot\share\interpreter\linkResolver.cpp, line 766]
Event: 0.619 Thread 0x0000011f615b18b0 Exception <a 'java/lang/NoSuchMethodError'{0x000000071336a090}: 'java.lang.Object java.lang.invoke.DirectMethodHandle$Holder.invokeStatic(java.lang.Object, java.lang.Object, int)'> (0x000000071336a090) 
thrown [e:\jenkins\tmp\workspace\build\src\src\hotspot\share\interpreter\linkResolver.cpp, line 766]
Event: 0.619 Thread 0x0000011f615b18b0 Exception <a 'java/lang/NoSuchMethodError'{0x00000007133753d0}: 'void java.lang.invoke.DelegatingMethodHandle$Holder.delegate(java.lang.Object, java.lang.Object, int, java.lang.Object)'> (0x00000007133753d0) 
thrown [e:\jenkins\tmp\workspace\build\src\src\hotspot\share\interpreter\linkResolver.cpp, line 766]
Event: 0.630 Thread 0x0000011f615b18b0 Exception <a 'sun/nio/fs/WindowsException'{0x00000007133d74d8}> (0x00000007133d74d8) 
thrown [e:\jenkins\tmp\workspace\build\src\src\hotspot\share\prims\jni.cpp, line 516]
Event: 0.630 Thread 0x0000011f615b18b0 Exception <a 'sun/nio/fs/WindowsException'{0x00000007133d7818}> (0x00000007133d7818) 
thrown [e:\jenkins\tmp\workspace\build\src\src\hotspot\share\prims\jni.cpp, line 516]
Event: 0.642 Thread 0x0000011f615b18b0 Exception <a 'java/lang/NoSuchMethodError'{0x00000007130340d0}: 'int java.lang.invoke.DirectMethodHandle$Holder.invokeStaticInit(java.lang.Object, java.lang.Object, int, long)'> (0x00000007130340d0) 
thrown [e:\jenkins\tmp\workspace\build\src\src\hotspot\share\interpreter\linkResolver.cpp, line 766]
Event: 0.642 Thread 0x0000011f615b18b0 Exception <a 'java/lang/NoSuchMethodError'{0x00000007130399b8}: 'java.lang.Object java.lang.invoke.DirectMethodHandle$Holder.newInvokeSpecial(java.lang.Object, java.lang.Object, int)'> (0x00000007130399b8) 
thrown [e:\jenkins\tmp\workspace\build\src\src\hotspot\share\interpreter\linkResolver.cpp, line 766]
Event: 0.642 Thread 0x0000011f615b18b0 Exception <a 'java/lang/NoSuchMethodError'{0x0000000713048500}: 'int java.lang.invoke.DirectMethodHandle$Holder.invokeStaticInit(java.lang.Object, java.lang.Object, long, long)'> (0x0000000713048500) 
thrown [e:\jenkins\tmp\workspace\build\src\src\hotspot\share\interpreter\linkResolver.cpp, line 766]
Event: 0.643 Thread 0x0000011f615b18b0 Exception <a 'java/lang/NoSuchMethodError'{0x000000071304e1b0}: 'java.lang.Object java.lang.invoke.DirectMethodHandle$Holder.newInvokeSpecial(java.lang.Object, java.lang.Object, long)'> (0x000000071304e1b0) 
thrown [e:\jenkins\tmp\workspace\build\src\src\hotspot\share\interpreter\linkResolver.cpp, line 766]
Event: 0.643 Thread 0x0000011f615b18b0 Exception <a 'java/lang/NoSuchMethodError'{0x0000000713051a78}: 'java.lang.Object java.lang.invoke.Invokers$Holder.linkToTargetMethod(java.lang.Object, long, java.lang.Object)'> (0x0000000713051a78) 
thrown [e:\jenkins\tmp\workspace\build\src\src\hotspot\share\interpreter\linkResolver.cpp, line 766]
Event: 0.643 Thread 0x0000011f615b18b0 Exception <a 'java/lang/NoSuchMethodError'{0x0000000713059078}: 'int java.lang.invoke.DirectMethodHandle$Holder.invokeStaticInit(java.lang.Object, java.lang.Object, java.lang.Object, long)'> (0x0000000713059078) 
thrown [e:\jenkins\tmp\workspace\build\src\src\hotspot\share\interpreter\linkResolver.cpp, line 766]
Event: 4.672 Thread 0x0000011f07035b00 Exception <a 'sun/nio/fs/WindowsException'{0x0000000712b3f308}> (0x0000000712b3f308) 
thrown [e:\jenkins\tmp\workspace\build\src\src\hotspot\share\prims\jni.cpp, line 516]
Event: 4.672 Thread 0x0000011f07035b00 Exception <a 'sun/nio/fs/WindowsException'{0x0000000712b3f660}> (0x0000000712b3f660) 
thrown [e:\jenkins\tmp\workspace\build\src\src\hotspot\share\prims\jni.cpp, line 516]
Event: 4.795 Thread 0x0000011f07035b00 Exception <a 'sun/nio/fs/WindowsException'{0x0000000712bc9258}> (0x0000000712bc9258) 
thrown [e:\jenkins\tmp\workspace\build\src\src\hotspot\share\prims\jni.cpp, line 516]
Event: 4.795 Thread 0x0000011f07035b00 Exception <a 'sun/nio/fs/WindowsException'{0x0000000712bc95e8}> (0x0000000712bc95e8) 
thrown [e:\jenkins\tmp\workspace\build\src\src\hotspot\share\prims\jni.cpp, line 516]
Event: 4.798 Thread 0x0000011f07035b00 Exception <a 'sun/nio/fs/WindowsException'{0x0000000712bd3c48}> (0x0000000712bd3c48) 
thrown [e:\jenkins\tmp\workspace\build\src\src\hotspot\share\prims\jni.cpp, line 516]
Event: 4.798 Thread 0x0000011f07035b00 Exception <a 'sun/nio/fs/WindowsException'{0x0000000712bd3f18}> (0x0000000712bd3f18) 
thrown [e:\jenkins\tmp\workspace\build\src\src\hotspot\share\prims\jni.cpp, line 516]

VM Operations (20 events):
Event: 13.204 Executing VM operation: Cleanup
Event: 13.204 Executing VM operation: Cleanup done
Event: 14.219 Executing VM operation: Cleanup
Event: 14.219 Executing VM operation: Cleanup done
Event: 15.222 Executing VM operation: Cleanup
Event: 15.222 Executing VM operation: Cleanup done
Event: 16.237 Executing VM operation: Cleanup
Event: 16.237 Executing VM operation: Cleanup done
Event: 17.250 Executing VM operation: Cleanup
Event: 17.250 Executing VM operation: Cleanup done
Event: 18.254 Executing VM operation: Cleanup
Event: 18.254 Executing VM operation: Cleanup done
Event: 19.269 Executing VM operation: Cleanup
Event: 19.269 Executing VM operation: Cleanup done
Event: 38.349 Executing VM operation: Cleanup
Event: 38.349 Executing VM operation: Cleanup done
Event: 41.363 Executing VM operation: Cleanup
Event: 41.363 Executing VM operation: Cleanup done
Event: 42.369 Executing VM operation: Cleanup
Event: 42.370 Executing VM operation: Cleanup done

Events (20 events):
Event: 4.667 Thread 0x0000011f07035b00 Thread added: 0x0000011f07035b00
Event: 4.796 Loaded shared library C:\Users\NOWY\AppData\Local\Temp\lwjgl_NOWY\3.3.3+5\x64\lwjgl_opengl.dll
Event: 4.797 Thread 0x0000011f07035fd0 Thread added: 0x0000011f07035fd0
Event: 4.800 loading class jdk/internal/vm/annotation/ForceInline
Event: 4.800 loading class jdk/internal/vm/annotation/ForceInline done
Event: 4.801 loading class jdk/internal/reflect/UnsafeFloatFieldAccessorImpl
Event: 4.801 loading class jdk/internal/reflect/UnsafeFloatFieldAccessorImpl done
Event: 4.899 Thread 0x0000011f121e2990 Thread added: 0x0000011f121e2990
Event: 5.104 Thread 0x0000011f121df970 Thread added: 0x0000011f121df970
Event: 5.107 loading class jdk/internal/reflect/BootstrapConstructorAccessorImpl
Event: 5.107 loading class jdk/internal/reflect/BootstrapConstructorAccessorImpl done
Event: 5.412 Thread 0x0000011f121e4b40 Thread added: 0x0000011f121e4b40
Event: 5.618 loading class java/awt/LightweightDispatcher$2
Event: 5.618 loading class java/awt/LightweightDispatcher$2 done
Event: 8.997 Thread 0x0000011f7f670490 Thread exited: 0x0000011f7f670490
Event: 8.997 Thread 0x0000011f7f66df70 Thread exited: 0x0000011f7f66df70
Event: 13.943 Thread 0x0000011f07035b00 Thread exited: 0x0000011f07035b00
Event: 18.265 loading class java/awt/KeyboardFocusManager$4
Event: 18.265 loading class java/awt/KeyboardFocusManager$4 done
Event: 46.590 Thread 0x0000011f121e1650 Thread added: 0x0000011f121e1650


Dynamic libraries:
0x00007ff6c3f80000 - 0x00007ff6c3f8e000 	C:\Program Files\Eclipse Adoptium\jdk-17.0.3.7-hotspot\bin\java.exe
0x00007ffca7af0000 - 0x00007ffca7d06000 	C:\WINDOWS\SYSTEM32\ntdll.dll
0x00007ffca6120000 - 0x00007ffca61e4000 	C:\WINDOWS\System32\KERNEL32.DLL
0x00007ffca5130000 - 0x00007ffca54d6000 	C:\WINDOWS\System32\KERNELBASE.dll
0x00007ffca5630000 - 0x00007ffca5741000 	C:\WINDOWS\System32\ucrtbase.dll
0x00007ffc912f0000 - 0x00007ffc91309000 	C:\Program Files\Eclipse Adoptium\jdk-17.0.3.7-hotspot\bin\VCRUNTIME140.dll
0x00007ffca1930000 - 0x00007ffca1948000 	C:\Program Files\Eclipse Adoptium\jdk-17.0.3.7-hotspot\bin\jli.dll
0x00007ffca6b70000 - 0x00007ffca6d1d000 	C:\WINDOWS\System32\USER32.dll
0x00007ffc92770000 - 0x00007ffc92a03000 	C:\WINDOWS\WinSxS\amd64_microsoft.windows.common-controls_6595b64144ccf1df_6.0.22621.3235_none_270f74e173860f98\COMCTL32.dll
0x00007ffca5600000 - 0x00007ffca5626000 	C:\WINDOWS\System32\win32u.dll
0x00007ffca5a50000 - 0x00007ffca5a79000 	C:\WINDOWS\System32\GDI32.dll
0x00007ffca5f60000 - 0x00007ffca6007000 	C:\WINDOWS\System32\msvcrt.dll
0x00007ffca54e0000 - 0x00007ffca55f8000 	C:\WINDOWS\System32\gdi32full.dll
0x00007ffca5090000 - 0x00007ffca512a000 	C:\WINDOWS\System32\msvcp_win.dll
0x00007ffca73f0000 - 0x00007ffca7421000 	C:\WINDOWS\System32\IMM32.DLL
0x00007ffc912e0000 - 0x00007ffc912ec000 	C:\Program Files\Eclipse Adoptium\jdk-17.0.3.7-hotspot\bin\vcruntime140_1.dll
0x00007ffc479d0000 - 0x00007ffc47a61000 	C:\Program Files\Eclipse Adoptium\jdk-17.0.3.7-hotspot\bin\msvcp140.dll
0x00007ffbf6930000 - 0x00007ffbf7578000 	C:\Program Files\Eclipse Adoptium\jdk-17.0.3.7-hotspot\bin\server\jvm.dll
0x00007ffca6ab0000 - 0x00007ffca6b62000 	C:\WINDOWS\System32\ADVAPI32.dll
0x00007ffca7340000 - 0x00007ffca73e8000 	C:\WINDOWS\System32\sechost.dll
0x00007ffca4fa0000 - 0x00007ffca4fc8000 	C:\WINDOWS\System32\bcrypt.dll
0x00007ffca7140000 - 0x00007ffca7255000 	C:\WINDOWS\System32\RPCRT4.dll
0x00007ffca6ed0000 - 0x00007ffca6ed8000 	C:\WINDOWS\System32\PSAPI.DLL
0x00007ffca0230000 - 0x00007ffca0239000 	C:\WINDOWS\SYSTEM32\WSOCK32.dll
0x00007ffc9fd50000 - 0x00007ffc9fd5a000 	C:\WINDOWS\SYSTEM32\VERSION.dll
0x00007ffc9e100000 - 0x00007ffc9e134000 	C:\WINDOWS\SYSTEM32\WINMM.dll
0x00007ffca60a0000 - 0x00007ffca6111000 	C:\WINDOWS\System32\WS2_32.dll
0x00007ffca3f20000 - 0x00007ffca3f38000 	C:\WINDOWS\SYSTEM32\kernel.appcore.dll
0x00007ffc912d0000 - 0x00007ffc912da000 	C:\Program Files\Eclipse Adoptium\jdk-17.0.3.7-hotspot\bin\jimage.dll
0x00007ffc97740000 - 0x00007ffc97973000 	C:\WINDOWS\SYSTEM32\DBGHELP.DLL
0x00007ffca7440000 - 0x00007ffca77c8000 	C:\WINDOWS\System32\combase.dll
0x00007ffca7260000 - 0x00007ffca7337000 	C:\WINDOWS\System32\OLEAUT32.dll
0x00007ffc8e820000 - 0x00007ffc8e852000 	C:\WINDOWS\SYSTEM32\dbgcore.DLL
0x00007ffca57c0000 - 0x00007ffca583a000 	C:\WINDOWS\System32\bcryptPrimitives.dll
0x00007ffc91250000 - 0x00007ffc9125e000 	C:\Program Files\Eclipse Adoptium\jdk-17.0.3.7-hotspot\bin\instrument.dll
0x00007ffc912a0000 - 0x00007ffc912c5000 	C:\Program Files\Eclipse Adoptium\jdk-17.0.3.7-hotspot\bin\java.dll
0x00007ffc478f0000 - 0x00007ffc479c6000 	C:\Program Files\Eclipse Adoptium\jdk-17.0.3.7-hotspot\bin\jsvml.dll
0x00007ffca6250000 - 0x00007ffca6aad000 	C:\WINDOWS\System32\SHELL32.dll
0x00007ffca2d50000 - 0x00007ffca3648000 	C:\WINDOWS\SYSTEM32\windows.storage.dll
0x00007ffca2c10000 - 0x00007ffca2d4e000 	C:\WINDOWS\SYSTEM32\wintypes.dll
0x00007ffca5950000 - 0x00007ffca5a43000 	C:\WINDOWS\System32\SHCORE.dll
0x00007ffca61f0000 - 0x00007ffca624e000 	C:\WINDOWS\System32\shlwapi.dll
0x00007ffca4d60000 - 0x00007ffca4d86000 	C:\WINDOWS\SYSTEM32\profapi.dll
0x00007ffc910f0000 - 0x00007ffc91108000 	C:\Program Files\Eclipse Adoptium\jdk-17.0.3.7-hotspot\bin\zip.dll
0x00007ffc91280000 - 0x00007ffc91299000 	C:\Program Files\Eclipse Adoptium\jdk-17.0.3.7-hotspot\bin\net.dll
0x00007ffc9fa60000 - 0x00007ffc9fb97000 	C:\WINDOWS\SYSTEM32\WINHTTP.dll
0x00007ffca4390000 - 0x00007ffca43f9000 	C:\WINDOWS\system32\mswsock.dll
0x00007ffc91260000 - 0x00007ffc91275000 	C:\Program Files\Eclipse Adoptium\jdk-17.0.3.7-hotspot\bin\nio.dll
0x00007ffc910d0000 - 0x00007ffc910ea000 	C:\Program Files\JetBrains\IntelliJ IDEA 2023.3.1\bin\breakgen64.dll
0x00007ffc910c0000 - 0x00007ffc910c9000 	C:\Program Files\Eclipse Adoptium\jdk-17.0.3.7-hotspot\bin\management.dll
0x00007ffc910b0000 - 0x00007ffc910bb000 	C:\Program Files\Eclipse Adoptium\jdk-17.0.3.7-hotspot\bin\management_ext.dll
0x00007ffca45e0000 - 0x00007ffca45fb000 	C:\WINDOWS\SYSTEM32\CRYPTSP.dll
0x00007ffca3e80000 - 0x00007ffca3eb5000 	C:\WINDOWS\system32\rsaenh.dll
0x00007ffca4430000 - 0x00007ffca445c000 	C:\WINDOWS\SYSTEM32\USERENV.dll
0x00007ffca45a0000 - 0x00007ffca45ac000 	C:\WINDOWS\SYSTEM32\CRYPTBASE.dll
0x00007ffca3920000 - 0x00007ffca394d000 	C:\WINDOWS\SYSTEM32\IPHLPAPI.DLL
0x00007ffca6d20000 - 0x00007ffca6d29000 	C:\WINDOWS\System32\NSI.dll
0x00007ffc9f8f0000 - 0x00007ffc9f909000 	C:\WINDOWS\SYSTEM32\dhcpcsvc6.DLL
0x00007ffc9f880000 - 0x00007ffc9f89f000 	C:\WINDOWS\SYSTEM32\dhcpcsvc.DLL
0x00007ffca3950000 - 0x00007ffca3a49000 	C:\WINDOWS\SYSTEM32\DNSAPI.dll
0x00007ffc9bee0000 - 0x00007ffc9beea000 	C:\Windows\System32\rasadhlp.dll
0x00007ffc9e140000 - 0x00007ffc9e1c3000 	C:\WINDOWS\System32\fwpuclnt.dll
0x00007ffc910a0000 - 0x00007ffc910ae000 	C:\Program Files\Eclipse Adoptium\jdk-17.0.3.7-hotspot\bin\sunmscapi.dll
0x00007ffca4e30000 - 0x00007ffca4f96000 	C:\WINDOWS\System32\CRYPT32.dll
0x00007ffca47f0000 - 0x00007ffca481e000 	C:\WINDOWS\SYSTEM32\ncrypt.dll
0x00007ffca47b0000 - 0x00007ffca47e7000 	C:\WINDOWS\SYSTEM32\NTASN1.dll
0x00007ffc27fa0000 - 0x00007ffc27fa8000 	C:\WINDOWS\system32\wshunix.dll
0x00007ffbf8ee0000 - 0x00007ffbf906e000 	C:\Program Files\Eclipse Adoptium\jdk-17.0.3.7-hotspot\bin\awt.dll
0x00007ffca2090000 - 0x00007ffca2127000 	C:\WINDOWS\SYSTEM32\apphelp.dll
0x00007ffca2410000 - 0x00007ffca243b000 	C:\WINDOWS\system32\DWMAPI.DLL
0x00007ffca2190000 - 0x00007ffca223b000 	C:\WINDOWS\system32\uxtheme.dll
0x00007ffc2f2a0000 - 0x00007ffc2f3a0000 	C:\WINDOWS\system32\opengl32.dll
0x00007ffc91070000 - 0x00007ffc9109d000 	C:\WINDOWS\SYSTEM32\GLU32.dll
0x00007ffca2480000 - 0x00007ffca24b9000 	C:\WINDOWS\SYSTEM32\dxcore.dll
0x00007ffca6fe0000 - 0x00007ffca7134000 	C:\WINDOWS\System32\MSCTF.dll
0x00007ffca6d30000 - 0x00007ffca6ecf000 	C:\WINDOWS\System32\ole32.dll
0x00007ffc99c30000 - 0x00007ffc99dd9000 	C:\WINDOWS\system32\d3d9.dll
0x00007ffc9a620000 - 0x00007ffc9a6d0000 	C:\WINDOWS\System32\DriverStore\FileRepository\nv_dispig.inf_amd64_647b4244e991951b\nvldumdx.dll
0x00007ffca4790000 - 0x00007ffca47a2000 	C:\WINDOWS\SYSTEM32\msasn1.dll
0x00007ffc9bdc0000 - 0x00007ffc9bdf2000 	C:\WINDOWS\SYSTEM32\cryptnet.dll
0x00007ffc9b9e0000 - 0x00007ffc9bb38000 	C:\WINDOWS\SYSTEM32\drvstore.dll
0x00007ffca4af0000 - 0x00007ffca4b1c000 	C:\WINDOWS\SYSTEM32\devobj.dll
0x00007ffca4b20000 - 0x00007ffca4b6e000 	C:\WINDOWS\SYSTEM32\cfgmgr32.dll
0x00007ffca46c0000 - 0x00007ffca470b000 	C:\WINDOWS\SYSTEM32\wldp.dll
0x00007ffca5750000 - 0x00007ffca57bb000 	C:\WINDOWS\System32\WINTRUST.DLL
0x00007ffca77d0000 - 0x00007ffca77ef000 	C:\WINDOWS\System32\imagehlp.dll
0x00007ffc2c220000 - 0x00007ffc2d9a8000 	C:\WINDOWS\System32\DriverStore\FileRepository\nv_dispig.inf_amd64_647b4244e991951b\nvd3dumx.dll
0x00007ffc9ec10000 - 0x00007ffc9ec5a000 	C:\WINDOWS\SYSTEM32\directxdatabasehelper.dll
0x00007ffc67880000 - 0x00007ffc67b51000 	C:\WINDOWS\system32\nvspcap64.dll
0x00007ffca3f40000 - 0x00007ffca3f74000 	C:\WINDOWS\SYSTEM32\ntmarta.dll
0x00007ffca4400000 - 0x00007ffca4426000 	C:\WINDOWS\SYSTEM32\gpapi.dll
0x00007ffc2f6f0000 - 0x00007ffc2f779000 	C:\Program Files\Eclipse Adoptium\jdk-17.0.3.7-hotspot\bin\freetype.dll
0x00007ffc261f0000 - 0x00007ffc26298000 	C:\Program Files\Eclipse Adoptium\jdk-17.0.3.7-hotspot\bin\fontmanager.dll
0x00007ffca5840000 - 0x00007ffca58f0000 	C:\WINDOWS\System32\clbcatq.dll
0x00007ffca09b0000 - 0x00007ffca0b60000 	C:\WINDOWS\SYSTEM32\WindowsCodecs.dll
0x00007ffc777a0000 - 0x00007ffc777fe000 	C:\WINDOWS\system32\dataexchange.dll
0x00007ffc9b2e0000 - 0x00007ffc9b56f000 	C:\WINDOWS\system32\twinapi.appcore.dll
0x00007ffc91760000 - 0x00007ffc918aa000 	C:\WINDOWS\SYSTEM32\textinputframework.dll
0x00007ffc72ed0000 - 0x00007ffc72f4b000 	C:\Users\NOWY\AppData\Local\Temp\lwjgl_NOWY\3.3.3+5\x64\lwjgl.dll
0x00007ffca1da0000 - 0x00007ffca1ed4000 	C:\WINDOWS\SYSTEM32\CoreMessaging.dll
0x00007ffc9dd60000 - 0x00007ffc9e0cc000 	C:\WINDOWS\SYSTEM32\CoreUIComponents.dll
0x00007ffc2e670000 - 0x00007ffc2e6f2000 	C:\Users\NOWY\AppData\Local\Temp\lwjgl_NOWY\3.3.3+5\x64\glfw.dll
0x00007ffc90500000 - 0x00007ffc90546000 	C:\WINDOWS\SYSTEM32\dinput8.dll
0x00007ffc90eb0000 - 0x00007ffc90ec1000 	C:\WINDOWS\SYSTEM32\xinput1_4.dll
0x00007ffc90710000 - 0x00007ffc9091a000 	C:\WINDOWS\SYSTEM32\inputhost.dll
0x00007ffc9bc80000 - 0x00007ffc9bdb5000 	C:\Windows\System32\AppXDeploymentClient.dll
0x00007ffbee0b0000 - 0x00007ffbf10d8000 	C:\WINDOWS\System32\DriverStore\FileRepository\nv_dispig.inf_amd64_647b4244e991951b\nvoglv64.dll
0x00007ffca5ae0000 - 0x00007ffca5f54000 	C:\WINDOWS\System32\SETUPAPI.dll
0x00007ffca3cd0000 - 0x00007ffca3ce4000 	C:\WINDOWS\SYSTEM32\WTSAPI32.dll
0x00007ffca3c80000 - 0x00007ffca3ccd000 	C:\WINDOWS\SYSTEM32\powrprof.dll
0x00007ffca3c60000 - 0x00007ffca3c73000 	C:\WINDOWS\SYSTEM32\UMPDC.dll
0x00007ffca38a0000 - 0x00007ffca3906000 	C:\WINDOWS\SYSTEM32\WINSTA.dll
0x00007ffc72db0000 - 0x00007ffc72e0e000 	C:\Users\NOWY\AppData\Local\Temp\lwjgl_NOWY\3.3.3+5\x64\lwjgl_opengl.dll

dbghelp: loaded successfully - version: 4.0.5 - missing functions: none
symbol engine: initialized successfully - sym options: 0x614 - pdb path: .;C:\Program Files\Eclipse Adoptium\jdk-17.0.3.7-hotspot\bin;C:\WINDOWS\SYSTEM32;C:\WINDOWS\WinSxS\amd64_microsoft.windows.common-controls_6595b64144ccf1df_6.0.22621.3235_none_270f74e173860f98;C:\Program Files\Eclipse Adoptium\jdk-17.0.3.7-hotspot\bin\server;C:\Program Files\JetBrains\IntelliJ IDEA 2023.3.1\bin;C:\WINDOWS\System32\DriverStore\FileRepository\nv_dispig.inf_amd64_647b4244e991951b;C:\Users\NOWY\AppData\Local\Temp\lwjgl_NOWY\3.3.3+5\x64

VM Arguments:
jvm_args: -javaagent:C:\Program Files\JetBrains\IntelliJ IDEA 2023.3.1\lib\idea_rt.jar=54791:C:\Program Files\JetBrains\IntelliJ IDEA 2023.3.1\bin -Dfile.encoding=UTF-8 
java_command: Client.Main --stacktrace --info
java_class_path (initial): C:\Users\NOWY\IdeaProjects\ping_pong\out\production\classes;C:\Users\NOWY\.gradle\caches\modules-2\files-2.1\org.glassfish.tyrus\tyrus-container-grizzly-server\2.1.5\ecb31da1532856cb63a4aa731e82a78f9a138392\tyrus-container-grizzly-server-2.1.5.jar;C:\Users\NOWY\.gradle\caches\modules-2\files-2.1\org.glassfish.tyrus\tyrus-server\2.1.5\10c6822ef2a096d16d32ae2abc4dd4489f689d7d\tyrus-server-2.1.5.jar;C:\Users\NOWY\.gradle\caches\modules-2\files-2.1\com.diogonunes\JColor\5.5.1\2421e902077e3845c8e93867d3e1ff4e94f7bcc5\JColor-5.5.1.jar;C:\Users\NOWY\.gradle\caches\modules-2\files-2.1\com.google.code.gson\gson\2.10.1\b3add478d4382b78ea20b1671390a858002feb6c\gson-2.10.1.jar;C:\Users\NOWY\.gradle\caches\modules-2\files-2.1\jakarta.websocket\jakarta.websocket-client-api\2.2.0-M1\747367f16f139454685dcae1f87104e86d5753c2\jakarta.websocket-client-api-2.2.0-M1.jar;C:\Users\NOWY\.gradle\caches\modules-2\files-2.1\org.eclipse.jetty.websocket\javax-websocket-server-impl\9.4.54.v20240208\6ae2862606632ec0cc48492c6a8c61888e2508d7\javax-websocket-server-impl-9.4.54.v20240208.jar;C:\Users\NOWY\.gradle\caches\modules-2\files-2.1\org.glassfish.tyrus.bundles\tyrus-standalone-client\2.1.5\2d7664a72b684fff105c54abaacdad53e62e441d\tyrus-standalone-client-2.1.5.jar;C:\Users\NOWY\.gradle\caches\modules-2\files-2.1\org.lwjgl\lwjgl-assimp\3.3.3\c2c34011cbda30ed8cf98bc5cbf97b49afe5279a\lwjgl-assimp-3.3.3.jar;C:\Users\NOWY\.gradle\caches\modules-2\files-2.1\org.lwjgl\lwjgl-glfw\3.3.3\efa1eb78c5ccd840e9f329717109b5e892d72f8e\lwjgl-glfw-3.3.3.jar;C:\Users\NOWY\.gradle\caches\modules-2\files-2.1\org.lwjgl\lwjgl-openal\3.3.3\daada81ceb5fc0c291fbfdd4433cb8d9423577f2\lwjgl-openal-3.3.3.jar;C:\Users\NOWY\.gradle\caches\modules-2\files-2.1\org.lwjgl\lwjgl-opengl\3.3.3\2f6b0147078396a58979125a4c947664e98293a\lwjgl-opengl-3.3.3.jar;C:\Users\NOWY\.gradle\caches\modules-2\files-2.1\org.lwjgl\lwjgl-stb\3.3.3\25dd6161988d7e65f71d5065c99902402ee32746\lwjgl-stb-3.3.3.jar;C:\Users\NOWY\.g
Launcher Type: SUN_STANDARD

[Global flags]
     intx CICompilerCount                          = 12                                        {product} {ergonomic}
     uint ConcGCThreads                            = 4                                         {product} {ergonomic}
     uint G1ConcRefinementThreads                  = 15                                        {product} {ergonomic}
   size_t G1HeapRegionSize                         = 2097152                                   {product} {ergonomic}
    uintx GCDrainStackTargetSize                   = 64                                        {product} {ergonomic}
   size_t InitialHeapSize                          = 266338304                                 {product} {ergonomic}
   size_t MarkStackSize                            = 4194304                                   {product} {ergonomic}
   size_t MaxHeapSize                              = 4236247040                                {product} {ergonomic}
   size_t MaxNewSize                               = 2541748224                                {product} {ergonomic}
   size_t MinHeapDeltaBytes                        = 2097152                                   {product} {ergonomic}
   size_t MinHeapSize                              = 8388608                                   {product} {ergonomic}
    uintx NonNMethodCodeHeapSize                   = 7602480                                {pd product} {ergonomic}
    uintx NonProfiledCodeHeapSize                  = 122027880                              {pd product} {ergonomic}
    uintx ProfiledCodeHeapSize                     = 122027880                              {pd product} {ergonomic}
    uintx ReservedCodeCacheSize                    = 251658240                              {pd product} {ergonomic}
     bool SegmentedCodeCache                       = true                                      {product} {ergonomic}
   size_t SoftMaxHeapSize                          = 4236247040                             {manageable} {ergonomic}
     bool UseCompressedClassPointers               = true                           {product lp64_product} {ergonomic}
     bool UseCompressedOops                        = true                           {product lp64_product} {ergonomic}
     bool UseG1GC                                  = true                                      {product} {ergonomic}
     bool UseLargePagesIndividualAllocation        = false                                  {pd product} {ergonomic}

Logging:
Log output configuration:
 #0: stdout all=warning uptime,level,tags
 #1: stderr all=off uptime,level,tags

Environment Variables:
PATH=C:\Program Files\Common Files\Oracle\Java\javapath;C:\Program Files (x86)\Common Files\Oracle\Java\javapath;C:\Program Files\Eclipse Adoptium\jdk-17.0.3.7-hotspot\bin;C:\Windows\system32;C:\Windows;C:\Windows\System32\Wbem;C:\Windows\System32\WindowsPowerShell\v1.0\;C:\Windows\System32\OpenSSH\;C:\Program Files (x86)\NVIDIA Corporation\PhysX\Common;C:\Program Files\NVIDIA Corporation\NVIDIA NvDLISR;C:\Program Files\Git\cmd;C:\Users\NOWY\AppData\Roaming\nvm;C:\Program Files\nodejs;C:\WINDOWS\system32;C:\WINDOWS;C:\WINDOWS\System32\Wbem;C:\WINDOWS\System32\WindowsPowerShell\v1.0\;C:\WINDOWS\System32\OpenSSH\;C:\Program Files\PuTTY\;C:\Program Files (x86)\QuickTime\QTSystem\;C:\Program Files\WorldPainter;C:\Program Files\Git LFS;C:\Program Files\MongoDB\Tools\100\bin;C:\Program Files\MongoDB\server\6.0\bin;C:\Users\NOWY\.cargo\bin;C:\Users\NOWY\AppData\Local\Programs\Python\Python310\Scripts\;C:\Users\NOWY\AppData\Local\Programs\Python\Python310\;C:\Users\NOWY\AppData\Local\Microsoft\WindowsApps;C:\Users\NOWY\AppData\Local\Programs\Microsoft VS Code\bin;C:\Users\NOWY\AppData\Roaming\nvm;C:\Users\NOWY\.deno\bin;C:\Program Files\heroku\bin;C:\Users\NOWY\AppData\Local\Microsoft\WindowsApps;C:\Users\NOWY\AppData\Local\Microsoft\WinGet\Packages\Gyan.FFmpeg_Microsoft.Winget.Source_8wekyb3d8bbwe;C:\ffmpeg\bin;C:\Program Files (x86)\BrowserStackLocal\;C:\Users\NOWY\AppData\Local\Google\Cloud SDK\google-cloud-sdk\bin;C:\Users\NOWY\AppData\Roaming\nvm;C:\Program Files\nodejs;C:\Program Files\mongosh\;C:\Users\NOWY\programy;
USERNAME=NOWY
OS=Windows_NT
PROCESSOR_IDENTIFIER=Intel64 Family 6 Model 151 Stepping 2, GenuineIntel



---------------  S Y S T E M  ---------------

OS:
 Windows 11 , 64 bit Build 22621 (10.0.22621.3235)
OS uptime: 0 days 7:38 hours
Hyper-V role detected

CPU: total 20 (initial active 20) (10 cores per cpu, 2 threads per core) family 6 model 151 stepping 2 microcode 0x1a, cx8, cmov, fxsr, ht, mmx, 3dnowpref, sse, sse2, sse3, ssse3, sse4.1, sse4.2, popcnt, lzcnt, tsc, tscinvbit, avx, avx2, aes, erms, clmul, bmi1, bmi2, adx, sha, fma, vzeroupper, clflush, clflushopt, clwb, hv

Memory: 4k page, system-wide physical 16157M (5773M free)
TotalPageFile size 29469M (AvailPageFile size 10999M)
current process WorkingSet (physical memory assigned to process): 169M, peak: 169M
current process commit charge ("private bytes"): 493M, peak: 496M

vm_info: OpenJDK 64-Bit Server VM (17.0.3+7) for windows-amd64 JRE (17.0.3+7), built on Apr 19 2022 16:55:35 by "" with MS VC++ 16.7 (VS2019)

END.
