#
# A fatal error has been detected by the Java Runtime Environment:
#
#  EXCEPTION_ACCESS_VIOLATION (0xc0000005) at pc=0x00007ffbeed68e19, pid=23212, tid=7780
#
# JRE version: OpenJDK Runtime Environment Temurin-17.0.3+7 (17.0.3+7) (build 17.0.3+7)
# Java VM: OpenJDK 64-Bit Server VM Temurin-17.0.3+7 (17.0.3+7, mixed mode, sharing, tiered, compressed oops, compressed class ptrs, g1 gc, windows-amd64)
# Problematic frame:
# C  [nvoglv64.dll+0xcb8e19]
#
# No core dump will be written. Minidumps are not enabled by default on client versions of Windows
#
# If you would like to submit a bug report, please visit:
#   https://github.com/adoptium/adoptium-support/issues
# The crash happened outside the Java Virtual Machine in native code.
# See problematic frame for where to report the bug.
#

---------------  S U M M A R Y ------------

Command Line: -javaagent:C:\Program Files\JetBrains\IntelliJ IDEA 2023.3.1\lib\idea_rt.jar=54775:C:\Program Files\JetBrains\IntelliJ IDEA 2023.3.1\bin -Dfile.encoding=UTF-8 Client.Main --stacktrace --info

Host: 12th Gen Intel(R) Core(TM) i7-12700K, 20 cores, 15G,  Windows 11 , 64 bit Build 22621 (10.0.22621.3235)
Time: Sat Apr  6 16:56:27 2024  Windows 11 , 64 bit Build 22621 (10.0.22621.3235) elapsed time: 57.509963 seconds (0d 0h 0m 57s)

---------------  T H R E A D  ---------------

Current thread (0x0000016dc9d0c120):  JavaThread "Thread-1" daemon [_thread_in_native, id=7780, stack(0x0000001c50a30000,0x0000001c50b30000)]

Stack: [0x0000001c50a30000,0x0000001c50b30000],  sp=0x0000001c50b2f000,  free space=1020k
Native frames: (J=compiled Java code, j=interpreted, Vv=VM code, C=native code)
C  [nvoglv64.dll+0xcb8e19]

Java frames: (J=compiled Java code, j=interpreted, Vv=VM code)
J 2160  org.lwjgl.opengl.GL11C.nglDrawElements(IIIJ)V (0 bytes) @ 0x0000016db3441976 [0x0000016db3441920+0x0000000000000056]
J 2159 c1 org.lwjgl.opengl.GL11C.glDrawElements(IIIJ)V (8 bytes) @ 0x0000016dac3738ec [0x0000016dac3738a0+0x000000000000004c]
J 2158 c1 org.lwjgl.opengl.GL11.glDrawElements(IIIJ)V (8 bytes) @ 0x0000016dac3722ec [0x0000016dac3722a0+0x000000000000004c]
J 2187 c1 Renderer.GameSceneRenderer.render(Ljava/util/ArrayList;)V (235 bytes) @ 0x0000016dac37f8fc [0x0000016dac37ee00+0x0000000000000afc]
j  Renderer.GameSceneRenderer.loop()V+69
j  Renderer.GameSceneRenderer.run()V+17
v  ~StubRoutines::call_stub

siginfo: EXCEPTION_ACCESS_VIOLATION (0xc0000005), reading address 0x0000000000000014


Register to memory mapping:

RIP=0x00007ffbeed68e19 nvoglv64.dll
RAX=0x000000065ba2dbe5 is an unknown value
RBX=0x0000000000000001 is an unknown value
RCX=0x0 is NULL
RDX=0x0000003f9cd7a60d is an unknown value
RSP=0x0000001c50b2f000 is pointing into the stack for thread: 0x0000016dc9d0c120
RBP=0x0000000000000006 is an unknown value
RSI=0x0000000000000006 is an unknown value
RDI=0x0000000000001405 is an unknown value
R8 =0x000000000000001a is an unknown value
R9 =0x0 is NULL
R10=0x0000000000000001 is an unknown value
R11=0xfffffffff784f0ed is an unknown value
R12=0x0000000000000004 is an unknown value
R13=0x0000016dd145f080 points into unknown readable memory: 0x0000000000000000 | 00 00 00 00 00 00 00 00
R14=0x0 is NULL
R15=0x0000016dd145fe48 points into unknown readable memory: 0x0000000000000004 | 04 00 00 00 00 00 00 00


Registers:
RAX=0x000000065ba2dbe5, RBX=0x0000000000000001, RCX=0x0000000000000000, RDX=0x0000003f9cd7a60d
RSP=0x0000001c50b2f000, RBP=0x0000000000000006, RSI=0x0000000000000006, RDI=0x0000000000001405
R8 =0x000000000000001a, R9 =0x0000000000000000, R10=0x0000000000000001, R11=0xfffffffff784f0ed
R12=0x0000000000000004, R13=0x0000016dd145f080, R14=0x0000000000000000, R15=0x0000016dd145fe48
RIP=0x00007ffbeed68e19, EFLAGS=0x0000000000010246

Top of Stack: (sp=0x0000001c50b2f000)
0x0000001c50b2f000:   0000000000000001 0000001c50b2f090
0x0000001c50b2f010:   0000016dcb22a218 0000000000000000
0x0000001c50b2f020:   0000016dc8a4cb90 0000016db3441216
0x0000001c50b2f030:   0000000000000010 0000001c50b2f0a0
0x0000001c50b2f040:   0000000000000000 0000000000000000
0x0000001c50b2f050:   0000016dd145fe48 0000016dc8a4cb90
0x0000001c50b2f060:   0000001c50b2f380 0000016dac36b026
0x0000001c50b2f070:   0000000703840eb8 0000000000000000
0x0000001c50b2f080:   0000001c50b2f1b0 0000000000001405
0x0000001c50b2f090:   0000000000000004 0000016dd145f080
0x0000001c50b2f0a0:   0000000000000006 0000001c50b2f1c0
0x0000001c50b2f0b0:   0000000000000000 00007ffbee9c7806
0x0000001c50b2f0c0:   0000000000000000 0000000700000004
0x0000001c50b2f0d0:   0000001c00000000 0000016d00000000
0x0000001c50b2f0e0:   0000000700000018 0000001c00001405
0x0000001c50b2f0f0:   0000000000000000 0000016d00000000 

Instructions: (pc=0x00007ffbeed68e19)
0x00007ffbeed68d19:   57 48 83 ec 78 4c 8b b9 f8 02 00 00 4c 8b e9 48
0x00007ffbeed68d29:   63 ac 24 e0 00 00 00 44 8b c2 8b bc 24 e8 00 00
0x00007ffbeed68d39:   00 8b d5 4c 8b b4 24 f0 00 00 00 8b cf 45 8b 57
0x00007ffbeed68d49:   14 41 8b 47 18 41 f7 d2 45 23 57 0c 41 0b c2 d1
0x00007ffbeed68d59:   e9 83 e1 03 4c 89 7c 24 50 d3 e2 f7 d0 41 23 47
0x00007ffbeed68d69:   10 41 80 7f 1e 00 89 94 24 e0 00 00 00 0f 85 64
0x00007ffbeed68d79:   08 00 00 41 80 bd 4c ec 55 00 00 0f 85 56 08 00
0x00007ffbeed68d89:   00 85 ed 0f 8e 4e 08 00 00 41 83 f8 0e 0f 87 44
0x00007ffbeed68d99:   08 00 00 41 3b 95 68 ee 55 00 0f 8f 37 08 00 00
0x00007ffbeed68da9:   41 83 7f 08 00 0f 85 2c 08 00 00 41 80 7f 1d 00
0x00007ffbeed68db9:   0f 85 21 08 00 00 41 80 7f 1c 00 0f 85 16 08 00
0x00007ffbeed68dc9:   00 41 80 bd 55 38 55 00 00 0f 85 08 08 00 00 41
0x00007ffbeed68dd9:   80 bd 5c 38 55 00 00 0f 85 fa 07 00 00 a9 00 00
0x00007ffbeed68de9:   03 00 0f 85 ef 07 00 00 44 0b d0 45 85 57 20 0f
0x00007ffbeed68df9:   85 e2 07 00 00 bb 01 00 00 00 49 8d 8d c0 ef 55
0x00007ffbeed68e09:   00 8b d3 e8 1f 46 e7 ff 81 ff 05 14 00 00 75 18
0x00007ffbeed68e19:   41 8b 44 ae fc 4c 8d 65 ff 41 8b 0e 8b f8 3b c8
0x00007ffbeed68e29:   0f 47 f9 0f 42 c1 eb 5b 81 ff 03 14 00 00 75 24
0x00007ffbeed68e39:   41 0f b7 4c 6e fe 4c 8d 65 ff 41 0f b7 16 0f b7
0x00007ffbeed68e49:   c1 66 3b d1 66 0f 47 c2 66 0f 42 ca 0f b7 f8 0f
0x00007ffbeed68e59:   b7 c1 eb 2f 81 ff 01 14 00 00 0f 85 77 07 00 00
0x00007ffbeed68e69:   42 0f b6 54 35 ff 4c 8d 65 ff 45 0f b6 06 8b ca
0x00007ffbeed68e79:   44 3a c2 41 0f 47 c8 0f b6 f9 8b ca 41 0f 42 c8
0x00007ffbeed68e89:   0f b6 c1 49 8b cf 8d 75 ff 2b f8 e8 47 0b 00 00
0x00007ffbeed68e99:   45 8b 57 78 41 8b c2 0f af c7 44 89 94 24 c0 00
0x00007ffbeed68ea9:   00 00 41 3b 85 6c ee 55 00 0f 8f 21 07 00 00 8b
0x00007ffbeed68eb9:   84 24 e8 00 00 00 0f 29 74 24 60 3d 05 14 00 00
0x00007ffbeed68ec9:   0f 85 f6 00 00 00 45 8b 3e 41 8b ff 49 8d 56 04
0x00007ffbeed68ed9:   3b eb 0f 8e 70 03 00 00 83 fe 08 0f 82 b1 00 00
0x00007ffbeed68ee9:   00 83 3d ff 36 07 02 02 0f 8c a4 00 00 00 81 e6
0x00007ffbeed68ef9:   07 00 00 80 7d 07 ff ce 83 ce f8 ff c6 66 41 0f
0x00007ffbeed68f09:   6e cf 8b c5 66 0f 70 c9 00 2b c6 66 0f 6f d9 66 


Stack slot to memory mapping:
stack at sp + 0 slots: 0x0000000000000001 is an unknown value
stack at sp + 1 slots: 0x0000001c50b2f090 is pointing into the stack for thread: 0x0000016dc9d0c120
stack at sp + 2 slots: 0x0000016dcb22a218 is pointing into metadata
stack at sp + 3 slots: 0x0 is NULL
stack at sp + 4 slots: 0x0000016dc8a4cb90 points into unknown readable memory: 0x3f4cccccbf7e6666 | 66 66 7e bf cc cc 4c 3f
stack at sp + 5 slots: 0x0000016db3441216 is at entry_point+246 in (nmethod*)0x0000016db3440f90
stack at sp + 6 slots: 0x0000000000000010 is an unknown value
stack at sp + 7 slots: 0x0000001c50b2f0a0 is pointing into the stack for thread: 0x0000016dc9d0c120


---------------  P R O C E S S  ---------------

Threads class SMR info:
_java_thread_list=0x0000016dca4bb5f0, length=33, elements={
0x0000016da3d33990, 0x0000016dc7bd70c0, 0x0000016dc7bd7c40, 0x0000016dc7beecb0,
0x0000016dc7bef860, 0x0000016dc7bf3330, 0x0000016dc7bf5cf0, 0x0000016dc7bf8a90,
0x0000016dc7c01540, 0x0000016dc7c03f40, 0x0000016dc799dcd0, 0x0000016dc7f1ab00,
0x0000016dc7f1afd0, 0x0000016dc8f98f80, 0x0000016dc8f8d4d0, 0x0000016dc8f91d70,
0x0000016dc906a4f0, 0x0000016dc96b9a20, 0x0000016dc96ba3c0, 0x0000016dc96b9550,
0x0000016dc9d0a910, 0x0000016dc9d0bc50, 0x0000016dc9d0b2b0, 0x0000016dc9d04da0,
0x0000016dc9d05c10, 0x0000016dc9d09f70, 0x0000016dc9d060e0, 0x0000016dc9d06f50,
0x0000016dc9d07420, 0x0000016dc9d0b780, 0x0000016dc9d09100, 0x0000016dc9d078f0,
0x0000016dc9d0c120
}

Java Threads: ( => current thread )
  0x0000016da3d33990 JavaThread "main" [_thread_in_native, id=17504, stack(0x0000001c4d400000,0x0000001c4d500000)]
  0x0000016dc7bd70c0 JavaThread "Reference Handler" daemon [_thread_blocked, id=2924, stack(0x0000001c4db00000,0x0000001c4dc00000)]
  0x0000016dc7bd7c40 JavaThread "Finalizer" daemon [_thread_blocked, id=8604, stack(0x0000001c4dc00000,0x0000001c4dd00000)]
  0x0000016dc7beecb0 JavaThread "Signal Dispatcher" daemon [_thread_blocked, id=22892, stack(0x0000001c4dd00000,0x0000001c4de00000)]
  0x0000016dc7bef860 JavaThread "Attach Listener" daemon [_thread_blocked, id=5588, stack(0x0000001c4de00000,0x0000001c4df00000)]
  0x0000016dc7bf3330 JavaThread "Service Thread" daemon [_thread_blocked, id=19252, stack(0x0000001c4df00000,0x0000001c4e000000)]
  0x0000016dc7bf5cf0 JavaThread "Monitor Deflation Thread" daemon [_thread_blocked, id=22704, stack(0x0000001c4e000000,0x0000001c4e100000)]
  0x0000016dc7bf8a90 JavaThread "C2 CompilerThread0" daemon [_thread_blocked, id=23468, stack(0x0000001c4e100000,0x0000001c4e200000)]
  0x0000016dc7c01540 JavaThread "C1 CompilerThread0" daemon [_thread_blocked, id=6532, stack(0x0000001c4e200000,0x0000001c4e300000)]
  0x0000016dc7c03f40 JavaThread "Sweeper thread" daemon [_thread_blocked, id=18640, stack(0x0000001c4e300000,0x0000001c4e400000)]
  0x0000016dc799dcd0 JavaThread "Common-Cleaner" daemon [_thread_blocked, id=11504, stack(0x0000001c4e400000,0x0000001c4e500000)]
  0x0000016dc7f1ab00 JavaThread "Monitor Ctrl-Break" daemon [_thread_in_native, id=12244, stack(0x0000001c4e900000,0x0000001c4ea00000)]
  0x0000016dc7f1afd0 JavaThread "Notification Thread" daemon [_thread_blocked, id=18708, stack(0x0000001c4ea00000,0x0000001c4eb00000)]
  0x0000016dc8f98f80 JavaThread "Grizzly(1) SelectorRunner" daemon [_thread_in_native, id=19296, stack(0x0000001c4ec00000,0x0000001c4ed00000)]
  0x0000016dc8f8d4d0 JavaThread "Grizzly(1)" daemon [_thread_blocked, id=4220, stack(0x0000001c4ed00000,0x0000001c4ee00000)]
  0x0000016dc8f91d70 JavaThread "Grizzly(2)" daemon [_thread_blocked, id=5188, stack(0x0000001c4ee00000,0x0000001c4ef00000)]
  0x0000016dc906a4f0 JavaThread "tyrus-1-thread-1" daemon [_thread_blocked, id=20040, stack(0x0000001c4f100000,0x0000001c4f200000)]
  0x0000016dc96b9a20 JavaThread "Java2D Disposer" daemon [_thread_blocked, id=16412, stack(0x0000001c4f200000,0x0000001c4f300000)]
  0x0000016dc96ba3c0 JavaThread "AWT-Shutdown" [_thread_blocked, id=2908, stack(0x0000001c4f300000,0x0000001c4f400000)]
  0x0000016dc96b9550 JavaThread "AWT-Windows" daemon [_thread_in_native, id=12292, stack(0x0000001c4f400000,0x0000001c4f500000)]
  0x0000016dc9d0a910 JavaThread "AWT-EventQueue-0" [_thread_blocked, id=3848, stack(0x0000001c4fe20000,0x0000001c4ff20000)]
  0x0000016dc9d0bc50 JavaThread "D3D Screen Updater" daemon [_thread_blocked, id=5304, stack(0x0000001c50220000,0x0000001c50320000)]
  0x0000016dc9d0b2b0 JavaThread "tyrus-1-thread-2" daemon [_thread_blocked, id=19828, stack(0x0000001c50330000,0x0000001c50430000)]
  0x0000016dc9d04da0 JavaThread "tyrus-1-thread-3" daemon [_thread_blocked, id=5452, stack(0x0000001c50430000,0x0000001c50530000)]
  0x0000016dc9d05c10 JavaThread "tyrus-1-thread-4" daemon [_thread_blocked, id=23388, stack(0x0000001c4e5a0000,0x0000001c4e6a0000)]
  0x0000016dc9d09f70 JavaThread "tyrus-1-thread-5" daemon [_thread_blocked, id=4164, stack(0x0000001c4e6a0000,0x0000001c4e7a0000)]
  0x0000016dc9d060e0 JavaThread "tyrus-1-thread-6" daemon [_thread_blocked, id=13636, stack(0x0000001c50530000,0x0000001c50630000)]
  0x0000016dc9d06f50 JavaThread "tyrus-1-thread-7" daemon [_thread_blocked, id=15104, stack(0x0000001c50630000,0x0000001c50730000)]
  0x0000016dc9d07420 JavaThread "tyrus-1-thread-8" daemon [_thread_blocked, id=10908, stack(0x0000001c50730000,0x0000001c50830000)]
  0x0000016dc9d0b780 JavaThread "tyrus-1-thread-9" daemon [_thread_blocked, id=7728, stack(0x0000001c50830000,0x0000001c50930000)]
  0x0000016dc9d09100 JavaThread "tyrus-1-thread-10" daemon [_thread_blocked, id=7884, stack(0x0000001c50930000,0x0000001c50a30000)]
  0x0000016dc9d078f0 JavaThread "TimerQueue" daemon [_thread_blocked, id=21560, stack(0x0000001c4f500000,0x0000001c4f600000)]
=>0x0000016dc9d0c120 JavaThread "Thread-1" daemon [_thread_in_native, id=7780, stack(0x0000001c50a30000,0x0000001c50b30000)]

Other Threads:
  0x0000016dc79ae0f0 VMThread "VM Thread" [stack: 0x0000001c4da00000,0x0000001c4db00000] [id=9660]
  0x0000016da3dcaab0 WatcherThread [stack: 0x0000001c4eb00000,0x0000001c4ec00000] [id=440]
  0x0000016da3da0130 GCTaskThread "GC Thread#0" [stack: 0x0000001c4d500000,0x0000001c4d600000] [id=22272]
  0x0000016dc9c4d3f0 GCTaskThread "GC Thread#1" [stack: 0x0000001c4e800000,0x0000001c4e900000] [id=18896]
  0x0000016dc9c4d6a0 GCTaskThread "GC Thread#2" [stack: 0x0000001c4ef00000,0x0000001c4f000000] [id=23204]
  0x0000016dc9c4d950 GCTaskThread "GC Thread#3" [stack: 0x0000001c4f720000,0x0000001c4f820000] [id=4948]
  0x0000016dc9c4dc00 GCTaskThread "GC Thread#4" [stack: 0x0000001c4f820000,0x0000001c4f920000] [id=16924]
  0x0000016dc9c4deb0 GCTaskThread "GC Thread#5" [stack: 0x0000001c4f920000,0x0000001c4fa20000] [id=8248]
  0x0000016dc9c85d90 GCTaskThread "GC Thread#6" [stack: 0x0000001c4fa20000,0x0000001c4fb20000] [id=1560]
  0x0000016dc9c86040 GCTaskThread "GC Thread#7" [stack: 0x0000001c4fb20000,0x0000001c4fc20000] [id=3284]
  0x0000016dc9c862f0 GCTaskThread "GC Thread#8" [stack: 0x0000001c4fc20000,0x0000001c4fd20000] [id=21212]
  0x0000016dc9c865a0 GCTaskThread "GC Thread#9" [stack: 0x0000001c4fd20000,0x0000001c4fe20000] [id=22376]
  0x0000016da3db1d00 ConcurrentGCThread "G1 Main Marker" [stack: 0x0000001c4d600000,0x0000001c4d700000] [id=19612]
  0x0000016da3db2710 ConcurrentGCThread "G1 Conc#0" [stack: 0x0000001c4d700000,0x0000001c4d800000] [id=17652]
  0x0000016dc786d680 ConcurrentGCThread "G1 Refine#0" [stack: 0x0000001c4d800000,0x0000001c4d900000] [id=11780]
  0x0000016dc786eec0 ConcurrentGCThread "G1 Service" [stack: 0x0000001c4d900000,0x0000001c4da00000] [id=3652]

Threads with active compile tasks:

VM state: not at safepoint (normal execution)

VM Mutex/Monitor currently owned by a thread: None

Heap address: 0x0000000703800000, size: 4040 MB, Compressed Oops mode: Zero based, Oop shift amount: 3

CDS archive(s) mapped at: [0x0000000800000000-0x0000000800bc0000-0x0000000800bc0000), size 12320768, SharedBaseAddress: 0x0000000800000000, ArchiveRelocationMode: 0.
Compressed class space mapped at: 0x0000000800c00000-0x0000000840c00000, reserved size: 1073741824
Narrow klass base: 0x0000000800000000, Narrow klass shift: 0, Narrow klass range: 0x100000000

GC Precious Log:
 CPUs: 20 total, 20 available
 Memory: 16157M
 Large Page Support: Disabled
 NUMA Support: Disabled
 Compressed Oops: Enabled (Zero based)
 Heap Region Size: 2M
 Heap Min Capacity: 8M
 Heap Initial Capacity: 254M
 Heap Max Capacity: 4040M
 Pre-touch: Disabled
 Parallel Workers: 15
 Concurrent Workers: 4
 Concurrent Refinement Workers: 15
 Periodic GC: Disabled

Heap:
 garbage-first heap   total 260096K, used 22850K [0x0000000703800000, 0x0000000800000000)
  region size 2048K, 13 young (26624K), 2 survivors (4096K)
 Metaspace       used 18425K, committed 18688K, reserved 1073152K
  class space    used 1966K, committed 2112K, reserved 1048576K

Heap Regions: E=young(eden), S=young(survivor), O=old, HS=humongous(starts), HC=humongous(continues), CS=collection set, F=free, OA=open archive, CA=closed archive, TAMS=top-at-mark-start (previous, next)
|   0|0x0000000703800000, 0x0000000703850a00, 0x0000000703a00000| 15%| O|  |TAMS 0x0000000703800000, 0x0000000703800000| Untracked 
|   1|0x0000000703a00000, 0x0000000703a00000, 0x0000000703c00000|  0%| F|  |TAMS 0x0000000703a00000, 0x0000000703a00000| Untracked 
|   2|0x0000000703c00000, 0x0000000703c00000, 0x0000000703e00000|  0%| F|  |TAMS 0x0000000703c00000, 0x0000000703c00000| Untracked 
|   3|0x0000000703e00000, 0x0000000703e00000, 0x0000000704000000|  0%| F|  |TAMS 0x0000000703e00000, 0x0000000703e00000| Untracked 
|   4|0x0000000704000000, 0x0000000704000000, 0x0000000704200000|  0%| F|  |TAMS 0x0000000704000000, 0x0000000704000000| Untracked 
|   5|0x0000000704200000, 0x0000000704200000, 0x0000000704400000|  0%| F|  |TAMS 0x0000000704200000, 0x0000000704200000| Untracked 
|   6|0x0000000704400000, 0x0000000704400000, 0x0000000704600000|  0%| F|  |TAMS 0x0000000704400000, 0x0000000704400000| Untracked 
|   7|0x0000000704600000, 0x0000000704600000, 0x0000000704800000|  0%| F|  |TAMS 0x0000000704600000, 0x0000000704600000| Untracked 
|   8|0x0000000704800000, 0x0000000704800000, 0x0000000704a00000|  0%| F|  |TAMS 0x0000000704800000, 0x0000000704800000| Untracked 
|   9|0x0000000704a00000, 0x0000000704a00000, 0x0000000704c00000|  0%| F|  |TAMS 0x0000000704a00000, 0x0000000704a00000| Untracked 
|  10|0x0000000704c00000, 0x0000000704c00000, 0x0000000704e00000|  0%| F|  |TAMS 0x0000000704c00000, 0x0000000704c00000| Untracked 
|  11|0x0000000704e00000, 0x0000000704e00000, 0x0000000705000000|  0%| F|  |TAMS 0x0000000704e00000, 0x0000000704e00000| Untracked 
|  12|0x0000000705000000, 0x0000000705000000, 0x0000000705200000|  0%| F|  |TAMS 0x0000000705000000, 0x0000000705000000| Untracked 
|  13|0x0000000705200000, 0x0000000705200000, 0x0000000705400000|  0%| F|  |TAMS 0x0000000705200000, 0x0000000705200000| Untracked 
|  14|0x0000000705400000, 0x0000000705400000, 0x0000000705600000|  0%| F|  |TAMS 0x0000000705400000, 0x0000000705400000| Untracked 
|  15|0x0000000705600000, 0x0000000705600000, 0x0000000705800000|  0%| F|  |TAMS 0x0000000705600000, 0x0000000705600000| Untracked 
|  16|0x0000000705800000, 0x0000000705800000, 0x0000000705a00000|  0%| F|  |TAMS 0x0000000705800000, 0x0000000705800000| Untracked 
|  17|0x0000000705a00000, 0x0000000705a00000, 0x0000000705c00000|  0%| F|  |TAMS 0x0000000705a00000, 0x0000000705a00000| Untracked 
|  18|0x0000000705c00000, 0x0000000705c00000, 0x0000000705e00000|  0%| F|  |TAMS 0x0000000705c00000, 0x0000000705c00000| Untracked 
|  19|0x0000000705e00000, 0x0000000705e00000, 0x0000000706000000|  0%| F|  |TAMS 0x0000000705e00000, 0x0000000705e00000| Untracked 
|  20|0x0000000706000000, 0x0000000706000000, 0x0000000706200000|  0%| F|  |TAMS 0x0000000706000000, 0x0000000706000000| Untracked 
|  21|0x0000000706200000, 0x0000000706200000, 0x0000000706400000|  0%| F|  |TAMS 0x0000000706200000, 0x0000000706200000| Untracked 
|  22|0x0000000706400000, 0x0000000706400000, 0x0000000706600000|  0%| F|  |TAMS 0x0000000706400000, 0x0000000706400000| Untracked 
|  23|0x0000000706600000, 0x0000000706600000, 0x0000000706800000|  0%| F|  |TAMS 0x0000000706600000, 0x0000000706600000| Untracked 
|  24|0x0000000706800000, 0x0000000706800000, 0x0000000706a00000|  0%| F|  |TAMS 0x0000000706800000, 0x0000000706800000| Untracked 
|  25|0x0000000706a00000, 0x0000000706a00000, 0x0000000706c00000|  0%| F|  |TAMS 0x0000000706a00000, 0x0000000706a00000| Untracked 
|  26|0x0000000706c00000, 0x0000000706c00000, 0x0000000706e00000|  0%| F|  |TAMS 0x0000000706c00000, 0x0000000706c00000| Untracked 
|  27|0x0000000706e00000, 0x0000000706e00000, 0x0000000707000000|  0%| F|  |TAMS 0x0000000706e00000, 0x0000000706e00000| Untracked 
|  28|0x0000000707000000, 0x0000000707000000, 0x0000000707200000|  0%| F|  |TAMS 0x0000000707000000, 0x0000000707000000| Untracked 
|  29|0x0000000707200000, 0x0000000707200000, 0x0000000707400000|  0%| F|  |TAMS 0x0000000707200000, 0x0000000707200000| Untracked 
|  30|0x0000000707400000, 0x0000000707400000, 0x0000000707600000|  0%| F|  |TAMS 0x0000000707400000, 0x0000000707400000| Untracked 
|  31|0x0000000707600000, 0x0000000707600000, 0x0000000707800000|  0%| F|  |TAMS 0x0000000707600000, 0x0000000707600000| Untracked 
|  32|0x0000000707800000, 0x0000000707800000, 0x0000000707a00000|  0%| F|  |TAMS 0x0000000707800000, 0x0000000707800000| Untracked 
|  33|0x0000000707a00000, 0x0000000707a00000, 0x0000000707c00000|  0%| F|  |TAMS 0x0000000707a00000, 0x0000000707a00000| Untracked 
|  34|0x0000000707c00000, 0x0000000707c00000, 0x0000000707e00000|  0%| F|  |TAMS 0x0000000707c00000, 0x0000000707c00000| Untracked 
|  35|0x0000000707e00000, 0x0000000707e00000, 0x0000000708000000|  0%| F|  |TAMS 0x0000000707e00000, 0x0000000707e00000| Untracked 
|  36|0x0000000708000000, 0x0000000708000000, 0x0000000708200000|  0%| F|  |TAMS 0x0000000708000000, 0x0000000708000000| Untracked 
|  37|0x0000000708200000, 0x0000000708200000, 0x0000000708400000|  0%| F|  |TAMS 0x0000000708200000, 0x0000000708200000| Untracked 
|  38|0x0000000708400000, 0x0000000708400000, 0x0000000708600000|  0%| F|  |TAMS 0x0000000708400000, 0x0000000708400000| Untracked 
|  39|0x0000000708600000, 0x0000000708600000, 0x0000000708800000|  0%| F|  |TAMS 0x0000000708600000, 0x0000000708600000| Untracked 
|  40|0x0000000708800000, 0x0000000708800000, 0x0000000708a00000|  0%| F|  |TAMS 0x0000000708800000, 0x0000000708800000| Untracked 
|  41|0x0000000708a00000, 0x0000000708a00000, 0x0000000708c00000|  0%| F|  |TAMS 0x0000000708a00000, 0x0000000708a00000| Untracked 
|  42|0x0000000708c00000, 0x0000000708c00000, 0x0000000708e00000|  0%| F|  |TAMS 0x0000000708c00000, 0x0000000708c00000| Untracked 
|  43|0x0000000708e00000, 0x0000000708e00000, 0x0000000709000000|  0%| F|  |TAMS 0x0000000708e00000, 0x0000000708e00000| Untracked 
|  44|0x0000000709000000, 0x0000000709000000, 0x0000000709200000|  0%| F|  |TAMS 0x0000000709000000, 0x0000000709000000| Untracked 
|  45|0x0000000709200000, 0x0000000709200000, 0x0000000709400000|  0%| F|  |TAMS 0x0000000709200000, 0x0000000709200000| Untracked 
|  46|0x0000000709400000, 0x0000000709400000, 0x0000000709600000|  0%| F|  |TAMS 0x0000000709400000, 0x0000000709400000| Untracked 
|  47|0x0000000709600000, 0x0000000709600000, 0x0000000709800000|  0%| F|  |TAMS 0x0000000709600000, 0x0000000709600000| Untracked 
|  48|0x0000000709800000, 0x0000000709800000, 0x0000000709a00000|  0%| F|  |TAMS 0x0000000709800000, 0x0000000709800000| Untracked 
|  49|0x0000000709a00000, 0x0000000709a00000, 0x0000000709c00000|  0%| F|  |TAMS 0x0000000709a00000, 0x0000000709a00000| Untracked 
|  50|0x0000000709c00000, 0x0000000709c00000, 0x0000000709e00000|  0%| F|  |TAMS 0x0000000709c00000, 0x0000000709c00000| Untracked 
|  51|0x0000000709e00000, 0x0000000709e00000, 0x000000070a000000|  0%| F|  |TAMS 0x0000000709e00000, 0x0000000709e00000| Untracked 
|  52|0x000000070a000000, 0x000000070a000000, 0x000000070a200000|  0%| F|  |TAMS 0x000000070a000000, 0x000000070a000000| Untracked 
|  53|0x000000070a200000, 0x000000070a200000, 0x000000070a400000|  0%| F|  |TAMS 0x000000070a200000, 0x000000070a200000| Untracked 
|  54|0x000000070a400000, 0x000000070a400000, 0x000000070a600000|  0%| F|  |TAMS 0x000000070a400000, 0x000000070a400000| Untracked 
|  55|0x000000070a600000, 0x000000070a600000, 0x000000070a800000|  0%| F|  |TAMS 0x000000070a600000, 0x000000070a600000| Untracked 
|  56|0x000000070a800000, 0x000000070a800000, 0x000000070aa00000|  0%| F|  |TAMS 0x000000070a800000, 0x000000070a800000| Untracked 
|  57|0x000000070aa00000, 0x000000070aa00000, 0x000000070ac00000|  0%| F|  |TAMS 0x000000070aa00000, 0x000000070aa00000| Untracked 
|  58|0x000000070ac00000, 0x000000070ac00000, 0x000000070ae00000|  0%| F|  |TAMS 0x000000070ac00000, 0x000000070ac00000| Untracked 
|  59|0x000000070ae00000, 0x000000070ae00000, 0x000000070b000000|  0%| F|  |TAMS 0x000000070ae00000, 0x000000070ae00000| Untracked 
|  60|0x000000070b000000, 0x000000070b000000, 0x000000070b200000|  0%| F|  |TAMS 0x000000070b000000, 0x000000070b000000| Untracked 
|  61|0x000000070b200000, 0x000000070b200000, 0x000000070b400000|  0%| F|  |TAMS 0x000000070b200000, 0x000000070b200000| Untracked 
|  62|0x000000070b400000, 0x000000070b400000, 0x000000070b600000|  0%| F|  |TAMS 0x000000070b400000, 0x000000070b400000| Untracked 
|  63|0x000000070b600000, 0x000000070b600000, 0x000000070b800000|  0%| F|  |TAMS 0x000000070b600000, 0x000000070b600000| Untracked 
|  64|0x000000070b800000, 0x000000070b800000, 0x000000070ba00000|  0%| F|  |TAMS 0x000000070b800000, 0x000000070b800000| Untracked 
|  65|0x000000070ba00000, 0x000000070ba00000, 0x000000070bc00000|  0%| F|  |TAMS 0x000000070ba00000, 0x000000070ba00000| Untracked 
|  66|0x000000070bc00000, 0x000000070bc00000, 0x000000070be00000|  0%| F|  |TAMS 0x000000070bc00000, 0x000000070bc00000| Untracked 
|  67|0x000000070be00000, 0x000000070be00000, 0x000000070c000000|  0%| F|  |TAMS 0x000000070be00000, 0x000000070be00000| Untracked 
|  68|0x000000070c000000, 0x000000070c000000, 0x000000070c200000|  0%| F|  |TAMS 0x000000070c000000, 0x000000070c000000| Untracked 
|  69|0x000000070c200000, 0x000000070c200000, 0x000000070c400000|  0%| F|  |TAMS 0x000000070c200000, 0x000000070c200000| Untracked 
|  70|0x000000070c400000, 0x000000070c400000, 0x000000070c600000|  0%| F|  |TAMS 0x000000070c400000, 0x000000070c400000| Untracked 
|  71|0x000000070c600000, 0x000000070c600000, 0x000000070c800000|  0%| F|  |TAMS 0x000000070c600000, 0x000000070c600000| Untracked 
|  72|0x000000070c800000, 0x000000070c800000, 0x000000070ca00000|  0%| F|  |TAMS 0x000000070c800000, 0x000000070c800000| Untracked 
|  73|0x000000070ca00000, 0x000000070ca00000, 0x000000070cc00000|  0%| F|  |TAMS 0x000000070ca00000, 0x000000070ca00000| Untracked 
|  74|0x000000070cc00000, 0x000000070cc00000, 0x000000070ce00000|  0%| F|  |TAMS 0x000000070cc00000, 0x000000070cc00000| Untracked 
|  75|0x000000070ce00000, 0x000000070ce00000, 0x000000070d000000|  0%| F|  |TAMS 0x000000070ce00000, 0x000000070ce00000| Untracked 
|  76|0x000000070d000000, 0x000000070d000000, 0x000000070d200000|  0%| F|  |TAMS 0x000000070d000000, 0x000000070d000000| Untracked 
|  77|0x000000070d200000, 0x000000070d200000, 0x000000070d400000|  0%| F|  |TAMS 0x000000070d200000, 0x000000070d200000| Untracked 
|  78|0x000000070d400000, 0x000000070d400000, 0x000000070d600000|  0%| F|  |TAMS 0x000000070d400000, 0x000000070d400000| Untracked 
|  79|0x000000070d600000, 0x000000070d600000, 0x000000070d800000|  0%| F|  |TAMS 0x000000070d600000, 0x000000070d600000| Untracked 
|  80|0x000000070d800000, 0x000000070d800000, 0x000000070da00000|  0%| F|  |TAMS 0x000000070d800000, 0x000000070d800000| Untracked 
|  81|0x000000070da00000, 0x000000070da00000, 0x000000070dc00000|  0%| F|  |TAMS 0x000000070da00000, 0x000000070da00000| Untracked 
|  82|0x000000070dc00000, 0x000000070dc00000, 0x000000070de00000|  0%| F|  |TAMS 0x000000070dc00000, 0x000000070dc00000| Untracked 
|  83|0x000000070de00000, 0x000000070de00000, 0x000000070e000000|  0%| F|  |TAMS 0x000000070de00000, 0x000000070de00000| Untracked 
|  84|0x000000070e000000, 0x000000070e000000, 0x000000070e200000|  0%| F|  |TAMS 0x000000070e000000, 0x000000070e000000| Untracked 
|  85|0x000000070e200000, 0x000000070e200000, 0x000000070e400000|  0%| F|  |TAMS 0x000000070e200000, 0x000000070e200000| Untracked 
|  86|0x000000070e400000, 0x000000070e400000, 0x000000070e600000|  0%| F|  |TAMS 0x000000070e400000, 0x000000070e400000| Untracked 
|  87|0x000000070e600000, 0x000000070e600000, 0x000000070e800000|  0%| F|  |TAMS 0x000000070e600000, 0x000000070e600000| Untracked 
|  88|0x000000070e800000, 0x000000070e800000, 0x000000070ea00000|  0%| F|  |TAMS 0x000000070e800000, 0x000000070e800000| Untracked 
|  89|0x000000070ea00000, 0x000000070ea00000, 0x000000070ec00000|  0%| F|  |TAMS 0x000000070ea00000, 0x000000070ea00000| Untracked 
|  90|0x000000070ec00000, 0x000000070ec00000, 0x000000070ee00000|  0%| F|  |TAMS 0x000000070ec00000, 0x000000070ec00000| Untracked 
|  91|0x000000070ee00000, 0x000000070ee00000, 0x000000070f000000|  0%| F|  |TAMS 0x000000070ee00000, 0x000000070ee00000| Untracked 
|  92|0x000000070f000000, 0x000000070f000000, 0x000000070f200000|  0%| F|  |TAMS 0x000000070f000000, 0x000000070f000000| Untracked 
|  93|0x000000070f200000, 0x000000070f200000, 0x000000070f400000|  0%| F|  |TAMS 0x000000070f200000, 0x000000070f200000| Untracked 
|  94|0x000000070f400000, 0x000000070f400000, 0x000000070f600000|  0%| F|  |TAMS 0x000000070f400000, 0x000000070f400000| Untracked 
|  95|0x000000070f600000, 0x000000070f600000, 0x000000070f800000|  0%| F|  |TAMS 0x000000070f600000, 0x000000070f600000| Untracked 
|  96|0x000000070f800000, 0x000000070f800000, 0x000000070fa00000|  0%| F|  |TAMS 0x000000070f800000, 0x000000070f800000| Untracked 
|  97|0x000000070fa00000, 0x000000070fa00000, 0x000000070fc00000|  0%| F|  |TAMS 0x000000070fa00000, 0x000000070fa00000| Untracked 
|  98|0x000000070fc00000, 0x000000070fc00000, 0x000000070fe00000|  0%| F|  |TAMS 0x000000070fc00000, 0x000000070fc00000| Untracked 
|  99|0x000000070fe00000, 0x000000070fe00000, 0x0000000710000000|  0%| F|  |TAMS 0x000000070fe00000, 0x000000070fe00000| Untracked 
| 100|0x0000000710000000, 0x0000000710000000, 0x0000000710200000|  0%| F|  |TAMS 0x0000000710000000, 0x0000000710000000| Untracked 
| 101|0x0000000710200000, 0x0000000710200000, 0x0000000710400000|  0%| F|  |TAMS 0x0000000710200000, 0x0000000710200000| Untracked 
| 102|0x0000000710400000, 0x0000000710400000, 0x0000000710600000|  0%| F|  |TAMS 0x0000000710400000, 0x0000000710400000| Untracked 
| 103|0x0000000710600000, 0x0000000710600000, 0x0000000710800000|  0%| F|  |TAMS 0x0000000710600000, 0x0000000710600000| Untracked 
| 104|0x0000000710800000, 0x0000000710800000, 0x0000000710a00000|  0%| F|  |TAMS 0x0000000710800000, 0x0000000710800000| Untracked 
| 105|0x0000000710a00000, 0x0000000710a00000, 0x0000000710c00000|  0%| F|  |TAMS 0x0000000710a00000, 0x0000000710a00000| Untracked 
| 106|0x0000000710c00000, 0x0000000710c00000, 0x0000000710e00000|  0%| F|  |TAMS 0x0000000710c00000, 0x0000000710c00000| Untracked 
| 107|0x0000000710e00000, 0x0000000710e00000, 0x0000000711000000|  0%| F|  |TAMS 0x0000000710e00000, 0x0000000710e00000| Untracked 
| 108|0x0000000711000000, 0x0000000711000000, 0x0000000711200000|  0%| F|  |TAMS 0x0000000711000000, 0x0000000711000000| Untracked 
| 109|0x0000000711200000, 0x0000000711200000, 0x0000000711400000|  0%| F|  |TAMS 0x0000000711200000, 0x0000000711200000| Untracked 
| 110|0x0000000711400000, 0x0000000711400000, 0x0000000711600000|  0%| F|  |TAMS 0x0000000711400000, 0x0000000711400000| Untracked 
| 111|0x0000000711600000, 0x0000000711600000, 0x0000000711800000|  0%| F|  |TAMS 0x0000000711600000, 0x0000000711600000| Untracked 
| 112|0x0000000711800000, 0x0000000711800000, 0x0000000711a00000|  0%| F|  |TAMS 0x0000000711800000, 0x0000000711800000| Untracked 
| 113|0x0000000711a00000, 0x0000000711a00000, 0x0000000711c00000|  0%| F|  |TAMS 0x0000000711a00000, 0x0000000711a00000| Untracked 
| 114|0x0000000711c00000, 0x0000000711e00000, 0x0000000711e00000|100%| S|CS|TAMS 0x0000000711c00000, 0x0000000711c00000| Complete 
| 115|0x0000000711e00000, 0x0000000712000000, 0x0000000712000000|100%| S|CS|TAMS 0x0000000711e00000, 0x0000000711e00000| Complete 
| 116|0x0000000712000000, 0x00000007121e3840, 0x0000000712200000| 94%| E|  |TAMS 0x0000000712000000, 0x0000000712000000| Complete 
| 117|0x0000000712200000, 0x0000000712400000, 0x0000000712400000|100%| E|CS|TAMS 0x0000000712200000, 0x0000000712200000| Complete 
| 118|0x0000000712400000, 0x0000000712600000, 0x0000000712600000|100%| E|CS|TAMS 0x0000000712400000, 0x0000000712400000| Complete 
| 119|0x0000000712600000, 0x0000000712800000, 0x0000000712800000|100%| E|CS|TAMS 0x0000000712600000, 0x0000000712600000| Complete 
| 120|0x0000000712800000, 0x0000000712a00000, 0x0000000712a00000|100%| E|  |TAMS 0x0000000712800000, 0x0000000712800000| Complete 
| 121|0x0000000712a00000, 0x0000000712c00000, 0x0000000712c00000|100%| E|CS|TAMS 0x0000000712a00000, 0x0000000712a00000| Complete 
| 122|0x0000000712c00000, 0x0000000712e00000, 0x0000000712e00000|100%| E|CS|TAMS 0x0000000712c00000, 0x0000000712c00000| Complete 
| 123|0x0000000712e00000, 0x0000000713000000, 0x0000000713000000|100%| E|CS|TAMS 0x0000000712e00000, 0x0000000712e00000| Complete 
| 124|0x0000000713000000, 0x0000000713200000, 0x0000000713200000|100%| E|CS|TAMS 0x0000000713000000, 0x0000000713000000| Complete 
| 125|0x0000000713200000, 0x0000000713400000, 0x0000000713400000|100%| E|CS|TAMS 0x0000000713200000, 0x0000000713200000| Complete 
| 126|0x0000000713400000, 0x0000000713600000, 0x0000000713600000|100%| E|CS|TAMS 0x0000000713400000, 0x0000000713400000| Complete 

Card table byte_map: [0x0000016dbbaa0000,0x0000016dbc290000] _byte_map_base: 0x0000016db8284000

Marking Bits (Prev, Next): (CMBitMap*) 0x0000016da3da1750, (CMBitMap*) 0x0000016da3da1790
 Prev Bits: [0x0000016dbca80000, 0x0000016dc09a0000)
 Next Bits: [0x0000016dc09a0000, 0x0000016dc48c0000)

Polling page: 0x0000016da34f0000

Metaspace:

Usage:
  Non-class:     16.07 MB used.
      Class:      1.92 MB used.
       Both:     17.99 MB used.

Virtual space:
  Non-class space:       24.00 MB reserved,      16.19 MB ( 67%) committed,  3 nodes.
      Class space:        1.00 GB reserved,       2.06 MB ( <1%) committed,  1 nodes.
             Both:        1.02 GB reserved,      18.25 MB (  2%) committed. 

Chunk freelists:
   Non-Class:  3.19 MB
       Class:  1.97 MB
        Both:  5.16 MB

MaxMetaspaceSize: unlimited
CompressedClassSpaceSize: 1.00 GB
Initial GC threshold: 21.00 MB
Current GC threshold: 21.00 MB
CDS: on
MetaspaceReclaimPolicy: balanced
 - commit_granule_bytes: 65536.
 - commit_granule_words: 8192.
 - virtual_space_node_default_size: 1048576.
 - enlarge_chunks_in_place: 1.
 - new_chunks_are_fully_committed: 0.
 - uncommit_free_chunks: 1.
 - use_allocation_guard: 0.
 - handle_deallocations: 1.


Internal statistics:

num_allocs_failed_limit: 0.
num_arena_births: 206.
num_arena_deaths: 0.
num_vsnodes_births: 4.
num_vsnodes_deaths: 0.
num_space_committed: 290.
num_space_uncommitted: 0.
num_chunks_returned_to_freelist: 0.
num_chunks_taken_from_freelist: 541.
num_chunk_merges: 0.
num_chunk_splits: 345.
num_chunks_enlarged: 225.
num_purges: 0.
num_inconsistent_stats: 0.

CodeHeap 'non-profiled nmethods': size=119168Kb used=899Kb max_used=899Kb free=118268Kb
 bounds [0x0000016db33a0000, 0x0000016db3610000, 0x0000016dba800000]
CodeHeap 'profiled nmethods': size=119104Kb used=4978Kb max_used=4978Kb free=114125Kb
 bounds [0x0000016dabf50000, 0x0000016dac430000, 0x0000016db33a0000]
CodeHeap 'non-nmethods': size=7488Kb used=1778Kb max_used=3491Kb free=5709Kb
 bounds [0x0000016dab800000, 0x0000016dabb70000, 0x0000016dabf50000]
 total_blobs=3866 nmethods=2611 adapters=1167
 compilation: enabled
              stopped_count=0, restarted_count=0
 full_count=0

Compilation events (20 events):
Event: 57.431 Thread 0x0000016dc7c01540 2605       3       java.lang.reflect.Field::getFieldAccessor (35 bytes)
Event: 57.431 Thread 0x0000016dc7c01540 nmethod 2605 0x0000016dac42af90 code [0x0000016dac42b140, 0x0000016dac42b328]
Event: 57.431 Thread 0x0000016dc7c01540 2606       3       java.lang.reflect.Field::checkAccess (32 bytes)
Event: 57.431 Thread 0x0000016dc7c01540 nmethod 2606 0x0000016dac42b410 code [0x0000016dac42b5c0, 0x0000016dac42b868]
Event: 57.431 Thread 0x0000016dc7c01540 2602       3       jdk.internal.reflect.UnsafeQualifiedStaticIntegerFieldAccessorImpl::getInt (15 bytes)
Event: 57.431 Thread 0x0000016dc7c01540 nmethod 2602 0x0000016dac42b990 code [0x0000016dac42bb20, 0x0000016dac42bc38]
Event: 57.431 Thread 0x0000016dc7c01540 2603       3       org.lwjgl.glfw.GLFWErrorCallback$1$$Lambda$237/0x0000000800dec8a0::test (12 bytes)
Event: 57.431 Thread 0x0000016dc7c01540 nmethod 2603 0x0000016dac42bd10 code [0x0000016dac42bec0, 0x0000016dac42c2f8]
Event: 57.431 Thread 0x0000016dc7c01540 2604       3       org.lwjgl.glfw.GLFWErrorCallback$1::lambda$$0 (24 bytes)
Event: 57.431 Thread 0x0000016dc7c01540 nmethod 2604 0x0000016dac42c410 code [0x0000016dac42c5a0, 0x0000016dac42c758]
Event: 57.491 Thread 0x0000016dc7bf8a90 2607       4       jdk.internal.misc.Unsafe::checkOffset (32 bytes)
Event: 57.491 Thread 0x0000016dc7bf8a90 nmethod 2607 0x0000016db347fc10 code [0x0000016db347fd80, 0x0000016db347fe18]
Event: 57.492 Thread 0x0000016dc7bf8a90 2608       4       java.lang.ThreadLocal::get (38 bytes)
Event: 57.493 Thread 0x0000016dc7bf8a90 nmethod 2608 0x0000016db347ff10 code [0x0000016db34800a0, 0x0000016db34802b8]
Event: 57.493 Thread 0x0000016dc7bf8a90 2609       4       java.lang.ThreadLocal$ThreadLocalMap::getEntry (42 bytes)
Event: 57.494 Thread 0x0000016dc7c01540 2611       3       org.lwjgl.system.CustomBuffer::remaining (10 bytes)
Event: 57.494 Thread 0x0000016dc7c01540 nmethod 2611 0x0000016dac42c810 code [0x0000016dac42c9a0, 0x0000016dac42cab8]
Event: 57.495 Thread 0x0000016dc7bf8a90 nmethod 2609 0x0000016db3480510 code [0x0000016db34806a0, 0x0000016db3480868]
Event: 57.495 Thread 0x0000016dc7bf8a90 2610       4       org.lwjgl.system.MemoryUtil::memPutAddress (29 bytes)
Event: 57.495 Thread 0x0000016dc7bf8a90 nmethod 2610 0x0000016db3480a10 code [0x0000016db3480b80, 0x0000016db3480bd8]

GC Heap History (2 events):
Event: 0.449 GC heap before
{Heap before GC invocations=0 (full 0):
 garbage-first heap   total 260096K, used 22528K [0x0000000703800000, 0x0000000800000000)
  region size 2048K, 11 young (22528K), 0 survivors (0K)
 Metaspace       used 10097K, committed 10368K, reserved 1064960K
  class space    used 1161K, committed 1280K, reserved 1048576K
}
Event: 0.451 GC heap after
{Heap after GC invocations=1 (full 0):
 garbage-first heap   total 260096K, used 4418K [0x0000000703800000, 0x0000000800000000)
  region size 2048K, 2 young (4096K), 2 survivors (4096K)
 Metaspace       used 10097K, committed 10368K, reserved 1064960K
  class space    used 1161K, committed 1280K, reserved 1048576K
}

Deoptimization events (20 events):
Event: 20.666 Thread 0x0000016dc9d08c30 DEOPT PACKING pc=0x0000016db343a160 sp=0x0000001c50b2ef50
Event: 20.666 Thread 0x0000016dc9d08c30 DEOPT UNPACKING pc=0x0000016dab8523a3 sp=0x0000001c50b2eec8 mode 2
Event: 26.697 Thread 0x0000016dc8f91d70 Uncommon trap: trap_request=0xffffff45 fr.pc=0x0000016db34424a0 relative=0x00000000000000a0
Event: 26.697 Thread 0x0000016dc8f91d70 Uncommon trap: reason=unstable_if action=reinterpret pc=0x0000016db34424a0 method=java.nio.Buffer.position(I)Ljava/nio/Buffer; @ 37 c2
Event: 26.697 Thread 0x0000016dc8f91d70 DEOPT PACKING pc=0x0000016db34424a0 sp=0x0000001c4eefe5a0
Event: 26.697 Thread 0x0000016dc8f91d70 DEOPT UNPACKING pc=0x0000016dab8523a3 sp=0x0000001c4eefe528 mode 2
Event: 28.874 Thread 0x0000016dc8f91d70 DEOPT PACKING pc=0x0000016dac3da1d7 sp=0x0000001c4eefe240
Event: 28.874 Thread 0x0000016dc8f91d70 DEOPT UNPACKING pc=0x0000016dab852b43 sp=0x0000001c4eefd7c0 mode 0
Event: 37.067 Thread 0x0000016dc9d0a910 Uncommon trap: trap_request=0xffffff45 fr.pc=0x0000016db3433618 relative=0x0000000000000098
Event: 37.067 Thread 0x0000016dc9d0a910 Uncommon trap: reason=unstable_if action=reinterpret pc=0x0000016db3433618 method=java.awt.Component.inside(II)Z @ 13 c2
Event: 37.067 Thread 0x0000016dc9d0a910 DEOPT PACKING pc=0x0000016db3433618 sp=0x0000001c4ff1eb90
Event: 37.067 Thread 0x0000016dc9d0a910 DEOPT UNPACKING pc=0x0000016dab8523a3 sp=0x0000001c4ff1ea30 mode 2
Event: 42.679 Thread 0x0000016dc9d0a910 Uncommon trap: trap_request=0xffffff45 fr.pc=0x0000016db34772f4 relative=0x0000000000000d94
Event: 42.679 Thread 0x0000016dc9d0a910 Uncommon trap: reason=unstable_if action=reinterpret pc=0x0000016db34772f4 method=java.awt.Container.getMouseEventTargetImpl(IIZLjava/awt/Container$EventTargetFilter;ZZ)Ljava/awt/Component; @ 218 c2
Event: 42.679 Thread 0x0000016dc9d0a910 DEOPT PACKING pc=0x0000016db34772f4 sp=0x0000001c4ff1eb90
Event: 42.679 Thread 0x0000016dc9d0a910 DEOPT UNPACKING pc=0x0000016dab8523a3 sp=0x0000001c4ff1ea98 mode 2
Event: 57.431 Thread 0x0000016dc9d0c120 Uncommon trap: trap_request=0xffffff45 fr.pc=0x0000016db345c490 relative=0x0000000000000070
Event: 57.431 Thread 0x0000016dc9d0c120 Uncommon trap: reason=unstable_if action=reinterpret pc=0x0000016db345c490 method=java.lang.reflect.Field.getFieldAccessor(Ljava/lang/Object;)Ljdk/internal/reflect/FieldAccessor; @ 6 c2
Event: 57.431 Thread 0x0000016dc9d0c120 DEOPT PACKING pc=0x0000016db345c490 sp=0x0000001c50b2f110
Event: 57.431 Thread 0x0000016dc9d0c120 DEOPT UNPACKING pc=0x0000016dab8523a3 sp=0x0000001c50b2f0a0 mode 2

Classes unloaded (0 events):
No events

Classes redefined (0 events):
No events

Internal exceptions (20 events):
Event: 0.468 Thread 0x0000016da3d33990 Exception <a 'java/lang/ClassNotFoundException'{0x0000000713555d78}: com/sun/swing/internal/plaf/metal/resources/spi/metalProvider> (0x0000000713555d78) 
thrown [e:\jenkins\tmp\workspace\build\src\src\hotspot\share\classfile\systemDictionary.cpp, line 256]
Event: 0.469 Thread 0x0000016da3d33990 Exception <a 'java/lang/ClassNotFoundException'{0x0000000713202140}: com/sun/swing/internal/plaf/basic/resources/spi/basicProvider> (0x0000000713202140) 
thrown [e:\jenkins\tmp\workspace\build\src\src\hotspot\share\classfile\systemDictionary.cpp, line 256]
Event: 0.488 Thread 0x0000016dc96b9550 Exception <a 'java/lang/NoSuchMethodError'{0x000000071328dd88}: 'void java.lang.invoke.DirectMethodHandle$Holder.invokeVirtual(java.lang.Object, java.lang.Object)'> (0x000000071328dd88) 
thrown [e:\jenkins\tmp\workspace\build\src\src\hotspot\share\interpreter\linkResolver.cpp, line 766]
Event: 0.494 Thread 0x0000016da3d33990 Exception <a 'java/lang/NoSuchMethodError'{0x0000000713261998}: 'void java.lang.invoke.DirectMethodHandle$Holder.invokeStaticInit(java.lang.Object)'> (0x0000000713261998) 
thrown [e:\jenkins\tmp\workspace\build\src\src\hotspot\share\interpreter\linkResolver.cpp, line 766]
Event: 0.546 Thread 0x0000016da3d33990 Exception <a 'java/lang/NoSuchMethodError'{0x00000007133cd6b0}: 'java.lang.Object java.lang.invoke.DirectMethodHandle$Holder.invokeStatic(java.lang.Object, java.lang.Object, int)'> (0x00000007133cd6b0) 
thrown [e:\jenkins\tmp\workspace\build\src\src\hotspot\share\interpreter\linkResolver.cpp, line 766]
Event: 0.547 Thread 0x0000016da3d33990 Exception <a 'java/lang/NoSuchMethodError'{0x00000007133d89f0}: 'void java.lang.invoke.DelegatingMethodHandle$Holder.delegate(java.lang.Object, java.lang.Object, int, java.lang.Object)'> (0x00000007133d89f0) 
thrown [e:\jenkins\tmp\workspace\build\src\src\hotspot\share\interpreter\linkResolver.cpp, line 766]
Event: 0.562 Thread 0x0000016da3d33990 Exception <a 'sun/nio/fs/WindowsException'{0x00000007130397c8}> (0x00000007130397c8) 
thrown [e:\jenkins\tmp\workspace\build\src\src\hotspot\share\prims\jni.cpp, line 516]
Event: 0.562 Thread 0x0000016da3d33990 Exception <a 'sun/nio/fs/WindowsException'{0x0000000713039b08}> (0x0000000713039b08) 
thrown [e:\jenkins\tmp\workspace\build\src\src\hotspot\share\prims\jni.cpp, line 516]
Event: 0.572 Thread 0x0000016da3d33990 Exception <a 'java/lang/NoSuchMethodError'{0x00000007130abbb0}: 'int java.lang.invoke.DirectMethodHandle$Holder.invokeStaticInit(java.lang.Object, java.lang.Object, int, long)'> (0x00000007130abbb0) 
thrown [e:\jenkins\tmp\workspace\build\src\src\hotspot\share\interpreter\linkResolver.cpp, line 766]
Event: 0.573 Thread 0x0000016da3d33990 Exception <a 'java/lang/NoSuchMethodError'{0x00000007130b1498}: 'java.lang.Object java.lang.invoke.DirectMethodHandle$Holder.newInvokeSpecial(java.lang.Object, java.lang.Object, int)'> (0x00000007130b1498) 
thrown [e:\jenkins\tmp\workspace\build\src\src\hotspot\share\interpreter\linkResolver.cpp, line 766]
Event: 0.574 Thread 0x0000016da3d33990 Exception <a 'java/lang/NoSuchMethodError'{0x00000007130bffe0}: 'int java.lang.invoke.DirectMethodHandle$Holder.invokeStaticInit(java.lang.Object, java.lang.Object, long, long)'> (0x00000007130bffe0) 
thrown [e:\jenkins\tmp\workspace\build\src\src\hotspot\share\interpreter\linkResolver.cpp, line 766]
Event: 0.574 Thread 0x0000016da3d33990 Exception <a 'java/lang/NoSuchMethodError'{0x00000007130c5c90}: 'java.lang.Object java.lang.invoke.DirectMethodHandle$Holder.newInvokeSpecial(java.lang.Object, java.lang.Object, long)'> (0x00000007130c5c90) 
thrown [e:\jenkins\tmp\workspace\build\src\src\hotspot\share\interpreter\linkResolver.cpp, line 766]
Event: 0.574 Thread 0x0000016da3d33990 Exception <a 'java/lang/NoSuchMethodError'{0x00000007130c9558}: 'java.lang.Object java.lang.invoke.Invokers$Holder.linkToTargetMethod(java.lang.Object, long, java.lang.Object)'> (0x00000007130c9558) 
thrown [e:\jenkins\tmp\workspace\build\src\src\hotspot\share\interpreter\linkResolver.cpp, line 766]
Event: 0.574 Thread 0x0000016da3d33990 Exception <a 'java/lang/NoSuchMethodError'{0x00000007130d0b58}: 'int java.lang.invoke.DirectMethodHandle$Holder.invokeStaticInit(java.lang.Object, java.lang.Object, java.lang.Object, long)'> (0x00000007130d0b58) 
thrown [e:\jenkins\tmp\workspace\build\src\src\hotspot\share\interpreter\linkResolver.cpp, line 766]
Event: 20.566 Thread 0x0000016dc9d08c30 Exception <a 'sun/nio/fs/WindowsException'{0x0000000712afe720}> (0x0000000712afe720) 
thrown [e:\jenkins\tmp\workspace\build\src\src\hotspot\share\prims\jni.cpp, line 516]
Event: 20.566 Thread 0x0000016dc9d08c30 Exception <a 'sun/nio/fs/WindowsException'{0x0000000712afea78}> (0x0000000712afea78) 
thrown [e:\jenkins\tmp\workspace\build\src\src\hotspot\share\prims\jni.cpp, line 516]
Event: 20.662 Thread 0x0000016dc9d08c30 Exception <a 'sun/nio/fs/WindowsException'{0x0000000712bb4428}> (0x0000000712bb4428) 
thrown [e:\jenkins\tmp\workspace\build\src\src\hotspot\share\prims\jni.cpp, line 516]
Event: 20.662 Thread 0x0000016dc9d08c30 Exception <a 'sun/nio/fs/WindowsException'{0x0000000712bb47b8}> (0x0000000712bb47b8) 
thrown [e:\jenkins\tmp\workspace\build\src\src\hotspot\share\prims\jni.cpp, line 516]
Event: 20.665 Thread 0x0000016dc9d08c30 Exception <a 'sun/nio/fs/WindowsException'{0x0000000712bbedf8}> (0x0000000712bbedf8) 
thrown [e:\jenkins\tmp\workspace\build\src\src\hotspot\share\prims\jni.cpp, line 516]
Event: 20.665 Thread 0x0000016dc9d08c30 Exception <a 'sun/nio/fs/WindowsException'{0x0000000712bbf0c8}> (0x0000000712bbf0c8) 
thrown [e:\jenkins\tmp\workspace\build\src\src\hotspot\share\prims\jni.cpp, line 516]

VM Operations (20 events):
Event: 26.689 Executing VM operation: Cleanup
Event: 26.690 Executing VM operation: Cleanup done
Event: 27.694 Executing VM operation: Cleanup
Event: 27.694 Executing VM operation: Cleanup done
Event: 28.696 Executing VM operation: Cleanup
Event: 28.697 Executing VM operation: Cleanup done
Event: 29.699 Executing VM operation: Cleanup
Event: 29.699 Executing VM operation: Cleanup done
Event: 30.699 Executing VM operation: Cleanup
Event: 30.699 Executing VM operation: Cleanup done
Event: 34.729 Executing VM operation: Cleanup
Event: 34.729 Executing VM operation: Cleanup done
Event: 35.745 Executing VM operation: Cleanup
Event: 35.745 Executing VM operation: Cleanup done
Event: 39.773 Executing VM operation: Cleanup
Event: 39.773 Executing VM operation: Cleanup done
Event: 41.782 Executing VM operation: Cleanup
Event: 41.782 Executing VM operation: Cleanup done
Event: 42.787 Executing VM operation: Cleanup
Event: 42.787 Executing VM operation: Cleanup done

Events (20 events):
Event: 20.921 loading class jdk/internal/reflect/BootstrapConstructorAccessorImpl
Event: 20.921 loading class jdk/internal/reflect/BootstrapConstructorAccessorImpl done
Event: 24.290 Thread 0x0000016dc7d759c0 Thread exited: 0x0000016dc7d759c0
Event: 24.601 Thread 0x0000016dc7d74070 Thread exited: 0x0000016dc7d74070
Event: 24.601 Thread 0x0000016dc7d754b0 Thread exited: 0x0000016dc7d754b0
Event: 29.829 Thread 0x0000016dc9d08c30 Thread exited: 0x0000016dc9d08c30
Event: 41.774 loading class java/awt/KeyboardFocusManager$4
Event: 41.774 loading class java/awt/KeyboardFocusManager$4 done
Event: 41.775 loading class javax/swing/text/JTextComponent$InputMethodRequestsHandler
Event: 41.775 loading class javax/swing/text/JTextComponent$InputMethodRequestsHandler done
Event: 41.777 loading class javax/swing/TimerQueue
Event: 41.777 loading class javax/swing/TimerQueue done
Event: 41.777 loading class java/util/concurrent/DelayQueue
Event: 41.777 loading class java/util/concurrent/DelayQueue done
Event: 41.777 loading class java/util/PriorityQueue
Event: 41.777 loading class java/util/PriorityQueue done
Event: 41.778 Thread 0x0000016dc9d078f0 Thread added: 0x0000016dc9d078f0
Event: 41.778 loading class javax/swing/TimerQueue$DelayedTimer
Event: 41.778 loading class javax/swing/TimerQueue$DelayedTimer done
Event: 57.430 Thread 0x0000016dc9d0c120 Thread added: 0x0000016dc9d0c120


Dynamic libraries:
0x00007ff6c3f80000 - 0x00007ff6c3f8e000 	C:\Program Files\Eclipse Adoptium\jdk-17.0.3.7-hotspot\bin\java.exe
0x00007ffca7af0000 - 0x00007ffca7d06000 	C:\WINDOWS\SYSTEM32\ntdll.dll
0x00007ffca6120000 - 0x00007ffca61e4000 	C:\WINDOWS\System32\KERNEL32.DLL
0x00007ffca5130000 - 0x00007ffca54d6000 	C:\WINDOWS\System32\KERNELBASE.dll
0x00007ffca5630000 - 0x00007ffca5741000 	C:\WINDOWS\System32\ucrtbase.dll
0x00007ffca1930000 - 0x00007ffca1948000 	C:\Program Files\Eclipse Adoptium\jdk-17.0.3.7-hotspot\bin\jli.dll
0x00007ffc912f0000 - 0x00007ffc91309000 	C:\Program Files\Eclipse Adoptium\jdk-17.0.3.7-hotspot\bin\VCRUNTIME140.dll
0x00007ffca6b70000 - 0x00007ffca6d1d000 	C:\WINDOWS\System32\USER32.dll
0x00007ffca5600000 - 0x00007ffca5626000 	C:\WINDOWS\System32\win32u.dll
0x00007ffc92770000 - 0x00007ffc92a03000 	C:\WINDOWS\WinSxS\amd64_microsoft.windows.common-controls_6595b64144ccf1df_6.0.22621.3235_none_270f74e173860f98\COMCTL32.dll
0x00007ffca5a50000 - 0x00007ffca5a79000 	C:\WINDOWS\System32\GDI32.dll
0x00007ffca5f60000 - 0x00007ffca6007000 	C:\WINDOWS\System32\msvcrt.dll
0x00007ffca54e0000 - 0x00007ffca55f8000 	C:\WINDOWS\System32\gdi32full.dll
0x00007ffca5090000 - 0x00007ffca512a000 	C:\WINDOWS\System32\msvcp_win.dll
0x00007ffca73f0000 - 0x00007ffca7421000 	C:\WINDOWS\System32\IMM32.DLL
0x00007ffc912e0000 - 0x00007ffc912ec000 	C:\Program Files\Eclipse Adoptium\jdk-17.0.3.7-hotspot\bin\vcruntime140_1.dll
0x00007ffc479d0000 - 0x00007ffc47a61000 	C:\Program Files\Eclipse Adoptium\jdk-17.0.3.7-hotspot\bin\msvcp140.dll
0x00007ffbf6930000 - 0x00007ffbf7578000 	C:\Program Files\Eclipse Adoptium\jdk-17.0.3.7-hotspot\bin\server\jvm.dll
0x00007ffca6ab0000 - 0x00007ffca6b62000 	C:\WINDOWS\System32\ADVAPI32.dll
0x00007ffca7340000 - 0x00007ffca73e8000 	C:\WINDOWS\System32\sechost.dll
0x00007ffca4fa0000 - 0x00007ffca4fc8000 	C:\WINDOWS\System32\bcrypt.dll
0x00007ffca7140000 - 0x00007ffca7255000 	C:\WINDOWS\System32\RPCRT4.dll
0x00007ffca6ed0000 - 0x00007ffca6ed8000 	C:\WINDOWS\System32\PSAPI.DLL
0x00007ffca0230000 - 0x00007ffca0239000 	C:\WINDOWS\SYSTEM32\WSOCK32.dll
0x00007ffc9e100000 - 0x00007ffc9e134000 	C:\WINDOWS\SYSTEM32\WINMM.dll
0x00007ffc9fd50000 - 0x00007ffc9fd5a000 	C:\WINDOWS\SYSTEM32\VERSION.dll
0x00007ffca60a0000 - 0x00007ffca6111000 	C:\WINDOWS\System32\WS2_32.dll
0x00007ffca3f20000 - 0x00007ffca3f38000 	C:\WINDOWS\SYSTEM32\kernel.appcore.dll
0x00007ffc912d0000 - 0x00007ffc912da000 	C:\Program Files\Eclipse Adoptium\jdk-17.0.3.7-hotspot\bin\jimage.dll
0x00007ffc97740000 - 0x00007ffc97973000 	C:\WINDOWS\SYSTEM32\DBGHELP.DLL
0x00007ffca7440000 - 0x00007ffca77c8000 	C:\WINDOWS\System32\combase.dll
0x00007ffca7260000 - 0x00007ffca7337000 	C:\WINDOWS\System32\OLEAUT32.dll
0x00007ffc8e820000 - 0x00007ffc8e852000 	C:\WINDOWS\SYSTEM32\dbgcore.DLL
0x00007ffca57c0000 - 0x00007ffca583a000 	C:\WINDOWS\System32\bcryptPrimitives.dll
0x00007ffc91250000 - 0x00007ffc9125e000 	C:\Program Files\Eclipse Adoptium\jdk-17.0.3.7-hotspot\bin\instrument.dll
0x00007ffc912a0000 - 0x00007ffc912c5000 	C:\Program Files\Eclipse Adoptium\jdk-17.0.3.7-hotspot\bin\java.dll
0x00007ffc478f0000 - 0x00007ffc479c6000 	C:\Program Files\Eclipse Adoptium\jdk-17.0.3.7-hotspot\bin\jsvml.dll
0x00007ffca6250000 - 0x00007ffca6aad000 	C:\WINDOWS\System32\SHELL32.dll
0x00007ffca2d50000 - 0x00007ffca3648000 	C:\WINDOWS\SYSTEM32\windows.storage.dll
0x00007ffca2c10000 - 0x00007ffca2d4e000 	C:\WINDOWS\SYSTEM32\wintypes.dll
0x00007ffca5950000 - 0x00007ffca5a43000 	C:\WINDOWS\System32\SHCORE.dll
0x00007ffca61f0000 - 0x00007ffca624e000 	C:\WINDOWS\System32\shlwapi.dll
0x00007ffca4d60000 - 0x00007ffca4d86000 	C:\WINDOWS\SYSTEM32\profapi.dll
0x00007ffc910f0000 - 0x00007ffc91108000 	C:\Program Files\Eclipse Adoptium\jdk-17.0.3.7-hotspot\bin\zip.dll
0x00007ffc91280000 - 0x00007ffc91299000 	C:\Program Files\Eclipse Adoptium\jdk-17.0.3.7-hotspot\bin\net.dll
0x00007ffc9fa60000 - 0x00007ffc9fb97000 	C:\WINDOWS\SYSTEM32\WINHTTP.dll
0x00007ffca4390000 - 0x00007ffca43f9000 	C:\WINDOWS\system32\mswsock.dll
0x00007ffc91260000 - 0x00007ffc91275000 	C:\Program Files\Eclipse Adoptium\jdk-17.0.3.7-hotspot\bin\nio.dll
0x00007ffc910d0000 - 0x00007ffc910ea000 	C:\Program Files\JetBrains\IntelliJ IDEA 2023.3.1\bin\breakgen64.dll
0x00007ffc910c0000 - 0x00007ffc910c9000 	C:\Program Files\Eclipse Adoptium\jdk-17.0.3.7-hotspot\bin\management.dll
0x00007ffc910b0000 - 0x00007ffc910bb000 	C:\Program Files\Eclipse Adoptium\jdk-17.0.3.7-hotspot\bin\management_ext.dll
0x00007ffca45e0000 - 0x00007ffca45fb000 	C:\WINDOWS\SYSTEM32\CRYPTSP.dll
0x00007ffca3e80000 - 0x00007ffca3eb5000 	C:\WINDOWS\system32\rsaenh.dll
0x00007ffca4430000 - 0x00007ffca445c000 	C:\WINDOWS\SYSTEM32\USERENV.dll
0x00007ffca45a0000 - 0x00007ffca45ac000 	C:\WINDOWS\SYSTEM32\CRYPTBASE.dll
0x00007ffca3920000 - 0x00007ffca394d000 	C:\WINDOWS\SYSTEM32\IPHLPAPI.DLL
0x00007ffca6d20000 - 0x00007ffca6d29000 	C:\WINDOWS\System32\NSI.dll
0x00007ffc9f8f0000 - 0x00007ffc9f909000 	C:\WINDOWS\SYSTEM32\dhcpcsvc6.DLL
0x00007ffc9f880000 - 0x00007ffc9f89f000 	C:\WINDOWS\SYSTEM32\dhcpcsvc.DLL
0x00007ffca3950000 - 0x00007ffca3a49000 	C:\WINDOWS\SYSTEM32\DNSAPI.dll
0x00007ffc9bee0000 - 0x00007ffc9beea000 	C:\Windows\System32\rasadhlp.dll
0x00007ffc9e140000 - 0x00007ffc9e1c3000 	C:\WINDOWS\System32\fwpuclnt.dll
0x00007ffc910a0000 - 0x00007ffc910ae000 	C:\Program Files\Eclipse Adoptium\jdk-17.0.3.7-hotspot\bin\sunmscapi.dll
0x00007ffca4e30000 - 0x00007ffca4f96000 	C:\WINDOWS\System32\CRYPT32.dll
0x00007ffca47f0000 - 0x00007ffca481e000 	C:\WINDOWS\SYSTEM32\ncrypt.dll
0x00007ffca47b0000 - 0x00007ffca47e7000 	C:\WINDOWS\SYSTEM32\NTASN1.dll
0x00007ffc27fa0000 - 0x00007ffc27fa8000 	C:\WINDOWS\system32\wshunix.dll
0x00007ffbf8d90000 - 0x00007ffbf8f1e000 	C:\Program Files\Eclipse Adoptium\jdk-17.0.3.7-hotspot\bin\awt.dll
0x00007ffca2090000 - 0x00007ffca2127000 	C:\WINDOWS\SYSTEM32\apphelp.dll
0x00007ffca2410000 - 0x00007ffca243b000 	C:\WINDOWS\system32\DWMAPI.DLL
0x00007ffca2190000 - 0x00007ffca223b000 	C:\WINDOWS\system32\uxtheme.dll
0x00007ffc2f2a0000 - 0x00007ffc2f3a0000 	C:\WINDOWS\system32\opengl32.dll
0x00007ffc91070000 - 0x00007ffc9109d000 	C:\WINDOWS\SYSTEM32\GLU32.dll
0x00007ffca2480000 - 0x00007ffca24b9000 	C:\WINDOWS\SYSTEM32\dxcore.dll
0x00007ffca6fe0000 - 0x00007ffca7134000 	C:\WINDOWS\System32\MSCTF.dll
0x00007ffca6d30000 - 0x00007ffca6ecf000 	C:\WINDOWS\System32\ole32.dll
0x00007ffc99c30000 - 0x00007ffc99dd9000 	C:\WINDOWS\system32\d3d9.dll
0x00007ffc9a620000 - 0x00007ffc9a6d0000 	C:\WINDOWS\System32\DriverStore\FileRepository\nv_dispig.inf_amd64_647b4244e991951b\nvldumdx.dll
0x00007ffca4790000 - 0x00007ffca47a2000 	C:\WINDOWS\SYSTEM32\msasn1.dll
0x00007ffc9bdc0000 - 0x00007ffc9bdf2000 	C:\WINDOWS\SYSTEM32\cryptnet.dll
0x00007ffc9b9e0000 - 0x00007ffc9bb38000 	C:\WINDOWS\SYSTEM32\drvstore.dll
0x00007ffca4af0000 - 0x00007ffca4b1c000 	C:\WINDOWS\SYSTEM32\devobj.dll
0x00007ffca4b20000 - 0x00007ffca4b6e000 	C:\WINDOWS\SYSTEM32\cfgmgr32.dll
0x00007ffca46c0000 - 0x00007ffca470b000 	C:\WINDOWS\SYSTEM32\wldp.dll
0x00007ffca5750000 - 0x00007ffca57bb000 	C:\WINDOWS\System32\WINTRUST.DLL
0x00007ffca77d0000 - 0x00007ffca77ef000 	C:\WINDOWS\System32\imagehlp.dll
0x00007ffc2c220000 - 0x00007ffc2d9a8000 	C:\WINDOWS\System32\DriverStore\FileRepository\nv_dispig.inf_amd64_647b4244e991951b\nvd3dumx.dll
0x00007ffc9ec10000 - 0x00007ffc9ec5a000 	C:\WINDOWS\SYSTEM32\directxdatabasehelper.dll
0x00007ffc67880000 - 0x00007ffc67b51000 	C:\WINDOWS\system32\nvspcap64.dll
0x00007ffca3f40000 - 0x00007ffca3f74000 	C:\WINDOWS\SYSTEM32\ntmarta.dll
0x00007ffca4400000 - 0x00007ffca4426000 	C:\WINDOWS\SYSTEM32\gpapi.dll
0x00007ffc2f6f0000 - 0x00007ffc2f779000 	C:\Program Files\Eclipse Adoptium\jdk-17.0.3.7-hotspot\bin\freetype.dll
0x00007ffc261f0000 - 0x00007ffc26298000 	C:\Program Files\Eclipse Adoptium\jdk-17.0.3.7-hotspot\bin\fontmanager.dll
0x00007ffca5840000 - 0x00007ffca58f0000 	C:\WINDOWS\System32\clbcatq.dll
0x00007ffca09b0000 - 0x00007ffca0b60000 	C:\WINDOWS\SYSTEM32\WindowsCodecs.dll
0x00007ffc777a0000 - 0x00007ffc777fe000 	C:\WINDOWS\system32\dataexchange.dll
0x00007ffc9b2e0000 - 0x00007ffc9b56f000 	C:\WINDOWS\system32\twinapi.appcore.dll
0x00007ffc91760000 - 0x00007ffc918aa000 	C:\WINDOWS\SYSTEM32\textinputframework.dll
0x00007ffca1da0000 - 0x00007ffca1ed4000 	C:\WINDOWS\SYSTEM32\CoreMessaging.dll
0x00007ffc9dd60000 - 0x00007ffc9e0cc000 	C:\WINDOWS\SYSTEM32\CoreUIComponents.dll
0x00007ffc72ed0000 - 0x00007ffc72f4b000 	C:\Users\NOWY\AppData\Local\Temp\lwjgl_NOWY\3.3.3+5\x64\lwjgl.dll
0x00007ffc2e670000 - 0x00007ffc2e6f2000 	C:\Users\NOWY\AppData\Local\Temp\lwjgl_NOWY\3.3.3+5\x64\glfw.dll
0x00007ffc90500000 - 0x00007ffc90546000 	C:\WINDOWS\SYSTEM32\dinput8.dll
0x00007ffc90eb0000 - 0x00007ffc90ec1000 	C:\WINDOWS\SYSTEM32\xinput1_4.dll
0x00007ffc90710000 - 0x00007ffc9091a000 	C:\WINDOWS\SYSTEM32\inputhost.dll
0x00007ffc9bc80000 - 0x00007ffc9bdb5000 	C:\Windows\System32\AppXDeploymentClient.dll
0x00007ffbee0b0000 - 0x00007ffbf10d8000 	C:\WINDOWS\System32\DriverStore\FileRepository\nv_dispig.inf_amd64_647b4244e991951b\nvoglv64.dll
0x00007ffca5ae0000 - 0x00007ffca5f54000 	C:\WINDOWS\System32\SETUPAPI.dll
0x00007ffca3cd0000 - 0x00007ffca3ce4000 	C:\WINDOWS\SYSTEM32\WTSAPI32.dll
0x00007ffca3c80000 - 0x00007ffca3ccd000 	C:\WINDOWS\SYSTEM32\powrprof.dll
0x00007ffca3c60000 - 0x00007ffca3c73000 	C:\WINDOWS\SYSTEM32\UMPDC.dll
0x00007ffca38a0000 - 0x00007ffca3906000 	C:\WINDOWS\SYSTEM32\WINSTA.dll
0x00007ffc72db0000 - 0x00007ffc72e0e000 	C:\Users\NOWY\AppData\Local\Temp\lwjgl_NOWY\3.3.3+5\x64\lwjgl_opengl.dll

dbghelp: loaded successfully - version: 4.0.5 - missing functions: none
symbol engine: initialized successfully - sym options: 0x614 - pdb path: .;C:\Program Files\Eclipse Adoptium\jdk-17.0.3.7-hotspot\bin;C:\WINDOWS\SYSTEM32;C:\WINDOWS\WinSxS\amd64_microsoft.windows.common-controls_6595b64144ccf1df_6.0.22621.3235_none_270f74e173860f98;C:\Program Files\Eclipse Adoptium\jdk-17.0.3.7-hotspot\bin\server;C:\Program Files\JetBrains\IntelliJ IDEA 2023.3.1\bin;C:\WINDOWS\System32\DriverStore\FileRepository\nv_dispig.inf_amd64_647b4244e991951b;C:\Users\NOWY\AppData\Local\Temp\lwjgl_NOWY\3.3.3+5\x64

VM Arguments:
jvm_args: -javaagent:C:\Program Files\JetBrains\IntelliJ IDEA 2023.3.1\lib\idea_rt.jar=54775:C:\Program Files\JetBrains\IntelliJ IDEA 2023.3.1\bin -Dfile.encoding=UTF-8 
java_command: Client.Main --stacktrace --info
java_class_path (initial): C:\Users\NOWY\IdeaProjects\ping_pong\out\production\classes;C:\Users\NOWY\.gradle\caches\modules-2\files-2.1\org.glassfish.tyrus\tyrus-container-grizzly-server\2.1.5\ecb31da1532856cb63a4aa731e82a78f9a138392\tyrus-container-grizzly-server-2.1.5.jar;C:\Users\NOWY\.gradle\caches\modules-2\files-2.1\org.glassfish.tyrus\tyrus-server\2.1.5\10c6822ef2a096d16d32ae2abc4dd4489f689d7d\tyrus-server-2.1.5.jar;C:\Users\NOWY\.gradle\caches\modules-2\files-2.1\com.diogonunes\JColor\5.5.1\2421e902077e3845c8e93867d3e1ff4e94f7bcc5\JColor-5.5.1.jar;C:\Users\NOWY\.gradle\caches\modules-2\files-2.1\com.google.code.gson\gson\2.10.1\b3add478d4382b78ea20b1671390a858002feb6c\gson-2.10.1.jar;C:\Users\NOWY\.gradle\caches\modules-2\files-2.1\jakarta.websocket\jakarta.websocket-client-api\2.2.0-M1\747367f16f139454685dcae1f87104e86d5753c2\jakarta.websocket-client-api-2.2.0-M1.jar;C:\Users\NOWY\.gradle\caches\modules-2\files-2.1\org.eclipse.jetty.websocket\javax-websocket-server-impl\9.4.54.v20240208\6ae2862606632ec0cc48492c6a8c61888e2508d7\javax-websocket-server-impl-9.4.54.v20240208.jar;C:\Users\NOWY\.gradle\caches\modules-2\files-2.1\org.glassfish.tyrus.bundles\tyrus-standalone-client\2.1.5\2d7664a72b684fff105c54abaacdad53e62e441d\tyrus-standalone-client-2.1.5.jar;C:\Users\NOWY\.gradle\caches\modules-2\files-2.1\org.lwjgl\lwjgl-assimp\3.3.3\c2c34011cbda30ed8cf98bc5cbf97b49afe5279a\lwjgl-assimp-3.3.3.jar;C:\Users\NOWY\.gradle\caches\modules-2\files-2.1\org.lwjgl\lwjgl-glfw\3.3.3\efa1eb78c5ccd840e9f329717109b5e892d72f8e\lwjgl-glfw-3.3.3.jar;C:\Users\NOWY\.gradle\caches\modules-2\files-2.1\org.lwjgl\lwjgl-openal\3.3.3\daada81ceb5fc0c291fbfdd4433cb8d9423577f2\lwjgl-openal-3.3.3.jar;C:\Users\NOWY\.gradle\caches\modules-2\files-2.1\org.lwjgl\lwjgl-opengl\3.3.3\2f6b0147078396a58979125a4c947664e98293a\lwjgl-opengl-3.3.3.jar;C:\Users\NOWY\.gradle\caches\modules-2\files-2.1\org.lwjgl\lwjgl-stb\3.3.3\25dd6161988d7e65f71d5065c99902402ee32746\lwjgl-stb-3.3.3.jar;C:\Users\NOWY\.g
Launcher Type: SUN_STANDARD

[Global flags]
     intx CICompilerCount                          = 12                                        {product} {ergonomic}
     uint ConcGCThreads                            = 4                                         {product} {ergonomic}
     uint G1ConcRefinementThreads                  = 15                                        {product} {ergonomic}
   size_t G1HeapRegionSize                         = 2097152                                   {product} {ergonomic}
    uintx GCDrainStackTargetSize                   = 64                                        {product} {ergonomic}
   size_t InitialHeapSize                          = 266338304                                 {product} {ergonomic}
   size_t MarkStackSize                            = 4194304                                   {product} {ergonomic}
   size_t MaxHeapSize                              = 4236247040                                {product} {ergonomic}
   size_t MaxNewSize                               = 2541748224                                {product} {ergonomic}
   size_t MinHeapDeltaBytes                        = 2097152                                   {product} {ergonomic}
   size_t MinHeapSize                              = 8388608                                   {product} {ergonomic}
    uintx NonNMethodCodeHeapSize                   = 7602480                                {pd product} {ergonomic}
    uintx NonProfiledCodeHeapSize                  = 122027880                              {pd product} {ergonomic}
    uintx ProfiledCodeHeapSize                     = 122027880                              {pd product} {ergonomic}
    uintx ReservedCodeCacheSize                    = 251658240                              {pd product} {ergonomic}
     bool SegmentedCodeCache                       = true                                      {product} {ergonomic}
   size_t SoftMaxHeapSize                          = 4236247040                             {manageable} {ergonomic}
     bool UseCompressedClassPointers               = true                           {product lp64_product} {ergonomic}
     bool UseCompressedOops                        = true                           {product lp64_product} {ergonomic}
     bool UseG1GC                                  = true                                      {product} {ergonomic}
     bool UseLargePagesIndividualAllocation        = false                                  {pd product} {ergonomic}

Logging:
Log output configuration:
 #0: stdout all=warning uptime,level,tags
 #1: stderr all=off uptime,level,tags

Environment Variables:
PATH=C:\Program Files\Common Files\Oracle\Java\javapath;C:\Program Files (x86)\Common Files\Oracle\Java\javapath;C:\Program Files\Eclipse Adoptium\jdk-17.0.3.7-hotspot\bin;C:\Windows\system32;C:\Windows;C:\Windows\System32\Wbem;C:\Windows\System32\WindowsPowerShell\v1.0\;C:\Windows\System32\OpenSSH\;C:\Program Files (x86)\NVIDIA Corporation\PhysX\Common;C:\Program Files\NVIDIA Corporation\NVIDIA NvDLISR;C:\Program Files\Git\cmd;C:\Users\NOWY\AppData\Roaming\nvm;C:\Program Files\nodejs;C:\WINDOWS\system32;C:\WINDOWS;C:\WINDOWS\System32\Wbem;C:\WINDOWS\System32\WindowsPowerShell\v1.0\;C:\WINDOWS\System32\OpenSSH\;C:\Program Files\PuTTY\;C:\Program Files (x86)\QuickTime\QTSystem\;C:\Program Files\WorldPainter;C:\Program Files\Git LFS;C:\Program Files\MongoDB\Tools\100\bin;C:\Program Files\MongoDB\server\6.0\bin;C:\Users\NOWY\.cargo\bin;C:\Users\NOWY\AppData\Local\Programs\Python\Python310\Scripts\;C:\Users\NOWY\AppData\Local\Programs\Python\Python310\;C:\Users\NOWY\AppData\Local\Microsoft\WindowsApps;C:\Users\NOWY\AppData\Local\Programs\Microsoft VS Code\bin;C:\Users\NOWY\AppData\Roaming\nvm;C:\Users\NOWY\.deno\bin;C:\Program Files\heroku\bin;C:\Users\NOWY\AppData\Local\Microsoft\WindowsApps;C:\Users\NOWY\AppData\Local\Microsoft\WinGet\Packages\Gyan.FFmpeg_Microsoft.Winget.Source_8wekyb3d8bbwe;C:\ffmpeg\bin;C:\Program Files (x86)\BrowserStackLocal\;C:\Users\NOWY\AppData\Local\Google\Cloud SDK\google-cloud-sdk\bin;C:\Users\NOWY\AppData\Roaming\nvm;C:\Program Files\nodejs;C:\Program Files\mongosh\;C:\Users\NOWY\programy;
USERNAME=NOWY
OS=Windows_NT
PROCESSOR_IDENTIFIER=Intel64 Family 6 Model 151 Stepping 2, GenuineIntel



---------------  S Y S T E M  ---------------

OS:
 Windows 11 , 64 bit Build 22621 (10.0.22621.3235)
OS uptime: 0 days 7:35 hours
Hyper-V role detected

CPU: total 20 (initial active 20) (10 cores per cpu, 2 threads per core) family 6 model 151 stepping 2 microcode 0x1a, cx8, cmov, fxsr, ht, mmx, 3dnowpref, sse, sse2, sse3, ssse3, sse4.1, sse4.2, popcnt, lzcnt, tsc, tscinvbit, avx, avx2, aes, erms, clmul, bmi1, bmi2, adx, sha, fma, vzeroupper, clflush, clflushopt, clwb, hv

Memory: 4k page, system-wide physical 16157M (5596M free)
TotalPageFile size 29469M (AvailPageFile size 10839M)
current process WorkingSet (physical memory assigned to process): 166M, peak: 168M
current process commit charge ("private bytes"): 494M, peak: 495M

vm_info: OpenJDK 64-Bit Server VM (17.0.3+7) for windows-amd64 JRE (17.0.3+7), built on Apr 19 2022 16:55:35 by "" with MS VC++ 16.7 (VS2019)

END.
