#
# A fatal error has been detected by the Java Runtime Environment:
#
#  EXCEPTION_ACCESS_VIOLATION (0xc0000005) at pc=0x00007ffbeec18e19, pid=16388, tid=13248
#
# JRE version: OpenJDK Runtime Environment Temurin-17.0.3+7 (17.0.3+7) (build 17.0.3+7)
# Java VM: OpenJDK 64-Bit Server VM Temurin-17.0.3+7 (17.0.3+7, mixed mode, sharing, tiered, compressed oops, compressed class ptrs, g1 gc, windows-amd64)
# Problematic frame:
# C  [nvoglv64.dll+0xcb8e19]
#
# No core dump will be written. Minidumps are not enabled by default on client versions of Windows
#
# If you would like to submit a bug report, please visit:
#   https://github.com/adoptium/adoptium-support/issues
# The crash happened outside the Java Virtual Machine in native code.
# See problematic frame for where to report the bug.
#

---------------  S U M M A R Y ------------

Command Line: -javaagent:C:\Program Files\JetBrains\IntelliJ IDEA 2023.3.1\lib\idea_rt.jar=54845:C:\Program Files\JetBrains\IntelliJ IDEA 2023.3.1\bin -Dfile.encoding=UTF-8 Client.Main --stacktrace --info

Host: 12th Gen Intel(R) Core(TM) i7-12700K, 20 cores, 15G,  Windows 11 , 64 bit Build 22621 (10.0.22621.3235)
Time: Sat Apr  6 17:07:53 2024  Windows 11 , 64 bit Build 22621 (10.0.22621.3235) elapsed time: 47.257288 seconds (0d 0h 0m 47s)

---------------  T H R E A D  ---------------

Current thread (0x000001d698e83300):  JavaThread "Thread-1" daemon [_thread_in_native, id=13248, stack(0x0000002a88950000,0x0000002a88a50000)]

Stack: [0x0000002a88950000,0x0000002a88a50000],  sp=0x0000002a88a4f080,  free space=1020k
Native frames: (J=compiled Java code, j=interpreted, Vv=VM code, C=native code)
C  [nvoglv64.dll+0xcb8e19]

Java frames: (J=compiled Java code, j=interpreted, Vv=VM code)
J 2355  org.lwjgl.opengl.GL11C.nglDrawElements(IIIJ)V (0 bytes) @ 0x000001d687c4e3f6 [0x000001d687c4e3a0+0x0000000000000056]
J 2597 c2 org.lwjgl.opengl.GL11.glDrawElements(IIIJ)V (8 bytes) @ 0x000001d687c72f34 [0x000001d687c72f20+0x0000000000000014]
J 2392 c1 Renderer.GameSceneRenderer.render(Ljava/util/ArrayList;)V (235 bytes) @ 0x000001d680bdd47c [0x000001d680bdc980+0x0000000000000afc]
j  Renderer.GameSceneRenderer.loop()V+69
j  Renderer.GameSceneRenderer.run()V+17
v  ~StubRoutines::call_stub

siginfo: EXCEPTION_ACCESS_VIOLATION (0xc0000005), reading address 0x0000000000000014


Register to memory mapping:

RIP=0x00007ffbeec18e19 nvoglv64.dll
RAX=0x0000000684899844 is an unknown value
RBX=0x0000000000000001 is an unknown value
RCX=0x0 is NULL
RDX=0x0000004135db01c4 is an unknown value
RSP=0x0000002a88a4f080 is pointing into the stack for thread: 0x000001d698e83300
RBP=0x0000000000000006 is an unknown value
RSI=0x0000000000000006 is an unknown value
RDI=0x0000000000001405 is an unknown value
R8 =0x0000000000000006 is an unknown value
R9 =0x0 is NULL
R10=0x0000000000000001 is an unknown value
R11=0xfffffffff784f0ed is an unknown value
R12=0x0000000000000004 is an unknown value
R13=0x000001d6a00e3080 points into unknown readable memory: 0x0000000000000000 | 00 00 00 00 00 00 00 00
R14=0x0 is NULL
R15=0x000001d6a00e3e48 points into unknown readable memory: 0x0000000000000004 | 04 00 00 00 00 00 00 00


Registers:
RAX=0x0000000684899844, RBX=0x0000000000000001, RCX=0x0000000000000000, RDX=0x0000004135db01c4
RSP=0x0000002a88a4f080, RBP=0x0000000000000006, RSI=0x0000000000000006, RDI=0x0000000000001405
R8 =0x0000000000000006, R9 =0x0000000000000000, R10=0x0000000000000001, R11=0xfffffffff784f0ed
R12=0x0000000000000004, R13=0x000001d6a00e3080, R14=0x0000000000000000, R15=0x000001d6a00e3e48
RIP=0x00007ffbeec18e19, EFLAGS=0x0000000000010246

Top of Stack: (sp=0x0000002a88a4f080)
0x0000002a88a4f080:   0000000000000001 0000000000000000
0x0000002a88a4f090:   0000000711bbd0e0 00000007128f0f30
0x0000002a88a4f0a0:   0000000000000000 00007ffbeee6a61a
0x0000002a88a4f0b0:   0000000000000030 00007ffbf7135e4a
0x0000002a88a4f0c0:   0000002a88a4f1c0 0000000000000000
0x0000002a88a4f0d0:   000001d6a00e3e48 00007ffbeec181eb
0x0000002a88a4f0e0:   0000000000000030 000001d6a00e3080
0x0000002a88a4f0f0:   000001d697dfb6c0 0000000000000000
0x0000002a88a4f100:   0000002a88a4f230 0000000000001405
0x0000002a88a4f110:   0000000000000004 000001d6a00e3080
0x0000002a88a4f120:   0000000000000006 0000002a88a4f240
0x0000002a88a4f130:   0000000000000000 00007ffbee877806
0x0000002a88a4f140:   000000000000000c 0000000000000004
0x0000002a88a4f150:   000001d600000000 000001d600000000
0x0000002a88a4f160:   0000000700000018 0000002a00001405
0x0000002a88a4f170:   0000000000000000 0000002a00000000 

Instructions: (pc=0x00007ffbeec18e19)
0x00007ffbeec18d19:   57 48 83 ec 78 4c 8b b9 f8 02 00 00 4c 8b e9 48
0x00007ffbeec18d29:   63 ac 24 e0 00 00 00 44 8b c2 8b bc 24 e8 00 00
0x00007ffbeec18d39:   00 8b d5 4c 8b b4 24 f0 00 00 00 8b cf 45 8b 57
0x00007ffbeec18d49:   14 41 8b 47 18 41 f7 d2 45 23 57 0c 41 0b c2 d1
0x00007ffbeec18d59:   e9 83 e1 03 4c 89 7c 24 50 d3 e2 f7 d0 41 23 47
0x00007ffbeec18d69:   10 41 80 7f 1e 00 89 94 24 e0 00 00 00 0f 85 64
0x00007ffbeec18d79:   08 00 00 41 80 bd 4c ec 55 00 00 0f 85 56 08 00
0x00007ffbeec18d89:   00 85 ed 0f 8e 4e 08 00 00 41 83 f8 0e 0f 87 44
0x00007ffbeec18d99:   08 00 00 41 3b 95 68 ee 55 00 0f 8f 37 08 00 00
0x00007ffbeec18da9:   41 83 7f 08 00 0f 85 2c 08 00 00 41 80 7f 1d 00
0x00007ffbeec18db9:   0f 85 21 08 00 00 41 80 7f 1c 00 0f 85 16 08 00
0x00007ffbeec18dc9:   00 41 80 bd 55 38 55 00 00 0f 85 08 08 00 00 41
0x00007ffbeec18dd9:   80 bd 5c 38 55 00 00 0f 85 fa 07 00 00 a9 00 00
0x00007ffbeec18de9:   03 00 0f 85 ef 07 00 00 44 0b d0 45 85 57 20 0f
0x00007ffbeec18df9:   85 e2 07 00 00 bb 01 00 00 00 49 8d 8d c0 ef 55
0x00007ffbeec18e09:   00 8b d3 e8 1f 46 e7 ff 81 ff 05 14 00 00 75 18
0x00007ffbeec18e19:   41 8b 44 ae fc 4c 8d 65 ff 41 8b 0e 8b f8 3b c8
0x00007ffbeec18e29:   0f 47 f9 0f 42 c1 eb 5b 81 ff 03 14 00 00 75 24
0x00007ffbeec18e39:   41 0f b7 4c 6e fe 4c 8d 65 ff 41 0f b7 16 0f b7
0x00007ffbeec18e49:   c1 66 3b d1 66 0f 47 c2 66 0f 42 ca 0f b7 f8 0f
0x00007ffbeec18e59:   b7 c1 eb 2f 81 ff 01 14 00 00 0f 85 77 07 00 00
0x00007ffbeec18e69:   42 0f b6 54 35 ff 4c 8d 65 ff 45 0f b6 06 8b ca
0x00007ffbeec18e79:   44 3a c2 41 0f 47 c8 0f b6 f9 8b ca 41 0f 42 c8
0x00007ffbeec18e89:   0f b6 c1 49 8b cf 8d 75 ff 2b f8 e8 47 0b 00 00
0x00007ffbeec18e99:   45 8b 57 78 41 8b c2 0f af c7 44 89 94 24 c0 00
0x00007ffbeec18ea9:   00 00 41 3b 85 6c ee 55 00 0f 8f 21 07 00 00 8b
0x00007ffbeec18eb9:   84 24 e8 00 00 00 0f 29 74 24 60 3d 05 14 00 00
0x00007ffbeec18ec9:   0f 85 f6 00 00 00 45 8b 3e 41 8b ff 49 8d 56 04
0x00007ffbeec18ed9:   3b eb 0f 8e 70 03 00 00 83 fe 08 0f 82 b1 00 00
0x00007ffbeec18ee9:   00 83 3d ff 36 07 02 02 0f 8c a4 00 00 00 81 e6
0x00007ffbeec18ef9:   07 00 00 80 7d 07 ff ce 83 ce f8 ff c6 66 41 0f
0x00007ffbeec18f09:   6e cf 8b c5 66 0f 70 c9 00 2b c6 66 0f 6f d9 66 


Stack slot to memory mapping:
stack at sp + 0 slots: 0x0000000000000001 is an unknown value
stack at sp + 1 slots: 0x0 is NULL
stack at sp + 2 slots: 0x0000000711bbd0e0 is an oop: org.lwjgl.PointerBuffer 
{0x0000000711bbd0e0} - klass: 'org/lwjgl/PointerBuffer'
 - ---- fields (total size 5 words):
 - protected 'address' 'J' @16  2022922446912 (ff92e840 1d6)
 - protected 'mark' 'I' @12  -1 (ffffffff)
 - protected 'position' 'I' @24  0
 - protected 'limit' 'I' @28  2228 (8b4)
 - protected 'capacity' 'I' @32  2228 (8b4)
 - protected 'container' 'Ljava/nio/ByteBuffer;' @36  a 'java/nio/DirectByteBuffer'{0x0000000711bbd058} (e2377a0b)
stack at sp + 3 slots: 0x00000007128f0f30 is an oop: org.lwjgl.PointerBuffer 
{0x00000007128f0f30} - klass: 'org/lwjgl/PointerBuffer'
 - ---- fields (total size 5 words):
 - protected 'address' 'J' @16  2021204697072 (99301ff0 1d6)
 - protected 'mark' 'I' @12  -1 (ffffffff)
 - protected 'position' 'I' @24  0
 - protected 'limit' 'I' @28  2228 (8b4)
 - protected 'capacity' 'I' @32  2228 (8b4)
 - protected 'container' 'Ljava/nio/ByteBuffer;' @36  a 'java/nio/DirectByteBuffer'{0x00000007128f0ea8} (e251e1d5)
stack at sp + 4 slots: 0x0 is NULL
stack at sp + 5 slots: 0x00007ffbeee6a61a nvoglv64.dll
stack at sp + 6 slots: 0x0000000000000030 is an unknown value
stack at sp + 7 slots: 0x00007ffbf7135e4a jvm.dll


---------------  P R O C E S S  ---------------

Threads class SMR info:
_java_thread_list=0x000001d6993de990, length=34, elements={
0x000001d6f26b3d10, 0x000001d6fc6c8400, 0x000001d6fc6c9270, 0x000001d6fc6e2a10,
0x000001d6fc6e35c0, 0x000001d6fc6e59a0, 0x000001d6fc6e8770, 0x000001d6fc6eb720,
0x000001d6fc6ee5f0, 0x000001d6fc6f5020, 0x000001d6ff7811b0, 0x000001d6ffa8cb50,
0x000001d6ffa8d020, 0x000001d697e476b0, 0x000001d697e44970, 0x000001d697e44e40,
0x000001d697f1d2e0, 0x000001d698476de0, 0x000001d6984755d0, 0x000001d698475aa0,
0x000001d698475f70, 0x000001d698476440, 0x000001d698e889a0, 0x000001d698e85e50,
0x000001d698e84640, 0x000001d698e84b10, 0x000001d698e87190, 0x000001d698e854b0,
0x000001d698e82e30, 0x000001d698e85980, 0x000001d698e884d0, 0x000001d698e86320,
0x000001d698e12380, 0x000001d698e83300
}

Java Threads: ( => current thread )
  0x000001d6f26b3d10 JavaThread "main" [_thread_in_native, id=7340, stack(0x0000002a85200000,0x0000002a85300000)]
  0x000001d6fc6c8400 JavaThread "Reference Handler" daemon [_thread_blocked, id=21764, stack(0x0000002a85900000,0x0000002a85a00000)]
  0x000001d6fc6c9270 JavaThread "Finalizer" daemon [_thread_blocked, id=4948, stack(0x0000002a85a00000,0x0000002a85b00000)]
  0x000001d6fc6e2a10 JavaThread "Signal Dispatcher" daemon [_thread_blocked, id=2948, stack(0x0000002a85b00000,0x0000002a85c00000)]
  0x000001d6fc6e35c0 JavaThread "Attach Listener" daemon [_thread_blocked, id=22800, stack(0x0000002a85c00000,0x0000002a85d00000)]
  0x000001d6fc6e59a0 JavaThread "Service Thread" daemon [_thread_blocked, id=15600, stack(0x0000002a85d00000,0x0000002a85e00000)]
  0x000001d6fc6e8770 JavaThread "Monitor Deflation Thread" daemon [_thread_blocked, id=9472, stack(0x0000002a85e00000,0x0000002a85f00000)]
  0x000001d6fc6eb720 JavaThread "C2 CompilerThread0" daemon [_thread_blocked, id=17696, stack(0x0000002a85f00000,0x0000002a86000000)]
  0x000001d6fc6ee5f0 JavaThread "C1 CompilerThread0" daemon [_thread_blocked, id=11780, stack(0x0000002a86000000,0x0000002a86100000)]
  0x000001d6fc6f5020 JavaThread "Sweeper thread" daemon [_thread_blocked, id=23124, stack(0x0000002a86100000,0x0000002a86200000)]
  0x000001d6ff7811b0 JavaThread "Common-Cleaner" daemon [_thread_blocked, id=8700, stack(0x0000002a86200000,0x0000002a86300000)]
  0x000001d6ffa8cb50 JavaThread "Monitor Ctrl-Break" daemon [_thread_in_native, id=23020, stack(0x0000002a86700000,0x0000002a86800000)]
  0x000001d6ffa8d020 JavaThread "Notification Thread" daemon [_thread_blocked, id=7316, stack(0x0000002a86800000,0x0000002a86900000)]
  0x000001d697e476b0 JavaThread "Grizzly(1) SelectorRunner" daemon [_thread_in_native, id=22352, stack(0x0000002a86a00000,0x0000002a86b00000)]
  0x000001d697e44970 JavaThread "Grizzly(1)" daemon [_thread_blocked, id=23160, stack(0x0000002a86b00000,0x0000002a86c00000)]
  0x000001d697e44e40 JavaThread "Grizzly(2)" daemon [_thread_blocked, id=2080, stack(0x0000002a86c00000,0x0000002a86d00000)]
  0x000001d697f1d2e0 JavaThread "tyrus-1-thread-1" daemon [_thread_blocked, id=2300, stack(0x0000002a86e00000,0x0000002a86f00000)]
  0x000001d698476de0 JavaThread "Java2D Disposer" daemon [_thread_blocked, id=21456, stack(0x0000002a86f00000,0x0000002a87000000)]
  0x000001d6984755d0 JavaThread "AWT-Shutdown" [_thread_blocked, id=8540, stack(0x0000002a87000000,0x0000002a87100000)]
  0x000001d698475aa0 JavaThread "AWT-Windows" daemon [_thread_in_native, id=14376, stack(0x0000002a87100000,0x0000002a87200000)]
  0x000001d698475f70 JavaThread "AWT-EventQueue-0" [_thread_blocked, id=22332, stack(0x0000002a86600000,0x0000002a86700000)]
  0x000001d698476440 JavaThread "D3D Screen Updater" daemon [_thread_blocked, id=4140, stack(0x0000002a88000000,0x0000002a88100000)]
  0x000001d698e889a0 JavaThread "tyrus-1-thread-2" daemon [_thread_blocked, id=23276, stack(0x0000002a88100000,0x0000002a88200000)]
  0x000001d698e85e50 JavaThread "tyrus-1-thread-3" daemon [_thread_blocked, id=9344, stack(0x0000002a88200000,0x0000002a88300000)]
  0x000001d698e84640 JavaThread "tyrus-1-thread-4" daemon [_thread_blocked, id=17980, stack(0x0000002a88350000,0x0000002a88450000)]
  0x000001d698e84b10 JavaThread "tyrus-1-thread-5" daemon [_thread_blocked, id=6792, stack(0x0000002a88450000,0x0000002a88550000)]
  0x000001d698e87190 JavaThread "tyrus-1-thread-6" daemon [_thread_blocked, id=21480, stack(0x0000002a86310000,0x0000002a86410000)]
  0x000001d698e854b0 JavaThread "tyrus-1-thread-7" daemon [_thread_blocked, id=5304, stack(0x0000002a86410000,0x0000002a86510000)]
  0x000001d698e82e30 JavaThread "tyrus-1-thread-8" daemon [_thread_blocked, id=5192, stack(0x0000002a88550000,0x0000002a88650000)]
  0x000001d698e85980 JavaThread "tyrus-1-thread-9" daemon [_thread_blocked, id=4280, stack(0x0000002a88650000,0x0000002a88750000)]
  0x000001d698e884d0 JavaThread "tyrus-1-thread-10" daemon [_thread_blocked, id=22876, stack(0x0000002a88750000,0x0000002a88850000)]
  0x000001d698e86320 JavaThread "TimerQueue" daemon [_thread_blocked, id=11720, stack(0x0000002a87b00000,0x0000002a87c00000)]
  0x000001d698e12380 JavaThread "C1 CompilerThread1" daemon [_thread_blocked, id=19224, stack(0x0000002a88850000,0x0000002a88950000)]
=>0x000001d698e83300 JavaThread "Thread-1" daemon [_thread_in_native, id=13248, stack(0x0000002a88950000,0x0000002a88a50000)]

Other Threads:
  0x000001d6fc6c4390 VMThread "VM Thread" [stack: 0x0000002a85800000,0x0000002a85900000] [id=5712]
  0x000001d6f2747330 WatcherThread [stack: 0x0000002a86900000,0x0000002a86a00000] [id=17048]
  0x000001d6f2726e30 GCTaskThread "GC Thread#0" [stack: 0x0000002a85300000,0x0000002a85400000] [id=19100]
  0x000001d6984f7ae0 GCTaskThread "GC Thread#1" [stack: 0x0000002a87200000,0x0000002a87300000] [id=19468]
  0x000001d6984f85b0 GCTaskThread "GC Thread#2" [stack: 0x0000002a87300000,0x0000002a87400000] [id=14580]
  0x000001d6984f8860 GCTaskThread "GC Thread#3" [stack: 0x0000002a87400000,0x0000002a87500000] [id=12712]
  0x000001d6984f8b10 GCTaskThread "GC Thread#4" [stack: 0x0000002a87500000,0x0000002a87600000] [id=19424]
  0x000001d6984f8dc0 GCTaskThread "GC Thread#5" [stack: 0x0000002a87600000,0x0000002a87700000] [id=7372]
  0x000001d697fcee90 GCTaskThread "GC Thread#6" [stack: 0x0000002a87700000,0x0000002a87800000] [id=5860]
  0x000001d697fda430 GCTaskThread "GC Thread#7" [stack: 0x0000002a87800000,0x0000002a87900000] [id=22696]
  0x000001d697fda6e0 GCTaskThread "GC Thread#8" [stack: 0x0000002a87900000,0x0000002a87a00000] [id=6960]
  0x000001d697fda990 GCTaskThread "GC Thread#9" [stack: 0x0000002a87a00000,0x0000002a87b00000] [id=8460]
  0x000001d6fc542010 ConcurrentGCThread "G1 Main Marker" [stack: 0x0000002a85400000,0x0000002a85500000] [id=20196]
  0x000001d6fc5431c0 ConcurrentGCThread "G1 Conc#0" [stack: 0x0000002a85500000,0x0000002a85600000] [id=22936]
  0x000001d6f276eae0 ConcurrentGCThread "G1 Refine#0" [stack: 0x0000002a85600000,0x0000002a85700000] [id=2352]
  0x000001d6fc5fc160 ConcurrentGCThread "G1 Service" [stack: 0x0000002a85700000,0x0000002a85800000] [id=6444]

Threads with active compile tasks:

VM state: not at safepoint (normal execution)

VM Mutex/Monitor currently owned by a thread: None

Heap address: 0x0000000703800000, size: 4040 MB, Compressed Oops mode: Zero based, Oop shift amount: 3

CDS archive(s) mapped at: [0x0000000800000000-0x0000000800bc0000-0x0000000800bc0000), size 12320768, SharedBaseAddress: 0x0000000800000000, ArchiveRelocationMode: 0.
Compressed class space mapped at: 0x0000000800c00000-0x0000000840c00000, reserved size: 1073741824
Narrow klass base: 0x0000000800000000, Narrow klass shift: 0, Narrow klass range: 0x100000000

GC Precious Log:
 CPUs: 20 total, 20 available
 Memory: 16157M
 Large Page Support: Disabled
 NUMA Support: Disabled
 Compressed Oops: Enabled (Zero based)
 Heap Region Size: 2M
 Heap Min Capacity: 8M
 Heap Initial Capacity: 254M
 Heap Max Capacity: 4040M
 Pre-touch: Disabled
 Parallel Workers: 15
 Concurrent Workers: 4
 Concurrent Refinement Workers: 15
 Periodic GC: Disabled

Heap:
 garbage-first heap   total 260096K, used 24896K [0x0000000703800000, 0x0000000800000000)
  region size 2048K, 14 young (28672K), 2 survivors (4096K)
 Metaspace       used 18596K, committed 18816K, reserved 1073152K
  class space    used 1976K, committed 2112K, reserved 1048576K

Heap Regions: E=young(eden), S=young(survivor), O=old, HS=humongous(starts), HC=humongous(continues), CS=collection set, F=free, OA=open archive, CA=closed archive, TAMS=top-at-mark-start (previous, next)
|   0|0x0000000703800000, 0x0000000703850000, 0x0000000703a00000| 15%| O|  |TAMS 0x0000000703800000, 0x0000000703800000| Untracked 
|   1|0x0000000703a00000, 0x0000000703a00000, 0x0000000703c00000|  0%| F|  |TAMS 0x0000000703a00000, 0x0000000703a00000| Untracked 
|   2|0x0000000703c00000, 0x0000000703c00000, 0x0000000703e00000|  0%| F|  |TAMS 0x0000000703c00000, 0x0000000703c00000| Untracked 
|   3|0x0000000703e00000, 0x0000000703e00000, 0x0000000704000000|  0%| F|  |TAMS 0x0000000703e00000, 0x0000000703e00000| Untracked 
|   4|0x0000000704000000, 0x0000000704000000, 0x0000000704200000|  0%| F|  |TAMS 0x0000000704000000, 0x0000000704000000| Untracked 
|   5|0x0000000704200000, 0x0000000704200000, 0x0000000704400000|  0%| F|  |TAMS 0x0000000704200000, 0x0000000704200000| Untracked 
|   6|0x0000000704400000, 0x0000000704400000, 0x0000000704600000|  0%| F|  |TAMS 0x0000000704400000, 0x0000000704400000| Untracked 
|   7|0x0000000704600000, 0x0000000704600000, 0x0000000704800000|  0%| F|  |TAMS 0x0000000704600000, 0x0000000704600000| Untracked 
|   8|0x0000000704800000, 0x0000000704800000, 0x0000000704a00000|  0%| F|  |TAMS 0x0000000704800000, 0x0000000704800000| Untracked 
|   9|0x0000000704a00000, 0x0000000704a00000, 0x0000000704c00000|  0%| F|  |TAMS 0x0000000704a00000, 0x0000000704a00000| Untracked 
|  10|0x0000000704c00000, 0x0000000704c00000, 0x0000000704e00000|  0%| F|  |TAMS 0x0000000704c00000, 0x0000000704c00000| Untracked 
|  11|0x0000000704e00000, 0x0000000704e00000, 0x0000000705000000|  0%| F|  |TAMS 0x0000000704e00000, 0x0000000704e00000| Untracked 
|  12|0x0000000705000000, 0x0000000705000000, 0x0000000705200000|  0%| F|  |TAMS 0x0000000705000000, 0x0000000705000000| Untracked 
|  13|0x0000000705200000, 0x0000000705200000, 0x0000000705400000|  0%| F|  |TAMS 0x0000000705200000, 0x0000000705200000| Untracked 
|  14|0x0000000705400000, 0x0000000705400000, 0x0000000705600000|  0%| F|  |TAMS 0x0000000705400000, 0x0000000705400000| Untracked 
|  15|0x0000000705600000, 0x0000000705600000, 0x0000000705800000|  0%| F|  |TAMS 0x0000000705600000, 0x0000000705600000| Untracked 
|  16|0x0000000705800000, 0x0000000705800000, 0x0000000705a00000|  0%| F|  |TAMS 0x0000000705800000, 0x0000000705800000| Untracked 
|  17|0x0000000705a00000, 0x0000000705a00000, 0x0000000705c00000|  0%| F|  |TAMS 0x0000000705a00000, 0x0000000705a00000| Untracked 
|  18|0x0000000705c00000, 0x0000000705c00000, 0x0000000705e00000|  0%| F|  |TAMS 0x0000000705c00000, 0x0000000705c00000| Untracked 
|  19|0x0000000705e00000, 0x0000000705e00000, 0x0000000706000000|  0%| F|  |TAMS 0x0000000705e00000, 0x0000000705e00000| Untracked 
|  20|0x0000000706000000, 0x0000000706000000, 0x0000000706200000|  0%| F|  |TAMS 0x0000000706000000, 0x0000000706000000| Untracked 
|  21|0x0000000706200000, 0x0000000706200000, 0x0000000706400000|  0%| F|  |TAMS 0x0000000706200000, 0x0000000706200000| Untracked 
|  22|0x0000000706400000, 0x0000000706400000, 0x0000000706600000|  0%| F|  |TAMS 0x0000000706400000, 0x0000000706400000| Untracked 
|  23|0x0000000706600000, 0x0000000706600000, 0x0000000706800000|  0%| F|  |TAMS 0x0000000706600000, 0x0000000706600000| Untracked 
|  24|0x0000000706800000, 0x0000000706800000, 0x0000000706a00000|  0%| F|  |TAMS 0x0000000706800000, 0x0000000706800000| Untracked 
|  25|0x0000000706a00000, 0x0000000706a00000, 0x0000000706c00000|  0%| F|  |TAMS 0x0000000706a00000, 0x0000000706a00000| Untracked 
|  26|0x0000000706c00000, 0x0000000706c00000, 0x0000000706e00000|  0%| F|  |TAMS 0x0000000706c00000, 0x0000000706c00000| Untracked 
|  27|0x0000000706e00000, 0x0000000706e00000, 0x0000000707000000|  0%| F|  |TAMS 0x0000000706e00000, 0x0000000706e00000| Untracked 
|  28|0x0000000707000000, 0x0000000707000000, 0x0000000707200000|  0%| F|  |TAMS 0x0000000707000000, 0x0000000707000000| Untracked 
|  29|0x0000000707200000, 0x0000000707200000, 0x0000000707400000|  0%| F|  |TAMS 0x0000000707200000, 0x0000000707200000| Untracked 
|  30|0x0000000707400000, 0x0000000707400000, 0x0000000707600000|  0%| F|  |TAMS 0x0000000707400000, 0x0000000707400000| Untracked 
|  31|0x0000000707600000, 0x0000000707600000, 0x0000000707800000|  0%| F|  |TAMS 0x0000000707600000, 0x0000000707600000| Untracked 
|  32|0x0000000707800000, 0x0000000707800000, 0x0000000707a00000|  0%| F|  |TAMS 0x0000000707800000, 0x0000000707800000| Untracked 
|  33|0x0000000707a00000, 0x0000000707a00000, 0x0000000707c00000|  0%| F|  |TAMS 0x0000000707a00000, 0x0000000707a00000| Untracked 
|  34|0x0000000707c00000, 0x0000000707c00000, 0x0000000707e00000|  0%| F|  |TAMS 0x0000000707c00000, 0x0000000707c00000| Untracked 
|  35|0x0000000707e00000, 0x0000000707e00000, 0x0000000708000000|  0%| F|  |TAMS 0x0000000707e00000, 0x0000000707e00000| Untracked 
|  36|0x0000000708000000, 0x0000000708000000, 0x0000000708200000|  0%| F|  |TAMS 0x0000000708000000, 0x0000000708000000| Untracked 
|  37|0x0000000708200000, 0x0000000708200000, 0x0000000708400000|  0%| F|  |TAMS 0x0000000708200000, 0x0000000708200000| Untracked 
|  38|0x0000000708400000, 0x0000000708400000, 0x0000000708600000|  0%| F|  |TAMS 0x0000000708400000, 0x0000000708400000| Untracked 
|  39|0x0000000708600000, 0x0000000708600000, 0x0000000708800000|  0%| F|  |TAMS 0x0000000708600000, 0x0000000708600000| Untracked 
|  40|0x0000000708800000, 0x0000000708800000, 0x0000000708a00000|  0%| F|  |TAMS 0x0000000708800000, 0x0000000708800000| Untracked 
|  41|0x0000000708a00000, 0x0000000708a00000, 0x0000000708c00000|  0%| F|  |TAMS 0x0000000708a00000, 0x0000000708a00000| Untracked 
|  42|0x0000000708c00000, 0x0000000708c00000, 0x0000000708e00000|  0%| F|  |TAMS 0x0000000708c00000, 0x0000000708c00000| Untracked 
|  43|0x0000000708e00000, 0x0000000708e00000, 0x0000000709000000|  0%| F|  |TAMS 0x0000000708e00000, 0x0000000708e00000| Untracked 
|  44|0x0000000709000000, 0x0000000709000000, 0x0000000709200000|  0%| F|  |TAMS 0x0000000709000000, 0x0000000709000000| Untracked 
|  45|0x0000000709200000, 0x0000000709200000, 0x0000000709400000|  0%| F|  |TAMS 0x0000000709200000, 0x0000000709200000| Untracked 
|  46|0x0000000709400000, 0x0000000709400000, 0x0000000709600000|  0%| F|  |TAMS 0x0000000709400000, 0x0000000709400000| Untracked 
|  47|0x0000000709600000, 0x0000000709600000, 0x0000000709800000|  0%| F|  |TAMS 0x0000000709600000, 0x0000000709600000| Untracked 
|  48|0x0000000709800000, 0x0000000709800000, 0x0000000709a00000|  0%| F|  |TAMS 0x0000000709800000, 0x0000000709800000| Untracked 
|  49|0x0000000709a00000, 0x0000000709a00000, 0x0000000709c00000|  0%| F|  |TAMS 0x0000000709a00000, 0x0000000709a00000| Untracked 
|  50|0x0000000709c00000, 0x0000000709c00000, 0x0000000709e00000|  0%| F|  |TAMS 0x0000000709c00000, 0x0000000709c00000| Untracked 
|  51|0x0000000709e00000, 0x0000000709e00000, 0x000000070a000000|  0%| F|  |TAMS 0x0000000709e00000, 0x0000000709e00000| Untracked 
|  52|0x000000070a000000, 0x000000070a000000, 0x000000070a200000|  0%| F|  |TAMS 0x000000070a000000, 0x000000070a000000| Untracked 
|  53|0x000000070a200000, 0x000000070a200000, 0x000000070a400000|  0%| F|  |TAMS 0x000000070a200000, 0x000000070a200000| Untracked 
|  54|0x000000070a400000, 0x000000070a400000, 0x000000070a600000|  0%| F|  |TAMS 0x000000070a400000, 0x000000070a400000| Untracked 
|  55|0x000000070a600000, 0x000000070a600000, 0x000000070a800000|  0%| F|  |TAMS 0x000000070a600000, 0x000000070a600000| Untracked 
|  56|0x000000070a800000, 0x000000070a800000, 0x000000070aa00000|  0%| F|  |TAMS 0x000000070a800000, 0x000000070a800000| Untracked 
|  57|0x000000070aa00000, 0x000000070aa00000, 0x000000070ac00000|  0%| F|  |TAMS 0x000000070aa00000, 0x000000070aa00000| Untracked 
|  58|0x000000070ac00000, 0x000000070ac00000, 0x000000070ae00000|  0%| F|  |TAMS 0x000000070ac00000, 0x000000070ac00000| Untracked 
|  59|0x000000070ae00000, 0x000000070ae00000, 0x000000070b000000|  0%| F|  |TAMS 0x000000070ae00000, 0x000000070ae00000| Untracked 
|  60|0x000000070b000000, 0x000000070b000000, 0x000000070b200000|  0%| F|  |TAMS 0x000000070b000000, 0x000000070b000000| Untracked 
|  61|0x000000070b200000, 0x000000070b200000, 0x000000070b400000|  0%| F|  |TAMS 0x000000070b200000, 0x000000070b200000| Untracked 
|  62|0x000000070b400000, 0x000000070b400000, 0x000000070b600000|  0%| F|  |TAMS 0x000000070b400000, 0x000000070b400000| Untracked 
|  63|0x000000070b600000, 0x000000070b600000, 0x000000070b800000|  0%| F|  |TAMS 0x000000070b600000, 0x000000070b600000| Untracked 
|  64|0x000000070b800000, 0x000000070b800000, 0x000000070ba00000|  0%| F|  |TAMS 0x000000070b800000, 0x000000070b800000| Untracked 
|  65|0x000000070ba00000, 0x000000070ba00000, 0x000000070bc00000|  0%| F|  |TAMS 0x000000070ba00000, 0x000000070ba00000| Untracked 
|  66|0x000000070bc00000, 0x000000070bc00000, 0x000000070be00000|  0%| F|  |TAMS 0x000000070bc00000, 0x000000070bc00000| Untracked 
|  67|0x000000070be00000, 0x000000070be00000, 0x000000070c000000|  0%| F|  |TAMS 0x000000070be00000, 0x000000070be00000| Untracked 
|  68|0x000000070c000000, 0x000000070c000000, 0x000000070c200000|  0%| F|  |TAMS 0x000000070c000000, 0x000000070c000000| Untracked 
|  69|0x000000070c200000, 0x000000070c200000, 0x000000070c400000|  0%| F|  |TAMS 0x000000070c200000, 0x000000070c200000| Untracked 
|  70|0x000000070c400000, 0x000000070c400000, 0x000000070c600000|  0%| F|  |TAMS 0x000000070c400000, 0x000000070c400000| Untracked 
|  71|0x000000070c600000, 0x000000070c600000, 0x000000070c800000|  0%| F|  |TAMS 0x000000070c600000, 0x000000070c600000| Untracked 
|  72|0x000000070c800000, 0x000000070c800000, 0x000000070ca00000|  0%| F|  |TAMS 0x000000070c800000, 0x000000070c800000| Untracked 
|  73|0x000000070ca00000, 0x000000070ca00000, 0x000000070cc00000|  0%| F|  |TAMS 0x000000070ca00000, 0x000000070ca00000| Untracked 
|  74|0x000000070cc00000, 0x000000070cc00000, 0x000000070ce00000|  0%| F|  |TAMS 0x000000070cc00000, 0x000000070cc00000| Untracked 
|  75|0x000000070ce00000, 0x000000070ce00000, 0x000000070d000000|  0%| F|  |TAMS 0x000000070ce00000, 0x000000070ce00000| Untracked 
|  76|0x000000070d000000, 0x000000070d000000, 0x000000070d200000|  0%| F|  |TAMS 0x000000070d000000, 0x000000070d000000| Untracked 
|  77|0x000000070d200000, 0x000000070d200000, 0x000000070d400000|  0%| F|  |TAMS 0x000000070d200000, 0x000000070d200000| Untracked 
|  78|0x000000070d400000, 0x000000070d400000, 0x000000070d600000|  0%| F|  |TAMS 0x000000070d400000, 0x000000070d400000| Untracked 
|  79|0x000000070d600000, 0x000000070d600000, 0x000000070d800000|  0%| F|  |TAMS 0x000000070d600000, 0x000000070d600000| Untracked 
|  80|0x000000070d800000, 0x000000070d800000, 0x000000070da00000|  0%| F|  |TAMS 0x000000070d800000, 0x000000070d800000| Untracked 
|  81|0x000000070da00000, 0x000000070da00000, 0x000000070dc00000|  0%| F|  |TAMS 0x000000070da00000, 0x000000070da00000| Untracked 
|  82|0x000000070dc00000, 0x000000070dc00000, 0x000000070de00000|  0%| F|  |TAMS 0x000000070dc00000, 0x000000070dc00000| Untracked 
|  83|0x000000070de00000, 0x000000070de00000, 0x000000070e000000|  0%| F|  |TAMS 0x000000070de00000, 0x000000070de00000| Untracked 
|  84|0x000000070e000000, 0x000000070e000000, 0x000000070e200000|  0%| F|  |TAMS 0x000000070e000000, 0x000000070e000000| Untracked 
|  85|0x000000070e200000, 0x000000070e200000, 0x000000070e400000|  0%| F|  |TAMS 0x000000070e200000, 0x000000070e200000| Untracked 
|  86|0x000000070e400000, 0x000000070e400000, 0x000000070e600000|  0%| F|  |TAMS 0x000000070e400000, 0x000000070e400000| Untracked 
|  87|0x000000070e600000, 0x000000070e600000, 0x000000070e800000|  0%| F|  |TAMS 0x000000070e600000, 0x000000070e600000| Untracked 
|  88|0x000000070e800000, 0x000000070e800000, 0x000000070ea00000|  0%| F|  |TAMS 0x000000070e800000, 0x000000070e800000| Untracked 
|  89|0x000000070ea00000, 0x000000070ea00000, 0x000000070ec00000|  0%| F|  |TAMS 0x000000070ea00000, 0x000000070ea00000| Untracked 
|  90|0x000000070ec00000, 0x000000070ec00000, 0x000000070ee00000|  0%| F|  |TAMS 0x000000070ec00000, 0x000000070ec00000| Untracked 
|  91|0x000000070ee00000, 0x000000070ee00000, 0x000000070f000000|  0%| F|  |TAMS 0x000000070ee00000, 0x000000070ee00000| Untracked 
|  92|0x000000070f000000, 0x000000070f000000, 0x000000070f200000|  0%| F|  |TAMS 0x000000070f000000, 0x000000070f000000| Untracked 
|  93|0x000000070f200000, 0x000000070f200000, 0x000000070f400000|  0%| F|  |TAMS 0x000000070f200000, 0x000000070f200000| Untracked 
|  94|0x000000070f400000, 0x000000070f400000, 0x000000070f600000|  0%| F|  |TAMS 0x000000070f400000, 0x000000070f400000| Untracked 
|  95|0x000000070f600000, 0x000000070f600000, 0x000000070f800000|  0%| F|  |TAMS 0x000000070f600000, 0x000000070f600000| Untracked 
|  96|0x000000070f800000, 0x000000070f800000, 0x000000070fa00000|  0%| F|  |TAMS 0x000000070f800000, 0x000000070f800000| Untracked 
|  97|0x000000070fa00000, 0x000000070fa00000, 0x000000070fc00000|  0%| F|  |TAMS 0x000000070fa00000, 0x000000070fa00000| Untracked 
|  98|0x000000070fc00000, 0x000000070fc00000, 0x000000070fe00000|  0%| F|  |TAMS 0x000000070fc00000, 0x000000070fc00000| Untracked 
|  99|0x000000070fe00000, 0x000000070fe00000, 0x0000000710000000|  0%| F|  |TAMS 0x000000070fe00000, 0x000000070fe00000| Untracked 
| 100|0x0000000710000000, 0x0000000710000000, 0x0000000710200000|  0%| F|  |TAMS 0x0000000710000000, 0x0000000710000000| Untracked 
| 101|0x0000000710200000, 0x0000000710200000, 0x0000000710400000|  0%| F|  |TAMS 0x0000000710200000, 0x0000000710200000| Untracked 
| 102|0x0000000710400000, 0x0000000710400000, 0x0000000710600000|  0%| F|  |TAMS 0x0000000710400000, 0x0000000710400000| Untracked 
| 103|0x0000000710600000, 0x0000000710600000, 0x0000000710800000|  0%| F|  |TAMS 0x0000000710600000, 0x0000000710600000| Untracked 
| 104|0x0000000710800000, 0x0000000710800000, 0x0000000710a00000|  0%| F|  |TAMS 0x0000000710800000, 0x0000000710800000| Untracked 
| 105|0x0000000710a00000, 0x0000000710a00000, 0x0000000710c00000|  0%| F|  |TAMS 0x0000000710a00000, 0x0000000710a00000| Untracked 
| 106|0x0000000710c00000, 0x0000000710c00000, 0x0000000710e00000|  0%| F|  |TAMS 0x0000000710c00000, 0x0000000710c00000| Untracked 
| 107|0x0000000710e00000, 0x0000000710e00000, 0x0000000711000000|  0%| F|  |TAMS 0x0000000710e00000, 0x0000000710e00000| Untracked 
| 108|0x0000000711000000, 0x0000000711000000, 0x0000000711200000|  0%| F|  |TAMS 0x0000000711000000, 0x0000000711000000| Untracked 
| 109|0x0000000711200000, 0x0000000711200000, 0x0000000711400000|  0%| F|  |TAMS 0x0000000711200000, 0x0000000711200000| Untracked 
| 110|0x0000000711400000, 0x0000000711400000, 0x0000000711600000|  0%| F|  |TAMS 0x0000000711400000, 0x0000000711400000| Untracked 
| 111|0x0000000711600000, 0x0000000711600000, 0x0000000711800000|  0%| F|  |TAMS 0x0000000711600000, 0x0000000711600000| Untracked 
| 112|0x0000000711800000, 0x0000000711800000, 0x0000000711a00000|  0%| F|  |TAMS 0x0000000711800000, 0x0000000711800000| Untracked 
| 113|0x0000000711a00000, 0x0000000711be7048, 0x0000000711c00000| 95%| E|  |TAMS 0x0000000711a00000, 0x0000000711a00000| Complete 
| 114|0x0000000711c00000, 0x0000000711e00000, 0x0000000711e00000|100%| S|CS|TAMS 0x0000000711c00000, 0x0000000711c00000| Complete 
| 115|0x0000000711e00000, 0x0000000712000000, 0x0000000712000000|100%| S|CS|TAMS 0x0000000711e00000, 0x0000000711e00000| Complete 
| 116|0x0000000712000000, 0x0000000712200000, 0x0000000712200000|100%| E|CS|TAMS 0x0000000712000000, 0x0000000712000000| Complete 
| 117|0x0000000712200000, 0x0000000712400000, 0x0000000712400000|100%| E|CS|TAMS 0x0000000712200000, 0x0000000712200000| Complete 
| 118|0x0000000712400000, 0x0000000712600000, 0x0000000712600000|100%| E|CS|TAMS 0x0000000712400000, 0x0000000712400000| Complete 
| 119|0x0000000712600000, 0x0000000712800000, 0x0000000712800000|100%| E|CS|TAMS 0x0000000712600000, 0x0000000712600000| Complete 
| 120|0x0000000712800000, 0x0000000712a00000, 0x0000000712a00000|100%| E|  |TAMS 0x0000000712800000, 0x0000000712800000| Complete 
| 121|0x0000000712a00000, 0x0000000712c00000, 0x0000000712c00000|100%| E|CS|TAMS 0x0000000712a00000, 0x0000000712a00000| Complete 
| 122|0x0000000712c00000, 0x0000000712e00000, 0x0000000712e00000|100%| E|CS|TAMS 0x0000000712c00000, 0x0000000712c00000| Complete 
| 123|0x0000000712e00000, 0x0000000713000000, 0x0000000713000000|100%| E|CS|TAMS 0x0000000712e00000, 0x0000000712e00000| Complete 
| 124|0x0000000713000000, 0x0000000713200000, 0x0000000713200000|100%| E|CS|TAMS 0x0000000713000000, 0x0000000713000000| Complete 
| 125|0x0000000713200000, 0x0000000713400000, 0x0000000713400000|100%| E|CS|TAMS 0x0000000713200000, 0x0000000713200000| Complete 
| 126|0x0000000713400000, 0x0000000713600000, 0x0000000713600000|100%| E|CS|TAMS 0x0000000713400000, 0x0000000713400000| Complete 

Card table byte_map: [0x000001d6fb410000,0x000001d6fbc00000] _byte_map_base: 0x000001d6f7bf4000

Marking Bits (Prev, Next): (CMBitMap*) 0x000001d6f2728450, (CMBitMap*) 0x000001d6f2728490
 Prev Bits: [0x000001d68f000000, 0x000001d692f20000)
 Next Bits: [0x000001d692f20000, 0x000001d696e40000)

Polling page: 0x000001d6f1e70000

Metaspace:

Usage:
  Non-class:     16.23 MB used.
      Class:      1.93 MB used.
       Both:     18.16 MB used.

Virtual space:
  Non-class space:       24.00 MB reserved,      16.31 MB ( 68%) committed,  3 nodes.
      Class space:        1.00 GB reserved,       2.06 MB ( <1%) committed,  1 nodes.
             Both:        1.02 GB reserved,      18.38 MB (  2%) committed. 

Chunk freelists:
   Non-Class:  3.19 MB
       Class:  1.97 MB
        Both:  5.16 MB

MaxMetaspaceSize: unlimited
CompressedClassSpaceSize: 1.00 GB
Initial GC threshold: 21.00 MB
Current GC threshold: 21.00 MB
CDS: on
MetaspaceReclaimPolicy: balanced
 - commit_granule_bytes: 65536.
 - commit_granule_words: 8192.
 - virtual_space_node_default_size: 1048576.
 - enlarge_chunks_in_place: 1.
 - new_chunks_are_fully_committed: 0.
 - uncommit_free_chunks: 1.
 - use_allocation_guard: 0.
 - handle_deallocations: 1.


Internal statistics:

num_allocs_failed_limit: 0.
num_arena_births: 206.
num_arena_deaths: 0.
num_vsnodes_births: 4.
num_vsnodes_deaths: 0.
num_space_committed: 292.
num_space_uncommitted: 0.
num_chunks_returned_to_freelist: 0.
num_chunks_taken_from_freelist: 532.
num_chunk_merges: 0.
num_chunk_splits: 346.
num_chunks_enlarged: 234.
num_purges: 0.
num_inconsistent_stats: 0.

CodeHeap 'non-profiled nmethods': size=119168Kb used=978Kb max_used=978Kb free=118189Kb
 bounds [0x000001d687ba0000, 0x000001d687e10000, 0x000001d68f000000]
CodeHeap 'profiled nmethods': size=119104Kb used=5289Kb max_used=5289Kb free=113814Kb
 bounds [0x000001d680750000, 0x000001d680c80000, 0x000001d687ba0000]
CodeHeap 'non-nmethods': size=7488Kb used=2341Kb max_used=3491Kb free=5146Kb
 bounds [0x000001d680000000, 0x000001d680370000, 0x000001d680750000]
 total_blobs=4029 nmethods=2773 adapters=1167
 compilation: enabled
              stopped_count=0, restarted_count=0
 full_count=0

Compilation events (20 events):
Event: 47.178 Thread 0x000001d6fc6ee5f0 2765       3       java.lang.reflect.Field::getInt (29 bytes)
Event: 47.178 Thread 0x000001d698e12380 2767       3       java.lang.reflect.Field::checkAccess (32 bytes)
Event: 47.178 Thread 0x000001d6fc6ee5f0 nmethod 2765 0x000001d680c77a90 code [0x000001d680c77c60, 0x000001d680c78038]
Event: 47.178 Thread 0x000001d698e12380 nmethod 2767 0x000001d680c78190 code [0x000001d680c78340, 0x000001d680c785e8]
Event: 47.178 Thread 0x000001d6fc6ee5f0 2766       3       jdk.internal.reflect.UnsafeQualifiedStaticIntegerFieldAccessorImpl::getInt (15 bytes)
Event: 47.178 Thread 0x000001d698e12380 2768       3       org.lwjgl.glfw.GLFWErrorCallback$1$$Lambda$237/0x0000000800decb78::test (12 bytes)
Event: 47.178 Thread 0x000001d6fc6ee5f0 nmethod 2766 0x000001d680c78710 code [0x000001d680c788a0, 0x000001d680c789b8]
Event: 47.178 Thread 0x000001d6fc6ee5f0 2769       3       org.lwjgl.glfw.GLFWErrorCallback$1::lambda$$0 (24 bytes)
Event: 47.179 Thread 0x000001d698e12380 nmethod 2768 0x000001d680c78a90 code [0x000001d680c78c40, 0x000001d680c79078]
Event: 47.179 Thread 0x000001d6fc6ee5f0 nmethod 2769 0x000001d680c79190 code [0x000001d680c79320, 0x000001d680c794d8]
Event: 47.215 Thread 0x000001d6fc6ee5f0 2770       3       java.lang.invoke.LambdaForm$MH/0x0000000800c0ec00::invoke (27 bytes)
Event: 47.215 Thread 0x000001d6fc6ee5f0 nmethod 2770 0x000001d680c79590 code [0x000001d680c79760, 0x000001d680c79bd8]
Event: 47.245 Thread 0x000001d6fc6ee5f0 2771       3       java.nio.Buffer::position (52 bytes)
Event: 47.245 Thread 0x000001d6fc6ee5f0 nmethod 2771 0x000001d680c79d10 code [0x000001d680c79ec0, 0x000001d680c7a148]
Event: 47.248 Thread 0x000001d6fc6eb720 2772       4       java.lang.ThreadLocal::get (38 bytes)
Event: 47.250 Thread 0x000001d6fc6eb720 nmethod 2772 0x000001d687c93f10 code [0x000001d687c940a0, 0x000001d687c942d8]
Event: 47.250 Thread 0x000001d6fc6eb720 2773       4       java.lang.ThreadLocal$ThreadLocalMap::getEntry (42 bytes)
Event: 47.251 Thread 0x000001d698e12380 2774       3       org.lwjgl.system.CustomBuffer::remaining (10 bytes)
Event: 47.251 Thread 0x000001d698e12380 nmethod 2774 0x000001d680c7a210 code [0x000001d680c7a3a0, 0x000001d680c7a4b8]
Event: 47.251 Thread 0x000001d6fc6eb720 nmethod 2773 0x000001d687c94590 code [0x000001d687c94720, 0x000001d687c948e8]

GC Heap History (2 events):
Event: 0.349 GC heap before
{Heap before GC invocations=0 (full 0):
 garbage-first heap   total 260096K, used 22528K [0x0000000703800000, 0x0000000800000000)
  region size 2048K, 11 young (22528K), 0 survivors (0K)
 Metaspace       used 9292K, committed 9472K, reserved 1064960K
  class space    used 1095K, committed 1216K, reserved 1048576K
}
Event: 0.352 GC heap after
{Heap after GC invocations=1 (full 0):
 garbage-first heap   total 260096K, used 4416K [0x0000000703800000, 0x0000000800000000)
  region size 2048K, 2 young (4096K), 2 survivors (4096K)
 Metaspace       used 9292K, committed 9472K, reserved 1064960K
  class space    used 1095K, committed 1216K, reserved 1048576K
}

Deoptimization events (20 events):
Event: 1.246 Thread 0x000001d698475f70 Uncommon trap: trap_request=0xffffff45 fr.pc=0x000001d687c2ebfc relative=0x00000000000000dc
Event: 1.246 Thread 0x000001d698475f70 Uncommon trap: reason=unstable_if action=reinterpret pc=0x000001d687c2ebfc method=java.awt.Component.inside(II)Z @ 21 c2
Event: 1.246 Thread 0x000001d698475f70 DEOPT PACKING pc=0x000001d687c2ebfc sp=0x0000002a866fe9c0
Event: 1.246 Thread 0x000001d698475f70 DEOPT UNPACKING pc=0x000001d6800523a3 sp=0x0000002a866fe858 mode 2
Event: 23.344 Thread 0x000001d697e44e40 DEOPT PACKING pc=0x000001d68099137e sp=0x0000002a86cfe310
Event: 23.344 Thread 0x000001d697e44e40 DEOPT UNPACKING pc=0x000001d680052b43 sp=0x0000002a86cfd780 mode 0
Event: 23.386 Thread 0x000001d698e88e70 Uncommon trap: trap_request=0xffffff45 fr.pc=0x000001d687bf8f88 relative=0x0000000000000068
Event: 23.386 Thread 0x000001d698e88e70 Uncommon trap: reason=unstable_if action=reinterpret pc=0x000001d687bf8f88 method=sun.net.www.ParseUtil.firstEncodeIndex(Ljava/lang/String;)I @ 51 c2
Event: 23.386 Thread 0x000001d698e88e70 DEOPT PACKING pc=0x000001d687bf8f88 sp=0x0000002a8894e220
Event: 23.386 Thread 0x000001d698e88e70 DEOPT UNPACKING pc=0x000001d6800523a3 sp=0x0000002a8894e1a8 mode 2
Event: 31.550 Thread 0x000001d697e44e40 DEOPT PACKING pc=0x000001d680c254d7 sp=0x0000002a86cfe990
Event: 31.550 Thread 0x000001d697e44e40 DEOPT UNPACKING pc=0x000001d680052b43 sp=0x0000002a86cfdf10 mode 0
Event: 37.381 Thread 0x000001d697e44e40 Uncommon trap: trap_request=0xffffff45 fr.pc=0x000001d687c6e220 relative=0x00000000000000a0
Event: 37.381 Thread 0x000001d697e44e40 Uncommon trap: reason=unstable_if action=reinterpret pc=0x000001d687c6e220 method=java.nio.Buffer.position(I)Ljava/nio/Buffer; @ 37 c2
Event: 37.381 Thread 0x000001d697e44e40 DEOPT PACKING pc=0x000001d687c6e220 sp=0x0000002a86cfece0
Event: 37.381 Thread 0x000001d697e44e40 DEOPT UNPACKING pc=0x000001d6800523a3 sp=0x0000002a86cfec20 mode 2
Event: 42.413 Thread 0x000001d697e44970 Uncommon trap: trap_request=0xffffff45 fr.pc=0x000001d687c4ef20 relative=0x00000000000000a0
Event: 42.413 Thread 0x000001d697e44970 Uncommon trap: reason=unstable_if action=reinterpret pc=0x000001d687c4ef20 method=java.nio.Buffer.position(I)Ljava/nio/Buffer; @ 37 c2
Event: 42.413 Thread 0x000001d697e44970 DEOPT PACKING pc=0x000001d687c4ef20 sp=0x0000002a86bfe550
Event: 42.413 Thread 0x000001d697e44970 DEOPT UNPACKING pc=0x000001d6800523a3 sp=0x0000002a86bfe4e8 mode 2

Classes unloaded (0 events):
No events

Classes redefined (0 events):
No events

Internal exceptions (20 events):
Event: 0.494 Thread 0x000001d6f26b3d10 Exception <a 'java/lang/ClassNotFoundException'{0x000000071327cc08}: com/sun/swing/internal/plaf/metal/resources/spi/metalProvider> (0x000000071327cc08) 
thrown [e:\jenkins\tmp\workspace\build\src\src\hotspot\share\classfile\systemDictionary.cpp, line 256]
Event: 0.494 Thread 0x000001d6f26b3d10 Exception <a 'java/lang/ClassNotFoundException'{0x0000000713280a30}: com/sun/swing/internal/plaf/basic/resources/spi/basicProvider> (0x0000000713280a30) 
thrown [e:\jenkins\tmp\workspace\build\src\src\hotspot\share\classfile\systemDictionary.cpp, line 256]
Event: 0.514 Thread 0x000001d698475aa0 Exception <a 'java/lang/NoSuchMethodError'{0x000000071340f568}: 'void java.lang.invoke.DirectMethodHandle$Holder.invokeVirtual(java.lang.Object, java.lang.Object)'> (0x000000071340f568) 
thrown [e:\jenkins\tmp\workspace\build\src\src\hotspot\share\interpreter\linkResolver.cpp, line 766]
Event: 0.520 Thread 0x000001d6f26b3d10 Exception <a 'java/lang/NoSuchMethodError'{0x00000007132fa1e0}: 'void java.lang.invoke.DirectMethodHandle$Holder.invokeStaticInit(java.lang.Object)'> (0x00000007132fa1e0) 
thrown [e:\jenkins\tmp\workspace\build\src\src\hotspot\share\interpreter\linkResolver.cpp, line 766]
Event: 0.575 Thread 0x000001d6f26b3d10 Exception <a 'java/lang/NoSuchMethodError'{0x000000071300ae48}: 'java.lang.Object java.lang.invoke.DirectMethodHandle$Holder.invokeStatic(java.lang.Object, java.lang.Object, int)'> (0x000000071300ae48) 
thrown [e:\jenkins\tmp\workspace\build\src\src\hotspot\share\interpreter\linkResolver.cpp, line 766]
Event: 0.576 Thread 0x000001d6f26b3d10 Exception <a 'java/lang/NoSuchMethodError'{0x0000000713016188}: 'void java.lang.invoke.DelegatingMethodHandle$Holder.delegate(java.lang.Object, java.lang.Object, int, java.lang.Object)'> (0x0000000713016188) 
thrown [e:\jenkins\tmp\workspace\build\src\src\hotspot\share\interpreter\linkResolver.cpp, line 766]
Event: 0.586 Thread 0x000001d6f26b3d10 Exception <a 'sun/nio/fs/WindowsException'{0x00000007130762d0}> (0x00000007130762d0) 
thrown [e:\jenkins\tmp\workspace\build\src\src\hotspot\share\prims\jni.cpp, line 516]
Event: 0.586 Thread 0x000001d6f26b3d10 Exception <a 'sun/nio/fs/WindowsException'{0x0000000713076610}> (0x0000000713076610) 
thrown [e:\jenkins\tmp\workspace\build\src\src\hotspot\share\prims\jni.cpp, line 516]
Event: 0.597 Thread 0x000001d6f26b3d10 Exception <a 'java/lang/NoSuchMethodError'{0x00000007130d2920}: 'int java.lang.invoke.DirectMethodHandle$Holder.invokeStaticInit(java.lang.Object, java.lang.Object, int, long)'> (0x00000007130d2920) 
thrown [e:\jenkins\tmp\workspace\build\src\src\hotspot\share\interpreter\linkResolver.cpp, line 766]
Event: 0.597 Thread 0x000001d6f26b3d10 Exception <a 'java/lang/NoSuchMethodError'{0x00000007130d8208}: 'java.lang.Object java.lang.invoke.DirectMethodHandle$Holder.newInvokeSpecial(java.lang.Object, java.lang.Object, int)'> (0x00000007130d8208) 
thrown [e:\jenkins\tmp\workspace\build\src\src\hotspot\share\interpreter\linkResolver.cpp, line 766]
Event: 0.598 Thread 0x000001d6f26b3d10 Exception <a 'java/lang/NoSuchMethodError'{0x00000007130e6d50}: 'int java.lang.invoke.DirectMethodHandle$Holder.invokeStaticInit(java.lang.Object, java.lang.Object, long, long)'> (0x00000007130e6d50) 
thrown [e:\jenkins\tmp\workspace\build\src\src\hotspot\share\interpreter\linkResolver.cpp, line 766]
Event: 0.598 Thread 0x000001d6f26b3d10 Exception <a 'java/lang/NoSuchMethodError'{0x00000007130eca00}: 'java.lang.Object java.lang.invoke.DirectMethodHandle$Holder.newInvokeSpecial(java.lang.Object, java.lang.Object, long)'> (0x00000007130eca00) 
thrown [e:\jenkins\tmp\workspace\build\src\src\hotspot\share\interpreter\linkResolver.cpp, line 766]
Event: 0.598 Thread 0x000001d6f26b3d10 Exception <a 'java/lang/NoSuchMethodError'{0x00000007130f02c8}: 'java.lang.Object java.lang.invoke.Invokers$Holder.linkToTargetMethod(java.lang.Object, long, java.lang.Object)'> (0x00000007130f02c8) 
thrown [e:\jenkins\tmp\workspace\build\src\src\hotspot\share\interpreter\linkResolver.cpp, line 766]
Event: 0.598 Thread 0x000001d6f26b3d10 Exception <a 'java/lang/NoSuchMethodError'{0x00000007130f78c8}: 'int java.lang.invoke.DirectMethodHandle$Holder.invokeStaticInit(java.lang.Object, java.lang.Object, java.lang.Object, long)'> (0x00000007130f78c8) 
thrown [e:\jenkins\tmp\workspace\build\src\src\hotspot\share\interpreter\linkResolver.cpp, line 766]
Event: 23.274 Thread 0x000001d698e88e70 Exception <a 'sun/nio/fs/WindowsException'{0x0000000712818ce8}> (0x0000000712818ce8) 
thrown [e:\jenkins\tmp\workspace\build\src\src\hotspot\share\prims\jni.cpp, line 516]
Event: 23.274 Thread 0x000001d698e88e70 Exception <a 'sun/nio/fs/WindowsException'{0x0000000712819040}> (0x0000000712819040) 
thrown [e:\jenkins\tmp\workspace\build\src\src\hotspot\share\prims\jni.cpp, line 516]
Event: 23.389 Thread 0x000001d698e88e70 Exception <a 'sun/nio/fs/WindowsException'{0x00000007128a2840}> (0x00000007128a2840) 
thrown [e:\jenkins\tmp\workspace\build\src\src\hotspot\share\prims\jni.cpp, line 516]
Event: 23.389 Thread 0x000001d698e88e70 Exception <a 'sun/nio/fs/WindowsException'{0x00000007128a2bd0}> (0x00000007128a2bd0) 
thrown [e:\jenkins\tmp\workspace\build\src\src\hotspot\share\prims\jni.cpp, line 516]
Event: 23.391 Thread 0x000001d698e88e70 Exception <a 'sun/nio/fs/WindowsException'{0x00000007128ad218}> (0x00000007128ad218) 
thrown [e:\jenkins\tmp\workspace\build\src\src\hotspot\share\prims\jni.cpp, line 516]
Event: 23.391 Thread 0x000001d698e88e70 Exception <a 'sun/nio/fs/WindowsException'{0x00000007128ad4e8}> (0x00000007128ad4e8) 
thrown [e:\jenkins\tmp\workspace\build\src\src\hotspot\share\prims\jni.cpp, line 516]

VM Operations (20 events):
Event: 31.189 Executing VM operation: Cleanup
Event: 31.189 Executing VM operation: Cleanup done
Event: 32.194 Executing VM operation: Cleanup
Event: 32.194 Executing VM operation: Cleanup done
Event: 33.201 Executing VM operation: Cleanup
Event: 33.201 Executing VM operation: Cleanup done
Event: 38.240 Executing VM operation: Cleanup
Event: 38.240 Executing VM operation: Cleanup done
Event: 39.248 Executing VM operation: Cleanup
Event: 39.248 Executing VM operation: Cleanup done
Event: 40.250 Executing VM operation: Cleanup
Event: 40.250 Executing VM operation: Cleanup done
Event: 41.258 Executing VM operation: Cleanup
Event: 41.258 Executing VM operation: Cleanup done
Event: 43.261 Executing VM operation: Cleanup
Event: 43.261 Executing VM operation: Cleanup done
Event: 44.263 Executing VM operation: Cleanup
Event: 44.263 Executing VM operation: Cleanup done
Event: 45.268 Executing VM operation: Cleanup
Event: 45.268 Executing VM operation: Cleanup done

Events (20 events):
Event: 25.796 Thread 0x000001d698e12380 Thread exited: 0x000001d698e12380
Event: 26.303 Thread 0x000001d698e12da0 Thread exited: 0x000001d698e12da0
Event: 32.542 Thread 0x000001d698e88e70 Thread exited: 0x000001d698e88e70
Event: 41.324 loading class java/awt/KeyboardFocusManager$4
Event: 41.324 loading class java/awt/KeyboardFocusManager$4 done
Event: 41.325 loading class javax/swing/text/JTextComponent$InputMethodRequestsHandler
Event: 41.325 loading class javax/swing/text/JTextComponent$InputMethodRequestsHandler done
Event: 41.326 loading class javax/swing/TimerQueue
Event: 41.326 loading class javax/swing/TimerQueue done
Event: 41.326 loading class java/util/concurrent/DelayQueue
Event: 41.326 loading class java/util/concurrent/DelayQueue done
Event: 41.326 loading class java/util/PriorityQueue
Event: 41.326 loading class java/util/PriorityQueue done
Event: 41.327 Thread 0x000001d698e86320 Thread added: 0x000001d698e86320
Event: 41.327 loading class javax/swing/TimerQueue$DelayedTimer
Event: 41.327 loading class javax/swing/TimerQueue$DelayedTimer done
Event: 42.414 Thread 0x000001d698e12380 Thread added: 0x000001d698e12380
Event: 43.435 Thread 0x000001d698e141e0 Thread added: 0x000001d698e141e0
Event: 44.456 Thread 0x000001d698e141e0 Thread exited: 0x000001d698e141e0
Event: 47.178 Thread 0x000001d698e83300 Thread added: 0x000001d698e83300


Dynamic libraries:
0x00007ff6c3f80000 - 0x00007ff6c3f8e000 	C:\Program Files\Eclipse Adoptium\jdk-17.0.3.7-hotspot\bin\java.exe
0x00007ffca7af0000 - 0x00007ffca7d06000 	C:\WINDOWS\SYSTEM32\ntdll.dll
0x00007ffca6120000 - 0x00007ffca61e4000 	C:\WINDOWS\System32\KERNEL32.DLL
0x00007ffca5130000 - 0x00007ffca54d6000 	C:\WINDOWS\System32\KERNELBASE.dll
0x00007ffca5630000 - 0x00007ffca5741000 	C:\WINDOWS\System32\ucrtbase.dll
0x00007ffca1930000 - 0x00007ffca1948000 	C:\Program Files\Eclipse Adoptium\jdk-17.0.3.7-hotspot\bin\jli.dll
0x00007ffc912f0000 - 0x00007ffc91309000 	C:\Program Files\Eclipse Adoptium\jdk-17.0.3.7-hotspot\bin\VCRUNTIME140.dll
0x00007ffca6b70000 - 0x00007ffca6d1d000 	C:\WINDOWS\System32\USER32.dll
0x00007ffc92770000 - 0x00007ffc92a03000 	C:\WINDOWS\WinSxS\amd64_microsoft.windows.common-controls_6595b64144ccf1df_6.0.22621.3235_none_270f74e173860f98\COMCTL32.dll
0x00007ffca5600000 - 0x00007ffca5626000 	C:\WINDOWS\System32\win32u.dll
0x00007ffca5f60000 - 0x00007ffca6007000 	C:\WINDOWS\System32\msvcrt.dll
0x00007ffca5a50000 - 0x00007ffca5a79000 	C:\WINDOWS\System32\GDI32.dll
0x00007ffca54e0000 - 0x00007ffca55f8000 	C:\WINDOWS\System32\gdi32full.dll
0x00007ffca5090000 - 0x00007ffca512a000 	C:\WINDOWS\System32\msvcp_win.dll
0x00007ffca73f0000 - 0x00007ffca7421000 	C:\WINDOWS\System32\IMM32.DLL
0x00007ffc912e0000 - 0x00007ffc912ec000 	C:\Program Files\Eclipse Adoptium\jdk-17.0.3.7-hotspot\bin\vcruntime140_1.dll
0x00007ffc479d0000 - 0x00007ffc47a61000 	C:\Program Files\Eclipse Adoptium\jdk-17.0.3.7-hotspot\bin\msvcp140.dll
0x00007ffbf6930000 - 0x00007ffbf7578000 	C:\Program Files\Eclipse Adoptium\jdk-17.0.3.7-hotspot\bin\server\jvm.dll
0x00007ffca6ab0000 - 0x00007ffca6b62000 	C:\WINDOWS\System32\ADVAPI32.dll
0x00007ffca7340000 - 0x00007ffca73e8000 	C:\WINDOWS\System32\sechost.dll
0x00007ffca4fa0000 - 0x00007ffca4fc8000 	C:\WINDOWS\System32\bcrypt.dll
0x00007ffca7140000 - 0x00007ffca7255000 	C:\WINDOWS\System32\RPCRT4.dll
0x00007ffca6ed0000 - 0x00007ffca6ed8000 	C:\WINDOWS\System32\PSAPI.DLL
0x00007ffca0230000 - 0x00007ffca0239000 	C:\WINDOWS\SYSTEM32\WSOCK32.dll
0x00007ffc9fd50000 - 0x00007ffc9fd5a000 	C:\WINDOWS\SYSTEM32\VERSION.dll
0x00007ffc9e100000 - 0x00007ffc9e134000 	C:\WINDOWS\SYSTEM32\WINMM.dll
0x00007ffca60a0000 - 0x00007ffca6111000 	C:\WINDOWS\System32\WS2_32.dll
0x00007ffca3f20000 - 0x00007ffca3f38000 	C:\WINDOWS\SYSTEM32\kernel.appcore.dll
0x00007ffc912d0000 - 0x00007ffc912da000 	C:\Program Files\Eclipse Adoptium\jdk-17.0.3.7-hotspot\bin\jimage.dll
0x00007ffc97740000 - 0x00007ffc97973000 	C:\WINDOWS\SYSTEM32\DBGHELP.DLL
0x00007ffca7440000 - 0x00007ffca77c8000 	C:\WINDOWS\System32\combase.dll
0x00007ffca7260000 - 0x00007ffca7337000 	C:\WINDOWS\System32\OLEAUT32.dll
0x00007ffc8e820000 - 0x00007ffc8e852000 	C:\WINDOWS\SYSTEM32\dbgcore.DLL
0x00007ffca57c0000 - 0x00007ffca583a000 	C:\WINDOWS\System32\bcryptPrimitives.dll
0x00007ffc91250000 - 0x00007ffc9125e000 	C:\Program Files\Eclipse Adoptium\jdk-17.0.3.7-hotspot\bin\instrument.dll
0x00007ffc912a0000 - 0x00007ffc912c5000 	C:\Program Files\Eclipse Adoptium\jdk-17.0.3.7-hotspot\bin\java.dll
0x00007ffc478f0000 - 0x00007ffc479c6000 	C:\Program Files\Eclipse Adoptium\jdk-17.0.3.7-hotspot\bin\jsvml.dll
0x00007ffca6250000 - 0x00007ffca6aad000 	C:\WINDOWS\System32\SHELL32.dll
0x00007ffca2d50000 - 0x00007ffca3648000 	C:\WINDOWS\SYSTEM32\windows.storage.dll
0x00007ffca2c10000 - 0x00007ffca2d4e000 	C:\WINDOWS\SYSTEM32\wintypes.dll
0x00007ffca5950000 - 0x00007ffca5a43000 	C:\WINDOWS\System32\SHCORE.dll
0x00007ffca61f0000 - 0x00007ffca624e000 	C:\WINDOWS\System32\shlwapi.dll
0x00007ffca4d60000 - 0x00007ffca4d86000 	C:\WINDOWS\SYSTEM32\profapi.dll
0x00007ffc910f0000 - 0x00007ffc91108000 	C:\Program Files\Eclipse Adoptium\jdk-17.0.3.7-hotspot\bin\zip.dll
0x00007ffc91280000 - 0x00007ffc91299000 	C:\Program Files\Eclipse Adoptium\jdk-17.0.3.7-hotspot\bin\net.dll
0x00007ffc9fa60000 - 0x00007ffc9fb97000 	C:\WINDOWS\SYSTEM32\WINHTTP.dll
0x00007ffca4390000 - 0x00007ffca43f9000 	C:\WINDOWS\system32\mswsock.dll
0x00007ffc91260000 - 0x00007ffc91275000 	C:\Program Files\Eclipse Adoptium\jdk-17.0.3.7-hotspot\bin\nio.dll
0x00007ffc910d0000 - 0x00007ffc910ea000 	C:\Program Files\JetBrains\IntelliJ IDEA 2023.3.1\bin\breakgen64.dll
0x00007ffc910c0000 - 0x00007ffc910c9000 	C:\Program Files\Eclipse Adoptium\jdk-17.0.3.7-hotspot\bin\management.dll
0x00007ffc910b0000 - 0x00007ffc910bb000 	C:\Program Files\Eclipse Adoptium\jdk-17.0.3.7-hotspot\bin\management_ext.dll
0x00007ffca45e0000 - 0x00007ffca45fb000 	C:\WINDOWS\SYSTEM32\CRYPTSP.dll
0x00007ffca3e80000 - 0x00007ffca3eb5000 	C:\WINDOWS\system32\rsaenh.dll
0x00007ffca4430000 - 0x00007ffca445c000 	C:\WINDOWS\SYSTEM32\USERENV.dll
0x00007ffca45a0000 - 0x00007ffca45ac000 	C:\WINDOWS\SYSTEM32\CRYPTBASE.dll
0x00007ffca3920000 - 0x00007ffca394d000 	C:\WINDOWS\SYSTEM32\IPHLPAPI.DLL
0x00007ffca6d20000 - 0x00007ffca6d29000 	C:\WINDOWS\System32\NSI.dll
0x00007ffc9f8f0000 - 0x00007ffc9f909000 	C:\WINDOWS\SYSTEM32\dhcpcsvc6.DLL
0x00007ffc9f880000 - 0x00007ffc9f89f000 	C:\WINDOWS\SYSTEM32\dhcpcsvc.DLL
0x00007ffca3950000 - 0x00007ffca3a49000 	C:\WINDOWS\SYSTEM32\DNSAPI.dll
0x00007ffc9bee0000 - 0x00007ffc9beea000 	C:\Windows\System32\rasadhlp.dll
0x00007ffc9e140000 - 0x00007ffc9e1c3000 	C:\WINDOWS\System32\fwpuclnt.dll
0x00007ffc910a0000 - 0x00007ffc910ae000 	C:\Program Files\Eclipse Adoptium\jdk-17.0.3.7-hotspot\bin\sunmscapi.dll
0x00007ffca4e30000 - 0x00007ffca4f96000 	C:\WINDOWS\System32\CRYPT32.dll
0x00007ffca47f0000 - 0x00007ffca481e000 	C:\WINDOWS\SYSTEM32\ncrypt.dll
0x00007ffca47b0000 - 0x00007ffca47e7000 	C:\WINDOWS\SYSTEM32\NTASN1.dll
0x00007ffc27fa0000 - 0x00007ffc27fa8000 	C:\WINDOWS\system32\wshunix.dll
0x00007ffbf5eb0000 - 0x00007ffbf603e000 	C:\Program Files\Eclipse Adoptium\jdk-17.0.3.7-hotspot\bin\awt.dll
0x00007ffca2090000 - 0x00007ffca2127000 	C:\WINDOWS\SYSTEM32\apphelp.dll
0x00007ffca2410000 - 0x00007ffca243b000 	C:\WINDOWS\system32\DWMAPI.DLL
0x00007ffca2190000 - 0x00007ffca223b000 	C:\WINDOWS\system32\uxtheme.dll
0x00007ffc2f2a0000 - 0x00007ffc2f3a0000 	C:\WINDOWS\system32\opengl32.dll
0x00007ffc91070000 - 0x00007ffc9109d000 	C:\WINDOWS\SYSTEM32\GLU32.dll
0x00007ffca2480000 - 0x00007ffca24b9000 	C:\WINDOWS\SYSTEM32\dxcore.dll
0x00007ffca6fe0000 - 0x00007ffca7134000 	C:\WINDOWS\System32\MSCTF.dll
0x00007ffca6d30000 - 0x00007ffca6ecf000 	C:\WINDOWS\System32\ole32.dll
0x00007ffc99c30000 - 0x00007ffc99dd9000 	C:\WINDOWS\system32\d3d9.dll
0x00007ffc9a620000 - 0x00007ffc9a6d0000 	C:\WINDOWS\System32\DriverStore\FileRepository\nv_dispig.inf_amd64_647b4244e991951b\nvldumdx.dll
0x00007ffca4790000 - 0x00007ffca47a2000 	C:\WINDOWS\SYSTEM32\msasn1.dll
0x00007ffc9bdc0000 - 0x00007ffc9bdf2000 	C:\WINDOWS\SYSTEM32\cryptnet.dll
0x00007ffc9b9e0000 - 0x00007ffc9bb38000 	C:\WINDOWS\SYSTEM32\drvstore.dll
0x00007ffca4af0000 - 0x00007ffca4b1c000 	C:\WINDOWS\SYSTEM32\devobj.dll
0x00007ffca4b20000 - 0x00007ffca4b6e000 	C:\WINDOWS\SYSTEM32\cfgmgr32.dll
0x00007ffca46c0000 - 0x00007ffca470b000 	C:\WINDOWS\SYSTEM32\wldp.dll
0x00007ffca5750000 - 0x00007ffca57bb000 	C:\WINDOWS\System32\WINTRUST.DLL
0x00007ffca77d0000 - 0x00007ffca77ef000 	C:\WINDOWS\System32\imagehlp.dll
0x00007ffc2c220000 - 0x00007ffc2d9a8000 	C:\WINDOWS\System32\DriverStore\FileRepository\nv_dispig.inf_amd64_647b4244e991951b\nvd3dumx.dll
0x00007ffc9ec10000 - 0x00007ffc9ec5a000 	C:\WINDOWS\SYSTEM32\directxdatabasehelper.dll
0x00007ffc67880000 - 0x00007ffc67b51000 	C:\WINDOWS\system32\nvspcap64.dll
0x00007ffca3f40000 - 0x00007ffca3f74000 	C:\WINDOWS\SYSTEM32\ntmarta.dll
0x00007ffca4400000 - 0x00007ffca4426000 	C:\WINDOWS\SYSTEM32\gpapi.dll
0x00007ffc2f6f0000 - 0x00007ffc2f779000 	C:\Program Files\Eclipse Adoptium\jdk-17.0.3.7-hotspot\bin\freetype.dll
0x00007ffc25ae0000 - 0x00007ffc25b88000 	C:\Program Files\Eclipse Adoptium\jdk-17.0.3.7-hotspot\bin\fontmanager.dll
0x00007ffca5840000 - 0x00007ffca58f0000 	C:\WINDOWS\System32\clbcatq.dll
0x00007ffca09b0000 - 0x00007ffca0b60000 	C:\WINDOWS\SYSTEM32\WindowsCodecs.dll
0x00007ffc777a0000 - 0x00007ffc777fe000 	C:\WINDOWS\system32\dataexchange.dll
0x00007ffc9b2e0000 - 0x00007ffc9b56f000 	C:\WINDOWS\system32\twinapi.appcore.dll
0x00007ffc91760000 - 0x00007ffc918aa000 	C:\WINDOWS\SYSTEM32\textinputframework.dll
0x00007ffc72ed0000 - 0x00007ffc72f4b000 	C:\Users\NOWY\AppData\Local\Temp\lwjgl_NOWY\3.3.3+5\x64\lwjgl.dll
0x00007ffca1da0000 - 0x00007ffca1ed4000 	C:\WINDOWS\SYSTEM32\CoreMessaging.dll
0x00007ffc9dd60000 - 0x00007ffc9e0cc000 	C:\WINDOWS\SYSTEM32\CoreUIComponents.dll
0x00007ffc2e670000 - 0x00007ffc2e6f2000 	C:\Users\NOWY\AppData\Local\Temp\lwjgl_NOWY\3.3.3+5\x64\glfw.dll
0x00007ffc90500000 - 0x00007ffc90546000 	C:\WINDOWS\SYSTEM32\dinput8.dll
0x00007ffc90bc0000 - 0x00007ffc90bd1000 	C:\WINDOWS\SYSTEM32\xinput1_4.dll
0x00007ffc90710000 - 0x00007ffc9091a000 	C:\WINDOWS\SYSTEM32\inputhost.dll
0x00007ffc9bc80000 - 0x00007ffc9bdb5000 	C:\Windows\System32\AppXDeploymentClient.dll
0x00007ffbedf60000 - 0x00007ffbf0f88000 	C:\WINDOWS\System32\DriverStore\FileRepository\nv_dispig.inf_amd64_647b4244e991951b\nvoglv64.dll
0x00007ffca5ae0000 - 0x00007ffca5f54000 	C:\WINDOWS\System32\SETUPAPI.dll
0x00007ffca3cd0000 - 0x00007ffca3ce4000 	C:\WINDOWS\SYSTEM32\WTSAPI32.dll
0x00007ffca3c80000 - 0x00007ffca3ccd000 	C:\WINDOWS\SYSTEM32\powrprof.dll
0x00007ffca3c60000 - 0x00007ffca3c73000 	C:\WINDOWS\SYSTEM32\UMPDC.dll
0x00007ffca38a0000 - 0x00007ffca3906000 	C:\WINDOWS\SYSTEM32\WINSTA.dll
0x00007ffc32b30000 - 0x00007ffc32b8e000 	C:\Users\NOWY\AppData\Local\Temp\lwjgl_NOWY\3.3.3+5\x64\lwjgl_opengl.dll

dbghelp: loaded successfully - version: 4.0.5 - missing functions: none
symbol engine: initialized successfully - sym options: 0x614 - pdb path: .;C:\Program Files\Eclipse Adoptium\jdk-17.0.3.7-hotspot\bin;C:\WINDOWS\SYSTEM32;C:\WINDOWS\WinSxS\amd64_microsoft.windows.common-controls_6595b64144ccf1df_6.0.22621.3235_none_270f74e173860f98;C:\Program Files\Eclipse Adoptium\jdk-17.0.3.7-hotspot\bin\server;C:\Program Files\JetBrains\IntelliJ IDEA 2023.3.1\bin;C:\WINDOWS\System32\DriverStore\FileRepository\nv_dispig.inf_amd64_647b4244e991951b;C:\Users\NOWY\AppData\Local\Temp\lwjgl_NOWY\3.3.3+5\x64

VM Arguments:
jvm_args: -javaagent:C:\Program Files\JetBrains\IntelliJ IDEA 2023.3.1\lib\idea_rt.jar=54845:C:\Program Files\JetBrains\IntelliJ IDEA 2023.3.1\bin -Dfile.encoding=UTF-8 
java_command: Client.Main --stacktrace --info
java_class_path (initial): C:\Users\NOWY\IdeaProjects\ping_pong\out\production\classes;C:\Users\NOWY\.gradle\caches\modules-2\files-2.1\org.glassfish.tyrus\tyrus-container-grizzly-server\2.1.5\ecb31da1532856cb63a4aa731e82a78f9a138392\tyrus-container-grizzly-server-2.1.5.jar;C:\Users\NOWY\.gradle\caches\modules-2\files-2.1\org.glassfish.tyrus\tyrus-server\2.1.5\10c6822ef2a096d16d32ae2abc4dd4489f689d7d\tyrus-server-2.1.5.jar;C:\Users\NOWY\.gradle\caches\modules-2\files-2.1\com.diogonunes\JColor\5.5.1\2421e902077e3845c8e93867d3e1ff4e94f7bcc5\JColor-5.5.1.jar;C:\Users\NOWY\.gradle\caches\modules-2\files-2.1\com.google.code.gson\gson\2.10.1\b3add478d4382b78ea20b1671390a858002feb6c\gson-2.10.1.jar;C:\Users\NOWY\.gradle\caches\modules-2\files-2.1\jakarta.websocket\jakarta.websocket-client-api\2.2.0-M1\747367f16f139454685dcae1f87104e86d5753c2\jakarta.websocket-client-api-2.2.0-M1.jar;C:\Users\NOWY\.gradle\caches\modules-2\files-2.1\org.eclipse.jetty.websocket\javax-websocket-server-impl\9.4.54.v20240208\6ae2862606632ec0cc48492c6a8c61888e2508d7\javax-websocket-server-impl-9.4.54.v20240208.jar;C:\Users\NOWY\.gradle\caches\modules-2\files-2.1\org.glassfish.tyrus.bundles\tyrus-standalone-client\2.1.5\2d7664a72b684fff105c54abaacdad53e62e441d\tyrus-standalone-client-2.1.5.jar;C:\Users\NOWY\.gradle\caches\modules-2\files-2.1\org.lwjgl\lwjgl-assimp\3.3.3\c2c34011cbda30ed8cf98bc5cbf97b49afe5279a\lwjgl-assimp-3.3.3.jar;C:\Users\NOWY\.gradle\caches\modules-2\files-2.1\org.lwjgl\lwjgl-glfw\3.3.3\efa1eb78c5ccd840e9f329717109b5e892d72f8e\lwjgl-glfw-3.3.3.jar;C:\Users\NOWY\.gradle\caches\modules-2\files-2.1\org.lwjgl\lwjgl-openal\3.3.3\daada81ceb5fc0c291fbfdd4433cb8d9423577f2\lwjgl-openal-3.3.3.jar;C:\Users\NOWY\.gradle\caches\modules-2\files-2.1\org.lwjgl\lwjgl-opengl\3.3.3\2f6b0147078396a58979125a4c947664e98293a\lwjgl-opengl-3.3.3.jar;C:\Users\NOWY\.gradle\caches\modules-2\files-2.1\org.lwjgl\lwjgl-stb\3.3.3\25dd6161988d7e65f71d5065c99902402ee32746\lwjgl-stb-3.3.3.jar;C:\Users\NOWY\.g
Launcher Type: SUN_STANDARD

[Global flags]
     intx CICompilerCount                          = 12                                        {product} {ergonomic}
     uint ConcGCThreads                            = 4                                         {product} {ergonomic}
     uint G1ConcRefinementThreads                  = 15                                        {product} {ergonomic}
   size_t G1HeapRegionSize                         = 2097152                                   {product} {ergonomic}
    uintx GCDrainStackTargetSize                   = 64                                        {product} {ergonomic}
   size_t InitialHeapSize                          = 266338304                                 {product} {ergonomic}
   size_t MarkStackSize                            = 4194304                                   {product} {ergonomic}
   size_t MaxHeapSize                              = 4236247040                                {product} {ergonomic}
   size_t MaxNewSize                               = 2541748224                                {product} {ergonomic}
   size_t MinHeapDeltaBytes                        = 2097152                                   {product} {ergonomic}
   size_t MinHeapSize                              = 8388608                                   {product} {ergonomic}
    uintx NonNMethodCodeHeapSize                   = 7602480                                {pd product} {ergonomic}
    uintx NonProfiledCodeHeapSize                  = 122027880                              {pd product} {ergonomic}
    uintx ProfiledCodeHeapSize                     = 122027880                              {pd product} {ergonomic}
    uintx ReservedCodeCacheSize                    = 251658240                              {pd product} {ergonomic}
     bool SegmentedCodeCache                       = true                                      {product} {ergonomic}
   size_t SoftMaxHeapSize                          = 4236247040                             {manageable} {ergonomic}
     bool UseCompressedClassPointers               = true                           {product lp64_product} {ergonomic}
     bool UseCompressedOops                        = true                           {product lp64_product} {ergonomic}
     bool UseG1GC                                  = true                                      {product} {ergonomic}
     bool UseLargePagesIndividualAllocation        = false                                  {pd product} {ergonomic}

Logging:
Log output configuration:
 #0: stdout all=warning uptime,level,tags
 #1: stderr all=off uptime,level,tags

Environment Variables:
PATH=C:\Program Files\Common Files\Oracle\Java\javapath;C:\Program Files (x86)\Common Files\Oracle\Java\javapath;C:\Program Files\Eclipse Adoptium\jdk-17.0.3.7-hotspot\bin;C:\Windows\system32;C:\Windows;C:\Windows\System32\Wbem;C:\Windows\System32\WindowsPowerShell\v1.0\;C:\Windows\System32\OpenSSH\;C:\Program Files (x86)\NVIDIA Corporation\PhysX\Common;C:\Program Files\NVIDIA Corporation\NVIDIA NvDLISR;C:\Program Files\Git\cmd;C:\Users\NOWY\AppData\Roaming\nvm;C:\Program Files\nodejs;C:\WINDOWS\system32;C:\WINDOWS;C:\WINDOWS\System32\Wbem;C:\WINDOWS\System32\WindowsPowerShell\v1.0\;C:\WINDOWS\System32\OpenSSH\;C:\Program Files\PuTTY\;C:\Program Files (x86)\QuickTime\QTSystem\;C:\Program Files\WorldPainter;C:\Program Files\Git LFS;C:\Program Files\MongoDB\Tools\100\bin;C:\Program Files\MongoDB\server\6.0\bin;C:\Users\NOWY\.cargo\bin;C:\Users\NOWY\AppData\Local\Programs\Python\Python310\Scripts\;C:\Users\NOWY\AppData\Local\Programs\Python\Python310\;C:\Users\NOWY\AppData\Local\Microsoft\WindowsApps;C:\Users\NOWY\AppData\Local\Programs\Microsoft VS Code\bin;C:\Users\NOWY\AppData\Roaming\nvm;C:\Users\NOWY\.deno\bin;C:\Program Files\heroku\bin;C:\Users\NOWY\AppData\Local\Microsoft\WindowsApps;C:\Users\NOWY\AppData\Local\Microsoft\WinGet\Packages\Gyan.FFmpeg_Microsoft.Winget.Source_8wekyb3d8bbwe;C:\ffmpeg\bin;C:\Program Files (x86)\BrowserStackLocal\;C:\Users\NOWY\AppData\Local\Google\Cloud SDK\google-cloud-sdk\bin;C:\Users\NOWY\AppData\Roaming\nvm;C:\Program Files\nodejs;C:\Program Files\mongosh\;C:\Users\NOWY\programy;
USERNAME=NOWY
OS=Windows_NT
PROCESSOR_IDENTIFIER=Intel64 Family 6 Model 151 Stepping 2, GenuineIntel



---------------  S Y S T E M  ---------------

OS:
 Windows 11 , 64 bit Build 22621 (10.0.22621.3235)
OS uptime: 0 days 7:46 hours
Hyper-V role detected

CPU: total 20 (initial active 20) (10 cores per cpu, 2 threads per core) family 6 model 151 stepping 2 microcode 0x1a, cx8, cmov, fxsr, ht, mmx, 3dnowpref, sse, sse2, sse3, ssse3, sse4.1, sse4.2, popcnt, lzcnt, tsc, tscinvbit, avx, avx2, aes, erms, clmul, bmi1, bmi2, adx, sha, fma, vzeroupper, clflush, clflushopt, clwb, hv

Memory: 4k page, system-wide physical 16157M (5658M free)
TotalPageFile size 29469M (AvailPageFile size 10834M)
current process WorkingSet (physical memory assigned to process): 173M, peak: 174M
current process commit charge ("private bytes"): 507M, peak: 512M

vm_info: OpenJDK 64-Bit Server VM (17.0.3+7) for windows-amd64 JRE (17.0.3+7), built on Apr 19 2022 16:55:35 by "" with MS VC++ 16.7 (VS2019)

END.
